{"C:\\Users\\rahul\\Proj\\solisteo-rahul\\frontend\\app\\layout.tsx": {"path":"C:\\Users\\rahul\\Proj\\solisteo-rahul\\frontend\\app\\layout.tsx","statementMap":{"0":{"start":{"line":17,"column":24},"end":{"line":17,"column":35}},"1":{"start":{"line":12,"column":13},"end":{"line":12,"column":21}},"2":{"start":{"line":1,"column":18},"end":{"line":1,"column":null}},"3":{"start":{"line":2,"column":22},"end":{"line":2,"column":null}},"4":{"start":{"line":3,"column":7},"end":{"line":3,"column":null}},"5":{"start":{"line":4,"column":29},"end":{"line":4,"column":null}},"6":{"start":{"line":5,"column":30},"end":{"line":5,"column":null}},"7":{"start":{"line":6,"column":24},"end":{"line":6,"column":null}},"8":{"start":{"line":7,"column":30},"end":{"line":7,"column":null}},"9":{"start":{"line":8,"column":29},"end":{"line":8,"column":null}},"10":{"start":{"line":10,"column":14},"end":{"line":10,"column":null}},"11":{"start":{"line":12,"column":24},"end":{"line":15,"column":null}}},"fnMap":{"0":{"name":"RootLayout","decl":{"start":{"line":17,"column":24},"end":{"line":17,"column":35}},"loc":{"start":{"line":17,"column":78},"end":{"line":32,"column":1}}}},"branchMap":{},"s":{"0":0,"1":0,"2":0,"3":0,"4":0,"5":0,"6":0,"7":0,"8":0,"9":0,"10":0,"11":0},"f":{"0":0},"b":{}}
,"C:\\Users\\rahul\\Proj\\solisteo-rahul\\frontend\\app\\not-found.tsx": {"path":"C:\\Users\\rahul\\Proj\\solisteo-rahul\\frontend\\app\\not-found.tsx","statementMap":{"0":{"start":{"line":8,"column":24},"end":{"line":8,"column":null}},"1":{"start":{"line":3,"column":17},"end":{"line":3,"column":null}},"2":{"start":{"line":4,"column":23},"end":{"line":4,"column":null}},"3":{"start":{"line":5,"column":23},"end":{"line":5,"column":null}},"4":{"start":{"line":6,"column":32},"end":{"line":6,"column":null}},"5":{"start":{"line":31,"column":51},"end":{"line":31,"column":null}}},"fnMap":{"0":{"name":"NotFound","decl":{"start":{"line":8,"column":24},"end":{"line":8,"column":null}},"loc":{"start":{"line":8,"column":24},"end":{"line":39,"column":null}}},"1":{"name":"(anonymous_3)","decl":{"start":{"line":31,"column":45},"end":{"line":31,"column":51}},"loc":{"start":{"line":31,"column":51},"end":{"line":31,"column":null}}}},"branchMap":{},"s":{"0":0,"1":0,"2":0,"3":0,"4":0,"5":0},"f":{"0":0,"1":0},"b":{}}
,"C:\\Users\\rahul\\Proj\\solisteo-rahul\\frontend\\app\\page.tsx": {"path":"C:\\Users\\rahul\\Proj\\solisteo-rahul\\frontend\\app\\page.tsx","statementMap":{"0":{"start":{"line":12,"column":24},"end":{"line":12,"column":null}},"1":{"start":{"line":3,"column":18},"end":{"line":3,"column":null}},"2":{"start":{"line":4,"column":17},"end":{"line":4,"column":null}},"3":{"start":{"line":5,"column":59},"end":{"line":5,"column":null}},"4":{"start":{"line":6,"column":44},"end":{"line":6,"column":null}},"5":{"start":{"line":7,"column":29},"end":{"line":7,"column":null}},"6":{"start":{"line":8,"column":21},"end":{"line":8,"column":null}},"7":{"start":{"line":9,"column":49},"end":{"line":9,"column":null}},"8":{"start":{"line":13,"column":18},"end":{"line":13,"column":null}},"9":{"start":{"line":14,"column":30},"end":{"line":14,"column":null}},"10":{"start":{"line":15,"column":18},"end":{"line":15,"column":null}},"11":{"start":{"line":149,"column":21},"end":{"line":151,"column":null}},"12":{"start":{"line":154,"column":18},"end":{"line":161,"column":null}},"13":{"start":{"line":163,"column":21},"end":{"line":163,"column":null}},"14":{"start":{"line":164,"column":19},"end":{"line":164,"column":null}},"15":{"start":{"line":167,"column":16},"end":{"line":171,"column":null}},"16":{"start":{"line":199,"column":12},"end":{"line":200,"column":null}},"17":{"start":{"line":224,"column":21},"end":{"line":224,"column":null}},"18":{"start":{"line":225,"column":19},"end":{"line":225,"column":null}},"19":{"start":{"line":228,"column":16},"end":{"line":232,"column":null}},"20":{"start":{"line":281,"column":21},"end":{"line":281,"column":null}},"21":{"start":{"line":282,"column":19},"end":{"line":282,"column":null}},"22":{"start":{"line":284,"column":19},"end":{"line":289,"column":null}},"23":{"start":{"line":297,"column":12},"end":{"line":298,"column":null}},"24":{"start":{"line":323,"column":21},"end":{"line":323,"column":null}},"25":{"start":{"line":324,"column":19},"end":{"line":324,"column":null}},"26":{"start":{"line":325,"column":50},"end":{"line":325,"column":null}},"27":{"start":{"line":326,"column":28},"end":{"line":326,"column":null}},"28":{"start":{"line":327,"column":32},"end":{"line":327,"column":null}},"29":{"start":{"line":329,"column":2},"end":{"line":362,"column":null}},"30":{"start":{"line":330,"column":23},"end":{"line":359,"column":null}},"31":{"start":{"line":331,"column":6},"end":{"line":358,"column":null}},"32":{"start":{"line":333,"column":25},"end":{"line":333,"column":null}},"33":{"start":{"line":334,"column":30},"end":{"line":334,"column":null}},"34":{"start":{"line":337,"column":33},"end":{"line":343,"column":null}},"35":{"start":{"line":337,"column":79},"end":{"line":343,"column":null}},"36":{"start":{"line":345,"column":8},"end":{"line":345,"column":null}},"37":{"start":{"line":347,"column":8},"end":{"line":347,"column":null}},"38":{"start":{"line":349,"column":8},"end":{"line":355,"column":null}},"39":{"start":{"line":357,"column":8},"end":{"line":357,"column":null}},"40":{"start":{"line":361,"column":4},"end":{"line":361,"column":null}},"41":{"start":{"line":384,"column":12},"end":{"line":385,"column":null}},"42":{"start":{"line":408,"column":18},"end":{"line":408,"column":33}},"43":{"start":{"line":415,"column":31},"end":{"line":415,"column":null}},"44":{"start":{"line":432,"column":25},"end":{"line":432,"column":null}},"45":{"start":{"line":438,"column":28},"end":{"line":438,"column":null}},"46":{"start":{"line":458,"column":31},"end":{"line":458,"column":null}},"47":{"start":{"line":473,"column":21},"end":{"line":473,"column":null}},"48":{"start":{"line":474,"column":19},"end":{"line":474,"column":null}},"49":{"start":{"line":475,"column":50},"end":{"line":475,"column":null}},"50":{"start":{"line":478,"column":16},"end":{"line":482,"column":null}},"51":{"start":{"line":527,"column":27},"end":{"line":527,"column":null}},"52":{"start":{"line":539,"column":25},"end":{"line":539,"column":null}},"53":{"start":{"line":545,"column":28},"end":{"line":545,"column":null}},"54":{"start":{"line":565,"column":31},"end":{"line":565,"column":null}}},"fnMap":{"0":{"name":"HomePage","decl":{"start":{"line":12,"column":24},"end":{"line":12,"column":null}},"loc":{"start":{"line":12,"column":24},"end":{"line":145,"column":null}}},"1":{"name":"MetricsCarousel","decl":{"start":{"line":148,"column":9},"end":{"line":148,"column":null}},"loc":{"start":{"line":148,"column":9},"end":{"line":220,"column":null}}},"2":{"name":"(anonymous_4)","decl":{"start":{"line":198,"column":40},"end":{"line":198,"column":41}},"loc":{"start":{"line":199,"column":12},"end":{"line":200,"column":null}}},"3":{"name":"PlatformShowcase","decl":{"start":{"line":223,"column":9},"end":{"line":223,"column":null}},"loc":{"start":{"line":223,"column":9},"end":{"line":277,"column":null}}},"4":{"name":"FeatureGrid","decl":{"start":{"line":280,"column":9},"end":{"line":280,"column":null}},"loc":{"start":{"line":280,"column":9},"end":{"line":319,"column":null}}},"5":{"name":"(anonymous_7)","decl":{"start":{"line":296,"column":24},"end":{"line":296,"column":25}},"loc":{"start":{"line":297,"column":12},"end":{"line":298,"column":null}}},"6":{"name":"PricingSection","decl":{"start":{"line":322,"column":9},"end":{"line":322,"column":null}},"loc":{"start":{"line":322,"column":9},"end":{"line":469,"column":null}}},"7":{"name":"(anonymous_9)","decl":{"start":{"line":329,"column":12},"end":{"line":329,"column":null}},"loc":{"start":{"line":329,"column":12},"end":{"line":362,"column":5}}},"8":{"name":"(anonymous_10)","decl":{"start":{"line":330,"column":23},"end":{"line":330,"column":null}},"loc":{"start":{"line":330,"column":23},"end":{"line":359,"column":null}}},"9":{"name":"(anonymous_11)","decl":{"start":{"line":337,"column":51},"end":{"line":337,"column":52}},"loc":{"start":{"line":337,"column":79},"end":{"line":343,"column":null}}},"10":{"name":"(anonymous_12)","decl":{"start":{"line":383,"column":21},"end":{"line":383,"column":22}},"loc":{"start":{"line":384,"column":12},"end":{"line":385,"column":null}}},"11":{"name":"(anonymous_13)","decl":{"start":{"line":407,"column":35},"end":{"line":407,"column":36}},"loc":{"start":{"line":408,"column":18},"end":{"line":408,"column":33}}},"12":{"name":"(anonymous_14)","decl":{"start":{"line":415,"column":25},"end":{"line":415,"column":31}},"loc":{"start":{"line":415,"column":31},"end":{"line":415,"column":null}}},"13":{"name":"(anonymous_15)","decl":{"start":{"line":432,"column":19},"end":{"line":432,"column":25}},"loc":{"start":{"line":432,"column":25},"end":{"line":432,"column":null}}},"14":{"name":"(anonymous_16)","decl":{"start":{"line":438,"column":21},"end":{"line":438,"column":22}},"loc":{"start":{"line":438,"column":28},"end":{"line":438,"column":null}}},"15":{"name":"(anonymous_17)","decl":{"start":{"line":458,"column":25},"end":{"line":458,"column":31}},"loc":{"start":{"line":458,"column":31},"end":{"line":458,"column":null}}},"16":{"name":"FinalCTA","decl":{"start":{"line":472,"column":9},"end":{"line":472,"column":null}},"loc":{"start":{"line":472,"column":9},"end":{"line":576,"column":null}}},"17":{"name":"(anonymous_19)","decl":{"start":{"line":527,"column":21},"end":{"line":527,"column":27}},"loc":{"start":{"line":527,"column":27},"end":{"line":527,"column":null}}},"18":{"name":"(anonymous_20)","decl":{"start":{"line":539,"column":19},"end":{"line":539,"column":25}},"loc":{"start":{"line":539,"column":25},"end":{"line":539,"column":null}}},"19":{"name":"(anonymous_21)","decl":{"start":{"line":545,"column":21},"end":{"line":545,"column":22}},"loc":{"start":{"line":545,"column":28},"end":{"line":545,"column":null}}},"20":{"name":"(anonymous_22)","decl":{"start":{"line":565,"column":25},"end":{"line":565,"column":31}},"loc":{"start":{"line":565,"column":31},"end":{"line":565,"column":null}}},"21":{"name":"Footer","decl":{"start":{"line":579,"column":9},"end":{"line":579,"column":null}},"loc":{"start":{"line":579,"column":9},"end":{"line":615,"column":null}}}},"branchMap":{"0":{"loc":{"start":{"line":179,"column":19},"end":{"line":179,"column":null}},"type":"cond-expr","locations":[{"start":{"line":179,"column":30},"end":{"line":179,"column":53}},{"start":{"line":179,"column":53},"end":{"line":179,"column":null}}]},"1":{"loc":{"start":{"line":188,"column":19},"end":{"line":188,"column":null}},"type":"cond-expr","locations":[{"start":{"line":188,"column":30},"end":{"line":188,"column":53}},{"start":{"line":188,"column":53},"end":{"line":188,"column":null}}]},"2":{"loc":{"start":{"line":202,"column":23},"end":{"line":202,"column":null}},"type":"cond-expr","locations":[{"start":{"line":202,"column":34},"end":{"line":202,"column":61}},{"start":{"line":202,"column":61},"end":{"line":202,"column":null}}]},"3":{"loc":{"start":{"line":240,"column":19},"end":{"line":240,"column":null}},"type":"cond-expr","locations":[{"start":{"line":240,"column":30},"end":{"line":240,"column":53}},{"start":{"line":240,"column":53},"end":{"line":240,"column":null}}]},"4":{"loc":{"start":{"line":256,"column":21},"end":{"line":256,"column":null}},"type":"cond-expr","locations":[{"start":{"line":256,"column":32},"end":{"line":256,"column":49}},{"start":{"line":256,"column":49},"end":{"line":256,"column":null}}]},"5":{"loc":{"start":{"line":300,"column":23},"end":{"line":300,"column":null}},"type":"cond-expr","locations":[{"start":{"line":300,"column":34},"end":{"line":300,"column":57}},{"start":{"line":300,"column":57},"end":{"line":300,"column":null}}]},"6":{"loc":{"start":{"line":338,"column":16},"end":{"line":338,"column":null}},"type":"binary-expr","locations":[{"start":{"line":338,"column":16},"end":{"line":338,"column":24}},{"start":{"line":338,"column":28},"end":{"line":338,"column":null}}]},"7":{"loc":{"start":{"line":339,"column":17},"end":{"line":339,"column":97}},"type":"cond-expr","locations":[{"start":{"line":339,"column":43},"end":{"line":339,"column":50}},{"start":{"line":339,"column":50},"end":{"line":339,"column":97}}]},"8":{"loc":{"start":{"line":340,"column":18},"end":{"line":340,"column":null}},"type":"cond-expr","locations":[{"start":{"line":340,"column":44},"end":{"line":340,"column":49}},{"start":{"line":340,"column":49},"end":{"line":340,"column":null}}]},"9":{"loc":{"start":{"line":341,"column":20},"end":{"line":341,"column":38}},"type":"binary-expr","locations":[{"start":{"line":341,"column":20},"end":{"line":341,"column":32}},{"start":{"line":341,"column":36},"end":{"line":341,"column":38}}]},"10":{"loc":{"start":{"line":370,"column":19},"end":{"line":370,"column":null}},"type":"cond-expr","locations":[{"start":{"line":370,"column":30},"end":{"line":370,"column":53}},{"start":{"line":370,"column":53},"end":{"line":370,"column":null}}]},"11":{"loc":{"start":{"line":387,"column":23},"end":{"line":387,"column":null}},"type":"cond-expr","locations":[{"start":{"line":387,"column":34},"end":{"line":387,"column":57}},{"start":{"line":387,"column":57},"end":{"line":387,"column":null}}]},"12":{"loc":{"start":{"line":389,"column":126},"end":{"line":389,"column":null}},"type":"cond-expr","locations":[{"start":{"line":389,"column":141},"end":{"line":389,"column":192}},{"start":{"line":389,"column":192},"end":{"line":389,"column":null}}]},"13":{"loc":{"start":{"line":392,"column":15},"end":{"line":392,"column":27}},"type":"binary-expr","locations":[{"start":{"line":392,"column":15},"end":{"line":392,"column":27}}]},"14":{"loc":{"start":{"line":416,"column":82},"end":{"line":418,"column":null}},"type":"cond-expr","locations":[{"start":{"line":417,"column":20},"end":{"line":417,"column":null}},{"start":{"line":418,"column":20},"end":{"line":418,"column":null}}]},"15":{"loc":{"start":{"line":429,"column":7},"end":{"line":429,"column":null}},"type":"binary-expr","locations":[{"start":{"line":429,"column":7},"end":{"line":429,"column":null}}]},"16":{"loc":{"start":{"line":505,"column":19},"end":{"line":505,"column":null}},"type":"cond-expr","locations":[{"start":{"line":505,"column":30},"end":{"line":505,"column":53}},{"start":{"line":505,"column":53},"end":{"line":505,"column":null}}]},"17":{"loc":{"start":{"line":515,"column":19},"end":{"line":515,"column":null}},"type":"cond-expr","locations":[{"start":{"line":515,"column":30},"end":{"line":515,"column":53}},{"start":{"line":515,"column":53},"end":{"line":515,"column":null}}]},"18":{"loc":{"start":{"line":523,"column":19},"end":{"line":523,"column":null}},"type":"cond-expr","locations":[{"start":{"line":523,"column":30},"end":{"line":523,"column":53}},{"start":{"line":523,"column":53},"end":{"line":523,"column":null}}]},"19":{"loc":{"start":{"line":536,"column":7},"end":{"line":536,"column":null}},"type":"binary-expr","locations":[{"start":{"line":536,"column":7},"end":{"line":536,"column":null}}]}},"s":{"0":0,"1":0,"2":0,"3":0,"4":0,"5":0,"6":0,"7":0,"8":0,"9":0,"10":0,"11":0,"12":0,"13":0,"14":0,"15":0,"16":0,"17":0,"18":0,"19":0,"20":0,"21":0,"22":0,"23":0,"24":0,"25":0,"26":0,"27":0,"28":0,"29":0,"30":0,"31":0,"32":0,"33":0,"34":0,"35":0,"36":0,"37":0,"38":0,"39":0,"40":0,"41":0,"42":0,"43":0,"44":0,"45":0,"46":0,"47":0,"48":0,"49":0,"50":0,"51":0,"52":0,"53":0,"54":0},"f":{"0":0,"1":0,"2":0,"3":0,"4":0,"5":0,"6":0,"7":0,"8":0,"9":0,"10":0,"11":0,"12":0,"13":0,"14":0,"15":0,"16":0,"17":0,"18":0,"19":0,"20":0,"21":0},"b":{"0":[0,0],"1":[0,0],"2":[0,0],"3":[0,0],"4":[0,0],"5":[0,0],"6":[0,0],"7":[0,0],"8":[0,0],"9":[0,0],"10":[0,0],"11":[0,0],"12":[0,0],"13":[0],"14":[0,0],"15":[0],"16":[0,0],"17":[0,0],"18":[0,0],"19":[0]}}
,"C:\\Users\\rahul\\Proj\\solisteo-rahul\\frontend\\app\\(admin)\\admin\\layout.tsx": {"path":"C:\\Users\\rahul\\Proj\\solisteo-rahul\\frontend\\app\\(admin)\\admin\\layout.tsx","statementMap":{"0":{"start":{"line":10,"column":24},"end":{"line":10,"column":36}},"1":{"start":{"line":3,"column":26},"end":{"line":3,"column":null}},"2":{"start":{"line":4,"column":26},"end":{"line":4,"column":null}},"3":{"start":{"line":5,"column":24},"end":{"line":5,"column":null}},"4":{"start":{"line":6,"column":20},"end":{"line":6,"column":null}},"5":{"start":{"line":7,"column":19},"end":{"line":7,"column":null}},"6":{"start":{"line":8,"column":24},"end":{"line":8,"column":null}},"7":{"start":{"line":15,"column":30},"end":{"line":15,"column":null}},"8":{"start":{"line":16,"column":17},"end":{"line":16,"column":null}},"9":{"start":{"line":18,"column":2},"end":{"line":22,"column":null}},"10":{"start":{"line":19,"column":4},"end":{"line":21,"column":null}},"11":{"start":{"line":20,"column":6},"end":{"line":20,"column":null}},"12":{"start":{"line":24,"column":2},"end":{"line":30,"column":null}},"13":{"start":{"line":32,"column":2},"end":{"line":34,"column":null}},"14":{"start":{"line":33,"column":4},"end":{"line":33,"column":null}}},"fnMap":{"0":{"name":"AdminLayout","decl":{"start":{"line":10,"column":24},"end":{"line":10,"column":36}},"loc":{"start":{"line":14,"column":1},"end":{"line":50,"column":null}}},"1":{"name":"(anonymous_3)","decl":{"start":{"line":18,"column":12},"end":{"line":18,"column":null}},"loc":{"start":{"line":18,"column":12},"end":{"line":22,"column":5}}}},"branchMap":{"0":{"loc":{"start":{"line":19,"column":4},"end":{"line":21,"column":null}},"type":"if","locations":[{"start":{"line":19,"column":4},"end":{"line":21,"column":null}},{"start":{},"end":{}}]},"1":{"loc":{"start":{"line":19,"column":8},"end":{"line":19,"column":89}},"type":"binary-expr","locations":[{"start":{"line":19,"column":8},"end":{"line":19,"column":23}},{"start":{"line":19,"column":23},"end":{"line":19,"column":33}},{"start":{"line":19,"column":33},"end":{"line":19,"column":58}},{"start":{"line":19,"column":58},"end":{"line":19,"column":85}}]},"2":{"loc":{"start":{"line":24,"column":2},"end":{"line":30,"column":null}},"type":"if","locations":[{"start":{"line":24,"column":2},"end":{"line":30,"column":null}},{"start":{},"end":{}}]},"3":{"loc":{"start":{"line":32,"column":2},"end":{"line":34,"column":null}},"type":"if","locations":[{"start":{"line":32,"column":2},"end":{"line":34,"column":null}},{"start":{},"end":{}}]},"4":{"loc":{"start":{"line":32,"column":6},"end":{"line":32,"column":71}},"type":"binary-expr","locations":[{"start":{"line":32,"column":6},"end":{"line":32,"column":16}},{"start":{"line":32,"column":16},"end":{"line":32,"column":41}},{"start":{"line":32,"column":41},"end":{"line":32,"column":71}}]}},"s":{"0":0,"1":0,"2":0,"3":0,"4":0,"5":0,"6":0,"7":0,"8":0,"9":0,"10":0,"11":0,"12":0,"13":0,"14":0},"f":{"0":0,"1":0},"b":{"0":[0,0],"1":[0,0,0,0],"2":[0,0],"3":[0,0],"4":[0,0,0]}}
,"C:\\Users\\rahul\\Proj\\solisteo-rahul\\frontend\\app\\(admin)\\admin\\alerts\\page.tsx": {"path":"C:\\Users\\rahul\\Proj\\solisteo-rahul\\frontend\\app\\(admin)\\admin\\alerts\\page.tsx","statementMap":{"0":{"start":{"line":27,"column":24},"end":{"line":27,"column":null}},"1":{"start":{"line":3,"column":36},"end":{"line":3,"column":null}},"2":{"start":{"line":4,"column":74},"end":{"line":4,"column":null}},"3":{"start":{"line":5,"column":22},"end":{"line":5,"column":null}},"4":{"start":{"line":6,"column":23},"end":{"line":6,"column":null}},"5":{"start":{"line":7,"column":40},"end":{"line":7,"column":null}},"6":{"start":{"line":8,"column":78},"end":{"line":8,"column":null}},"7":{"start":{"line":9,"column":71},"end":{"line":9,"column":null}},"8":{"start":{"line":10,"column":25},"end":{"line":10,"column":null}},"9":{"start":{"line":11,"column":25},"end":{"line":11,"column":null}},"10":{"start":{"line":28,"column":30},"end":{"line":28,"column":null}},"11":{"start":{"line":29,"column":37},"end":{"line":29,"column":null}},"12":{"start":{"line":30,"column":20},"end":{"line":30,"column":null}},"13":{"start":{"line":32,"column":2},"end":{"line":50,"column":null}},"14":{"start":{"line":33,"column":24},"end":{"line":47,"column":null}},"15":{"start":{"line":34,"column":6},"end":{"line":46,"column":null}},"16":{"start":{"line":35,"column":25},"end":{"line":35,"column":null}},"17":{"start":{"line":36,"column":8},"end":{"line":36,"column":null}},"18":{"start":{"line":38,"column":8},"end":{"line":38,"column":null}},"19":{"start":{"line":39,"column":8},"end":{"line":43,"column":null}},"20":{"start":{"line":45,"column":8},"end":{"line":45,"column":null}},"21":{"start":{"line":49,"column":4},"end":{"line":49,"column":null}},"22":{"start":{"line":52,"column":24},"end":{"line":59,"column":null}},"23":{"start":{"line":53,"column":4},"end":{"line":58,"column":null}},"24":{"start":{"line":54,"column":23},"end":{"line":54,"column":null}},"25":{"start":{"line":55,"column":6},"end":{"line":55,"column":null}},"26":{"start":{"line":57,"column":6},"end":{"line":57,"column":null}},"27":{"start":{"line":61,"column":28},"end":{"line":77,"column":null}},"28":{"start":{"line":62,"column":4},"end":{"line":76,"column":null}},"29":{"start":{"line":63,"column":6},"end":{"line":63,"column":null}},"30":{"start":{"line":64,"column":6},"end":{"line":67,"column":null}},"31":{"start":{"line":68,"column":6},"end":{"line":68,"column":23}},"32":{"start":{"line":70,"column":6},"end":{"line":70,"column":null}},"33":{"start":{"line":71,"column":6},"end":{"line":75,"column":null}},"34":{"start":{"line":79,"column":24},"end":{"line":95,"column":null}},"35":{"start":{"line":80,"column":4},"end":{"line":94,"column":null}},"36":{"start":{"line":81,"column":6},"end":{"line":81,"column":null}},"37":{"start":{"line":82,"column":6},"end":{"line":85,"column":null}},"38":{"start":{"line":86,"column":6},"end":{"line":86,"column":23}},"39":{"start":{"line":88,"column":6},"end":{"line":88,"column":null}},"40":{"start":{"line":89,"column":6},"end":{"line":93,"column":null}},"41":{"start":{"line":97,"column":35},"end":{"line":113,"column":null}},"42":{"start":{"line":98,"column":4},"end":{"line":112,"column":null}},"43":{"start":{"line":99,"column":23},"end":{"line":99,"column":null}},"44":{"start":{"line":100,"column":6},"end":{"line":103,"column":null}},"45":{"start":{"line":104,"column":6},"end":{"line":104,"column":23}},"46":{"start":{"line":106,"column":6},"end":{"line":106,"column":null}},"47":{"start":{"line":107,"column":6},"end":{"line":111,"column":null}},"48":{"start":{"line":115,"column":23},"end":{"line":115,"column":null}},"49":{"start":{"line":115,"column":46},"end":{"line":115,"column":64}},"50":{"start":{"line":116,"column":25},"end":{"line":116,"column":null}},"51":{"start":{"line":116,"column":48},"end":{"line":116,"column":65}},"52":{"start":{"line":118,"column":23},"end":{"line":129,"column":null}},"53":{"start":{"line":119,"column":4},"end":{"line":128,"column":null}},"54":{"start":{"line":131,"column":31},"end":{"line":141,"column":null}},"55":{"start":{"line":132,"column":4},"end":{"line":140,"column":null}},"56":{"start":{"line":135,"column":8},"end":{"line":135,"column":null}},"57":{"start":{"line":137,"column":8},"end":{"line":137,"column":null}},"58":{"start":{"line":139,"column":8},"end":{"line":139,"column":null}},"59":{"start":{"line":143,"column":32},"end":{"line":145,"column":null}},"60":{"start":{"line":144,"column":4},"end":{"line":144,"column":null}},"61":{"start":{"line":190,"column":38},"end":{"line":190,"column":69}},"62":{"start":{"line":213,"column":12},"end":{"line":213,"column":34}},"63":{"start":{"line":240,"column":37},"end":{"line":240,"column":null}},"64":{"start":{"line":248,"column":35},"end":{"line":248,"column":null}},"65":{"start":{"line":279,"column":16},"end":{"line":279,"column":null}}},"fnMap":{"0":{"name":"AlertsPage","decl":{"start":{"line":27,"column":24},"end":{"line":27,"column":null}},"loc":{"start":{"line":27,"column":24},"end":{"line":313,"column":null}}},"1":{"name":"(anonymous_2)","decl":{"start":{"line":32,"column":12},"end":{"line":32,"column":null}},"loc":{"start":{"line":32,"column":12},"end":{"line":50,"column":5}}},"2":{"name":"(anonymous_3)","decl":{"start":{"line":33,"column":24},"end":{"line":33,"column":null}},"loc":{"start":{"line":33,"column":24},"end":{"line":47,"column":null}}},"3":{"name":"(anonymous_4)","decl":{"start":{"line":52,"column":24},"end":{"line":52,"column":null}},"loc":{"start":{"line":52,"column":24},"end":{"line":59,"column":null}}},"4":{"name":"(anonymous_5)","decl":{"start":{"line":61,"column":28},"end":{"line":61,"column":35}},"loc":{"start":{"line":61,"column":35},"end":{"line":77,"column":null}}},"5":{"name":"(anonymous_6)","decl":{"start":{"line":79,"column":24},"end":{"line":79,"column":31}},"loc":{"start":{"line":79,"column":31},"end":{"line":95,"column":null}}},"6":{"name":"(anonymous_7)","decl":{"start":{"line":97,"column":35},"end":{"line":97,"column":null}},"loc":{"start":{"line":97,"column":35},"end":{"line":113,"column":null}}},"7":{"name":"(anonymous_8)","decl":{"start":{"line":115,"column":37},"end":{"line":115,"column":46}},"loc":{"start":{"line":115,"column":46},"end":{"line":115,"column":64}}},"8":{"name":"(anonymous_9)","decl":{"start":{"line":116,"column":39},"end":{"line":116,"column":48}},"loc":{"start":{"line":116,"column":48},"end":{"line":116,"column":65}}},"9":{"name":"(anonymous_10)","decl":{"start":{"line":118,"column":23},"end":{"line":118,"column":24}},"loc":{"start":{"line":118,"column":24},"end":{"line":129,"column":null}}},"10":{"name":"(anonymous_11)","decl":{"start":{"line":131,"column":31},"end":{"line":131,"column":32}},"loc":{"start":{"line":131,"column":32},"end":{"line":141,"column":null}}},"11":{"name":"(anonymous_12)","decl":{"start":{"line":143,"column":32},"end":{"line":143,"column":33}},"loc":{"start":{"line":143,"column":33},"end":{"line":145,"column":null}}},"12":{"name":"(anonymous_13)","decl":{"start":{"line":190,"column":29},"end":{"line":190,"column":38}},"loc":{"start":{"line":190,"column":38},"end":{"line":190,"column":69}}},"13":{"name":"(anonymous_14)","decl":{"start":{"line":212,"column":28},"end":{"line":212,"column":29}},"loc":{"start":{"line":213,"column":12},"end":{"line":213,"column":34}}},"14":{"name":"(anonymous_15)","decl":{"start":{"line":240,"column":31},"end":{"line":240,"column":37}},"loc":{"start":{"line":240,"column":37},"end":{"line":240,"column":null}}},"15":{"name":"(anonymous_16)","decl":{"start":{"line":248,"column":29},"end":{"line":248,"column":35}},"loc":{"start":{"line":248,"column":35},"end":{"line":248,"column":null}}},"16":{"name":"(anonymous_17)","decl":{"start":{"line":278,"column":26},"end":{"line":278,"column":27}},"loc":{"start":{"line":279,"column":16},"end":{"line":279,"column":null}}}},"branchMap":{"0":{"loc":{"start":{"line":132,"column":4},"end":{"line":140,"column":null}},"type":"switch","locations":[{"start":{"line":133,"column":6},"end":{"line":133,"column":null}},{"start":{"line":134,"column":6},"end":{"line":135,"column":null}},{"start":{"line":136,"column":6},"end":{"line":137,"column":null}},{"start":{"line":138,"column":6},"end":{"line":139,"column":null}}]},"1":{"loc":{"start":{"line":144,"column":11},"end":{"line":144,"column":null}},"type":"cond-expr","locations":[{"start":{"line":144,"column":24},"end":{"line":144,"column":36}},{"start":{"line":144,"column":36},"end":{"line":144,"column":null}}]},"2":{"loc":{"start":{"line":209,"column":7},"end":{"line":209,"column":null}},"type":"binary-expr","locations":[{"start":{"line":209,"column":7},"end":{"line":209,"column":null}}]},"3":{"loc":{"start":{"line":223,"column":23},"end":{"line":223,"column":45}},"type":"binary-expr","locations":[{"start":{"line":223,"column":23},"end":{"line":223,"column":45}}]},"4":{"loc":{"start":{"line":236,"column":19},"end":{"line":236,"column":41}},"type":"binary-expr","locations":[{"start":{"line":236,"column":19},"end":{"line":236,"column":41}}]},"5":{"loc":{"start":{"line":292,"column":23},"end":{"line":292,"column":null}},"type":"cond-expr","locations":[{"start":{"line":292,"column":43},"end":{"line":292,"column":56}},{"start":{"line":292,"column":56},"end":{"line":292,"column":null}}]},"6":{"loc":{"start":{"line":300,"column":22},"end":{"line":302,"column":23}},"type":"cond-expr","locations":[{"start":{"line":300,"column":22},"end":{"line":302,"column":23}}]}},"s":{"0":0,"1":0,"2":0,"3":0,"4":0,"5":0,"6":0,"7":0,"8":0,"9":0,"10":0,"11":0,"12":0,"13":0,"14":0,"15":0,"16":0,"17":0,"18":0,"19":0,"20":0,"21":0,"22":0,"23":0,"24":0,"25":0,"26":0,"27":0,"28":0,"29":0,"30":0,"31":0,"32":0,"33":0,"34":0,"35":0,"36":0,"37":0,"38":0,"39":0,"40":0,"41":0,"42":0,"43":0,"44":0,"45":0,"46":0,"47":0,"48":0,"49":0,"50":0,"51":0,"52":0,"53":0,"54":0,"55":0,"56":0,"57":0,"58":0,"59":0,"60":0,"61":0,"62":0,"63":0,"64":0,"65":0},"f":{"0":0,"1":0,"2":0,"3":0,"4":0,"5":0,"6":0,"7":0,"8":0,"9":0,"10":0,"11":0,"12":0,"13":0,"14":0,"15":0,"16":0},"b":{"0":[0,0,0,0],"1":[0,0],"2":[0],"3":[0],"4":[0],"5":[0,0],"6":[0]}}
,"C:\\Users\\rahul\\Proj\\solisteo-rahul\\frontend\\app\\(admin)\\admin\\billing\\page.tsx": {"path":"C:\\Users\\rahul\\Proj\\solisteo-rahul\\frontend\\app\\(admin)\\admin\\billing\\page.tsx","statementMap":{"0":{"start":{"line":54,"column":24},"end":{"line":54,"column":null}},"1":{"start":{"line":3,"column":36},"end":{"line":3,"column":null}},"2":{"start":{"line":4,"column":23},"end":{"line":4,"column":null}},"3":{"start":{"line":5,"column":74},"end":{"line":5,"column":null}},"4":{"start":{"line":6,"column":23},"end":{"line":6,"column":null}},"5":{"start":{"line":7,"column":22},"end":{"line":7,"column":null}},"6":{"start":{"line":8,"column":78},"end":{"line":8,"column":null}},"7":{"start":{"line":9,"column":78},"end":{"line":9,"column":null}},"8":{"start":{"line":10,"column":84},"end":{"line":10,"column":null}},"9":{"start":{"line":11,"column":110},"end":{"line":11,"column":null}},"10":{"start":{"line":12,"column":93},"end":{"line":12,"column":null}},"11":{"start":{"line":13,"column":37},"end":{"line":13,"column":null}},"12":{"start":{"line":52,"column":15},"end":{"line":52,"column":null}},"13":{"start":{"line":55,"column":32},"end":{"line":55,"column":null}},"14":{"start":{"line":56,"column":28},"end":{"line":56,"column":null}},"15":{"start":{"line":57,"column":28},"end":{"line":57,"column":null}},"16":{"start":{"line":58,"column":36},"end":{"line":58,"column":null}},"17":{"start":{"line":59,"column":46},"end":{"line":59,"column":null}},"18":{"start":{"line":60,"column":50},"end":{"line":60,"column":null}},"19":{"start":{"line":62,"column":2},"end":{"line":64,"column":null}},"20":{"start":{"line":63,"column":4},"end":{"line":63,"column":null}},"21":{"start":{"line":66,"column":27},"end":{"line":83,"column":null}},"22":{"start":{"line":67,"column":4},"end":{"line":82,"column":null}},"23":{"start":{"line":68,"column":62},"end":{"line":72,"column":null}},"24":{"start":{"line":74,"column":6},"end":{"line":74,"column":null}},"25":{"start":{"line":75,"column":6},"end":{"line":75,"column":null}},"26":{"start":{"line":76,"column":6},"end":{"line":76,"column":null}},"27":{"start":{"line":78,"column":6},"end":{"line":78,"column":null}},"28":{"start":{"line":79,"column":6},"end":{"line":79,"column":null}},"29":{"start":{"line":81,"column":6},"end":{"line":81,"column":null}},"30":{"start":{"line":85,"column":25},"end":{"line":98,"column":null}},"31":{"start":{"line":86,"column":4},"end":{"line":97,"column":null}},"32":{"start":{"line":100,"column":27},"end":{"line":110,"column":null}},"33":{"start":{"line":101,"column":4},"end":{"line":109,"column":null}},"34":{"start":{"line":102,"column":6},"end":{"line":102,"column":null}},"35":{"start":{"line":103,"column":6},"end":{"line":103,"column":32}},"36":{"start":{"line":104,"column":6},"end":{"line":104,"column":null}},"37":{"start":{"line":105,"column":6},"end":{"line":105,"column":null}},"38":{"start":{"line":107,"column":6},"end":{"line":107,"column":null}},"39":{"start":{"line":108,"column":6},"end":{"line":108,"column":null}},"40":{"start":{"line":112,"column":2},"end":{"line":125,"column":null}},"41":{"start":{"line":119,"column":14},"end":{"line":119,"column":27}},"42":{"start":{"line":235,"column":58},"end":{"line":235,"column":93}},"43":{"start":{"line":241,"column":22},"end":{"line":241,"column":50}},"44":{"start":{"line":269,"column":48},"end":{"line":272,"column":null}},"45":{"start":{"line":309,"column":18},"end":{"line":309,"column":null}},"46":{"start":{"line":328,"column":26},"end":{"line":328,"column":null}},"47":{"start":{"line":329,"column":26},"end":{"line":329,"column":null}},"48":{"start":{"line":356,"column":16},"end":{"line":358,"column":null}},"49":{"start":{"line":357,"column":18},"end":{"line":357,"column":null}},"50":{"start":{"line":365,"column":20},"end":{"line":365,"column":46}}},"fnMap":{"0":{"name":"AdminBillingPage","decl":{"start":{"line":54,"column":24},"end":{"line":54,"column":null}},"loc":{"start":{"line":54,"column":24},"end":{"line":377,"column":null}}},"1":{"name":"(anonymous_2)","decl":{"start":{"line":62,"column":12},"end":{"line":62,"column":null}},"loc":{"start":{"line":62,"column":12},"end":{"line":64,"column":5}}},"2":{"name":"(anonymous_3)","decl":{"start":{"line":66,"column":27},"end":{"line":66,"column":null}},"loc":{"start":{"line":66,"column":27},"end":{"line":83,"column":null}}},"3":{"name":"(anonymous_4)","decl":{"start":{"line":85,"column":25},"end":{"line":85,"column":26}},"loc":{"start":{"line":85,"column":26},"end":{"line":98,"column":null}}},"4":{"name":"(anonymous_5)","decl":{"start":{"line":100,"column":27},"end":{"line":100,"column":34}},"loc":{"start":{"line":100,"column":52},"end":{"line":110,"column":null}}},"5":{"name":"(anonymous_6)","decl":{"start":{"line":118,"column":31},"end":{"line":118,"column":32}},"loc":{"start":{"line":119,"column":14},"end":{"line":119,"column":27}}},"6":{"name":"(anonymous_7)","decl":{"start":{"line":235,"column":27},"end":{"line":235,"column":28}},"loc":{"start":{"line":235,"column":58},"end":{"line":235,"column":93}}},"7":{"name":"(anonymous_8)","decl":{"start":{"line":240,"column":49},"end":{"line":240,"column":50}},"loc":{"start":{"line":241,"column":22},"end":{"line":241,"column":50}}},"8":{"name":"(anonymous_9)","decl":{"start":{"line":269,"column":31},"end":{"line":269,"column":32}},"loc":{"start":{"line":269,"column":48},"end":{"line":272,"column":null}}},"9":{"name":"(anonymous_10)","decl":{"start":{"line":308,"column":29},"end":{"line":308,"column":30}},"loc":{"start":{"line":309,"column":18},"end":{"line":309,"column":null}}},"10":{"name":"(anonymous_11)","decl":{"start":{"line":327,"column":33},"end":{"line":327,"column":null}},"loc":{"start":{"line":327,"column":33},"end":{"line":330,"column":null}}},"11":{"name":"(anonymous_12)","decl":{"start":{"line":355,"column":37},"end":{"line":355,"column":38}},"loc":{"start":{"line":355,"column":38},"end":{"line":359,"column":null}}},"12":{"name":"(anonymous_13)","decl":{"start":{"line":364,"column":29},"end":{"line":364,"column":30}},"loc":{"start":{"line":365,"column":20},"end":{"line":365,"column":46}}}},"branchMap":{"0":{"loc":{"start":{"line":112,"column":2},"end":{"line":125,"column":null}},"type":"if","locations":[{"start":{"line":112,"column":2},"end":{"line":125,"column":null}},{"start":{},"end":{}}]},"1":{"loc":{"start":{"line":270,"column":22},"end":{"line":270,"column":null}},"type":"cond-expr","locations":[{"start":{"line":270,"column":43},"end":{"line":270,"column":71}},{"start":{"line":270,"column":74},"end":{"line":270,"column":null}}]},"2":{"loc":{"start":{"line":271,"column":22},"end":{"line":271,"column":null}},"type":"cond-expr","locations":[{"start":{"line":271,"column":43},"end":{"line":271,"column":55}},{"start":{"line":271,"column":55},"end":{"line":271,"column":null}}]},"3":{"loc":{"start":{"line":356,"column":16},"end":{"line":358,"column":null}},"type":"if","locations":[{"start":{"line":356,"column":16},"end":{"line":358,"column":null}},{"start":{},"end":{}}]}},"s":{"0":0,"1":0,"2":0,"3":0,"4":0,"5":0,"6":0,"7":0,"8":0,"9":0,"10":0,"11":0,"12":0,"13":0,"14":0,"15":0,"16":0,"17":0,"18":0,"19":0,"20":0,"21":0,"22":0,"23":0,"24":0,"25":0,"26":0,"27":0,"28":0,"29":0,"30":0,"31":0,"32":0,"33":0,"34":0,"35":0,"36":0,"37":0,"38":0,"39":0,"40":0,"41":0,"42":0,"43":0,"44":0,"45":0,"46":0,"47":0,"48":0,"49":0,"50":0},"f":{"0":0,"1":0,"2":0,"3":0,"4":0,"5":0,"6":0,"7":0,"8":0,"9":0,"10":0,"11":0,"12":0},"b":{"0":[0,0],"1":[0,0],"2":[0,0],"3":[0,0]}}
,"C:\\Users\\rahul\\Proj\\solisteo-rahul\\frontend\\app\\(admin)\\admin\\dashboard\\page.tsx": {"path":"C:\\Users\\rahul\\Proj\\solisteo-rahul\\frontend\\app\\(admin)\\admin\\dashboard\\page.tsx","statementMap":{"0":{"start":{"line":67,"column":24},"end":{"line":67,"column":null}},"1":{"start":{"line":3,"column":36},"end":{"line":3,"column":null}},"2":{"start":{"line":4,"column":23},"end":{"line":4,"column":null}},"3":{"start":{"line":5,"column":74},"end":{"line":5,"column":null}},"4":{"start":{"line":6,"column":22},"end":{"line":6,"column":null}},"5":{"start":{"line":7,"column":23},"end":{"line":7,"column":null}},"6":{"start":{"line":8,"column":78},"end":{"line":8,"column":null}},"7":{"start":{"line":10,"column":152},"end":{"line":10,"column":null}},"8":{"start":{"line":16,"column":7},"end":{"line":16,"column":null}},"9":{"start":{"line":17,"column":25},"end":{"line":17,"column":null}},"10":{"start":{"line":18,"column":26},"end":{"line":18,"column":null}},"11":{"start":{"line":19,"column":19},"end":{"line":19,"column":null}},"12":{"start":{"line":68,"column":17},"end":{"line":68,"column":null}},"13":{"start":{"line":69,"column":28},"end":{"line":69,"column":null}},"14":{"start":{"line":70,"column":36},"end":{"line":70,"column":null}},"15":{"start":{"line":71,"column":36},"end":{"line":71,"column":null}},"16":{"start":{"line":72,"column":40},"end":{"line":72,"column":null}},"17":{"start":{"line":73,"column":40},"end":{"line":73,"column":null}},"18":{"start":{"line":75,"column":2},"end":{"line":77,"column":null}},"19":{"start":{"line":76,"column":4},"end":{"line":76,"column":null}},"20":{"start":{"line":79,"column":2},"end":{"line":86,"column":null}},"21":{"start":{"line":80,"column":4},"end":{"line":85,"column":null}},"22":{"start":{"line":81,"column":23},"end":{"line":83,"column":17}},"23":{"start":{"line":82,"column":8},"end":{"line":82,"column":null}},"24":{"start":{"line":84,"column":6},"end":{"line":84,"column":null}},"25":{"start":{"line":84,"column":19},"end":{"line":84,"column":null}},"26":{"start":{"line":88,"column":27},"end":{"line":98,"column":null}},"27":{"start":{"line":89,"column":4},"end":{"line":97,"column":null}},"28":{"start":{"line":90,"column":23},"end":{"line":90,"column":null}},"29":{"start":{"line":91,"column":6},"end":{"line":91,"column":null}},"30":{"start":{"line":92,"column":6},"end":{"line":92,"column":null}},"31":{"start":{"line":94,"column":6},"end":{"line":94,"column":null}},"32":{"start":{"line":96,"column":6},"end":{"line":96,"column":null}},"33":{"start":{"line":100,"column":2},"end":{"line":115,"column":null}},"34":{"start":{"line":105,"column":12},"end":{"line":105,"column":26}},"35":{"start":{"line":117,"column":23},"end":{"line":117,"column":null}},"36":{"start":{"line":146,"column":27},"end":{"line":146,"column":null}},"37":{"start":{"line":175,"column":86},"end":{"line":175,"column":null}},"38":{"start":{"line":179,"column":86},"end":{"line":179,"column":null}},"39":{"start":{"line":183,"column":86},"end":{"line":183,"column":null}},"40":{"start":{"line":187,"column":86},"end":{"line":187,"column":null}},"41":{"start":{"line":501,"column":46},"end":{"line":501,"column":65}},"42":{"start":{"line":507,"column":20},"end":{"line":507,"column":48}},"43":{"start":{"line":515,"column":16},"end":{"line":515,"column":37}},"44":{"start":{"line":541,"column":16},"end":{"line":541,"column":39}},"45":{"start":{"line":578,"column":46},"end":{"line":578,"column":65}},"46":{"start":{"line":584,"column":20},"end":{"line":584,"column":48}}},"fnMap":{"0":{"name":"AdminDashboard","decl":{"start":{"line":67,"column":24},"end":{"line":67,"column":null}},"loc":{"start":{"line":67,"column":24},"end":{"line":614,"column":null}}},"1":{"name":"(anonymous_2)","decl":{"start":{"line":75,"column":12},"end":{"line":75,"column":null}},"loc":{"start":{"line":75,"column":12},"end":{"line":77,"column":5}}},"2":{"name":"(anonymous_3)","decl":{"start":{"line":79,"column":12},"end":{"line":79,"column":null}},"loc":{"start":{"line":79,"column":12},"end":{"line":86,"column":5}}},"3":{"name":"(anonymous_4)","decl":{"start":{"line":81,"column":35},"end":{"line":81,"column":null}},"loc":{"start":{"line":81,"column":35},"end":{"line":83,"column":9}}},"4":{"name":"(anonymous_5)","decl":{"start":{"line":84,"column":13},"end":{"line":84,"column":19}},"loc":{"start":{"line":84,"column":19},"end":{"line":84,"column":null}}},"5":{"name":"(anonymous_6)","decl":{"start":{"line":88,"column":27},"end":{"line":88,"column":null}},"loc":{"start":{"line":88,"column":27},"end":{"line":98,"column":null}}},"6":{"name":"(anonymous_7)","decl":{"start":{"line":104,"column":29},"end":{"line":104,"column":30}},"loc":{"start":{"line":105,"column":12},"end":{"line":105,"column":26}}},"7":{"name":"(anonymous_8)","decl":{"start":{"line":146,"column":21},"end":{"line":146,"column":27}},"loc":{"start":{"line":146,"column":27},"end":{"line":146,"column":null}}},"8":{"name":"(anonymous_9)","decl":{"start":{"line":175,"column":80},"end":{"line":175,"column":86}},"loc":{"start":{"line":175,"column":86},"end":{"line":175,"column":null}}},"9":{"name":"(anonymous_10)","decl":{"start":{"line":179,"column":80},"end":{"line":179,"column":86}},"loc":{"start":{"line":179,"column":86},"end":{"line":179,"column":null}}},"10":{"name":"(anonymous_11)","decl":{"start":{"line":183,"column":80},"end":{"line":183,"column":86}},"loc":{"start":{"line":183,"column":86},"end":{"line":183,"column":null}}},"11":{"name":"(anonymous_12)","decl":{"start":{"line":187,"column":80},"end":{"line":187,"column":86}},"loc":{"start":{"line":187,"column":86},"end":{"line":187,"column":null}}},"12":{"name":"(anonymous_13)","decl":{"start":{"line":501,"column":25},"end":{"line":501,"column":26}},"loc":{"start":{"line":501,"column":46},"end":{"line":501,"column":65}}},"13":{"name":"(anonymous_14)","decl":{"start":{"line":506,"column":56},"end":{"line":506,"column":57}},"loc":{"start":{"line":507,"column":20},"end":{"line":507,"column":48}}},"14":{"name":"(anonymous_15)","decl":{"start":{"line":514,"column":52},"end":{"line":514,"column":53}},"loc":{"start":{"line":515,"column":16},"end":{"line":515,"column":37}}},"15":{"name":"(anonymous_16)","decl":{"start":{"line":540,"column":52},"end":{"line":540,"column":53}},"loc":{"start":{"line":541,"column":16},"end":{"line":541,"column":39}}},"16":{"name":"(anonymous_17)","decl":{"start":{"line":578,"column":25},"end":{"line":578,"column":26}},"loc":{"start":{"line":578,"column":46},"end":{"line":578,"column":65}}},"17":{"name":"(anonymous_18)","decl":{"start":{"line":583,"column":49},"end":{"line":583,"column":50}},"loc":{"start":{"line":584,"column":20},"end":{"line":584,"column":48}}}},"branchMap":{"0":{"loc":{"start":{"line":80,"column":4},"end":{"line":85,"column":null}},"type":"if","locations":[{"start":{"line":80,"column":4},"end":{"line":85,"column":null}},{"start":{},"end":{}}]},"1":{"loc":{"start":{"line":100,"column":2},"end":{"line":115,"column":null}},"type":"if","locations":[{"start":{"line":100,"column":2},"end":{"line":115,"column":null}},{"start":{},"end":{}}]},"2":{"loc":{"start":{"line":147,"column":26},"end":{"line":147,"column":null}},"type":"binary-expr","locations":[{"start":{"line":147,"column":26},"end":{"line":147,"column":41}},{"start":{"line":147,"column":41},"end":{"line":147,"column":null}}]},"3":{"loc":{"start":{"line":149,"column":53},"end":{"line":149,"column":null}},"type":"binary-expr","locations":[{"start":{"line":149,"column":53},"end":{"line":149,"column":68}},{"start":{"line":149,"column":68},"end":{"line":149,"column":null}}]},"4":{"loc":{"start":{"line":150,"column":13},"end":{"line":150,"column":null}},"type":"cond-expr","locations":[{"start":{"line":150,"column":27},"end":{"line":150,"column":36}},{"start":{"line":150,"column":36},"end":{"line":150,"column":null}}]},"5":{"loc":{"start":{"line":204,"column":52},"end":{"line":204,"column":null}},"type":"binary-expr","locations":[{"start":{"line":204,"column":52},"end":{"line":204,"column":111}},{"start":{"line":204,"column":111},"end":{"line":204,"column":null}}]},"6":{"loc":{"start":{"line":207,"column":63},"end":{"line":207,"column":107}},"type":"binary-expr","locations":[{"start":{"line":207,"column":63},"end":{"line":207,"column":105}},{"start":{"line":207,"column":105},"end":{"line":207,"column":107}}]},"7":{"loc":{"start":{"line":221,"column":52},"end":{"line":221,"column":null}},"type":"binary-expr","locations":[{"start":{"line":221,"column":52},"end":{"line":221,"column":101}},{"start":{"line":221,"column":101},"end":{"line":221,"column":null}}]},"8":{"loc":{"start":{"line":224,"column":63},"end":{"line":224,"column":103}},"type":"binary-expr","locations":[{"start":{"line":224,"column":63},"end":{"line":224,"column":101}},{"start":{"line":224,"column":101},"end":{"line":224,"column":103}}]},"9":{"loc":{"start":{"line":238,"column":51},"end":{"line":238,"column":null}},"type":"binary-expr","locations":[{"start":{"line":238,"column":51},"end":{"line":238,"column":75}},{"start":{"line":238,"column":75},"end":{"line":238,"column":null}}]},"10":{"loc":{"start":{"line":255,"column":51},"end":{"line":255,"column":null}},"type":"binary-expr","locations":[{"start":{"line":255,"column":51},"end":{"line":255,"column":76}},{"start":{"line":255,"column":76},"end":{"line":255,"column":null}}]},"11":{"loc":{"start":{"line":272,"column":51},"end":{"line":272,"column":91}},"type":"binary-expr","locations":[{"start":{"line":272,"column":51},"end":{"line":272,"column":89}},{"start":{"line":272,"column":89},"end":{"line":272,"column":91}}]},"12":{"loc":{"start":{"line":289,"column":52},"end":{"line":289,"column":null}},"type":"binary-expr","locations":[{"start":{"line":289,"column":52},"end":{"line":289,"column":102}},{"start":{"line":289,"column":102},"end":{"line":289,"column":null}}]},"13":{"loc":{"start":{"line":306,"column":51},"end":{"line":306,"column":null}},"type":"binary-expr","locations":[{"start":{"line":306,"column":51},"end":{"line":306,"column":75}},{"start":{"line":306,"column":75},"end":{"line":306,"column":null}}]},"14":{"loc":{"start":{"line":308,"column":17},"end":{"line":308,"column":42}},"type":"binary-expr","locations":[{"start":{"line":308,"column":17},"end":{"line":308,"column":40}},{"start":{"line":308,"column":40},"end":{"line":308,"column":42}}]},"15":{"loc":{"start":{"line":321,"column":51},"end":{"line":321,"column":88}},"type":"binary-expr","locations":[{"start":{"line":321,"column":51},"end":{"line":321,"column":83}},{"start":{"line":321,"column":83},"end":{"line":321,"column":88}}]},"16":{"loc":{"start":{"line":347,"column":53},"end":{"line":347,"column":90}},"type":"binary-expr","locations":[{"start":{"line":347,"column":53},"end":{"line":347,"column":88}},{"start":{"line":347,"column":88},"end":{"line":347,"column":90}}]},"17":{"loc":{"start":{"line":350,"column":81},"end":{"line":350,"column":118}},"type":"binary-expr","locations":[{"start":{"line":350,"column":81},"end":{"line":350,"column":116}},{"start":{"line":350,"column":116},"end":{"line":350,"column":118}}]},"18":{"loc":{"start":{"line":360,"column":53},"end":{"line":360,"column":93}},"type":"binary-expr","locations":[{"start":{"line":360,"column":53},"end":{"line":360,"column":91}},{"start":{"line":360,"column":91},"end":{"line":360,"column":93}}]},"19":{"loc":{"start":{"line":363,"column":83},"end":{"line":363,"column":123}},"type":"binary-expr","locations":[{"start":{"line":363,"column":83},"end":{"line":363,"column":121}},{"start":{"line":363,"column":121},"end":{"line":363,"column":123}}]},"20":{"loc":{"start":{"line":373,"column":53},"end":{"line":373,"column":94}},"type":"binary-expr","locations":[{"start":{"line":373,"column":53},"end":{"line":373,"column":92}},{"start":{"line":373,"column":92},"end":{"line":373,"column":94}}]},"21":{"loc":{"start":{"line":376,"column":82},"end":{"line":376,"column":123}},"type":"binary-expr","locations":[{"start":{"line":376,"column":82},"end":{"line":376,"column":121}},{"start":{"line":376,"column":121},"end":{"line":376,"column":123}}]},"22":{"loc":{"start":{"line":385,"column":50},"end":{"line":385,"column":95}},"type":"binary-expr","locations":[{"start":{"line":385,"column":50},"end":{"line":385,"column":93}},{"start":{"line":385,"column":93},"end":{"line":385,"column":95}}]},"23":{"loc":{"start":{"line":393,"column":50},"end":{"line":393,"column":84}},"type":"binary-expr","locations":[{"start":{"line":393,"column":50},"end":{"line":393,"column":82}},{"start":{"line":393,"column":82},"end":{"line":393,"column":84}}]},"24":{"loc":{"start":{"line":401,"column":50},"end":{"line":401,"column":88}},"type":"binary-expr","locations":[{"start":{"line":401,"column":50},"end":{"line":401,"column":86}},{"start":{"line":401,"column":86},"end":{"line":401,"column":88}}]},"25":{"loc":{"start":{"line":418,"column":31},"end":{"line":418,"column":73}},"type":"binary-expr","locations":[{"start":{"line":418,"column":31},"end":{"line":418,"column":71}},{"start":{"line":418,"column":71},"end":{"line":418,"column":73}}]},"26":{"loc":{"start":{"line":497,"column":24},"end":{"line":497,"column":54}},"type":"binary-expr","locations":[{"start":{"line":497,"column":24},"end":{"line":497,"column":52}},{"start":{"line":497,"column":52},"end":{"line":497,"column":54}}]},"27":{"loc":{"start":{"line":506,"column":20},"end":{"line":506,"column":50}},"type":"binary-expr","locations":[{"start":{"line":506,"column":20},"end":{"line":506,"column":48}},{"start":{"line":506,"column":48},"end":{"line":506,"column":50}}]},"28":{"loc":{"start":{"line":514,"column":16},"end":{"line":514,"column":46}},"type":"binary-expr","locations":[{"start":{"line":514,"column":16},"end":{"line":514,"column":44}},{"start":{"line":514,"column":44},"end":{"line":514,"column":46}}]},"29":{"loc":{"start":{"line":540,"column":16},"end":{"line":540,"column":46}},"type":"binary-expr","locations":[{"start":{"line":540,"column":16},"end":{"line":540,"column":44}},{"start":{"line":540,"column":44},"end":{"line":540,"column":46}}]},"30":{"loc":{"start":{"line":544,"column":20},"end":{"line":544,"column":null}},"type":"binary-expr","locations":[{"start":{"line":544,"column":20},"end":{"line":544,"column":56}},{"start":{"line":544,"column":56},"end":{"line":544,"column":null}}]},"31":{"loc":{"start":{"line":545,"column":20},"end":{"line":545,"column":null}},"type":"binary-expr","locations":[{"start":{"line":545,"column":20},"end":{"line":545,"column":49}},{"start":{"line":545,"column":49},"end":{"line":545,"column":null}}]},"32":{"loc":{"start":{"line":546,"column":20},"end":{"line":546,"column":null}},"type":"binary-expr","locations":[{"start":{"line":546,"column":20},"end":{"line":546,"column":49}},{"start":{"line":546,"column":49},"end":{"line":546,"column":null}}]},"33":{"loc":{"start":{"line":547,"column":20},"end":{"line":547,"column":null}},"type":"binary-expr","locations":[{"start":{"line":547,"column":20},"end":{"line":547,"column":51}},{"start":{"line":547,"column":51},"end":{"line":547,"column":null}}]},"34":{"loc":{"start":{"line":549,"column":21},"end":{"line":549,"column":57}},"type":"binary-expr","locations":[{"start":{"line":549,"column":21},"end":{"line":549,"column":57}}]},"35":{"loc":{"start":{"line":550,"column":21},"end":{"line":550,"column":50}},"type":"binary-expr","locations":[{"start":{"line":550,"column":21},"end":{"line":550,"column":50}}]},"36":{"loc":{"start":{"line":551,"column":21},"end":{"line":551,"column":50}},"type":"binary-expr","locations":[{"start":{"line":551,"column":21},"end":{"line":551,"column":50}}]},"37":{"loc":{"start":{"line":552,"column":21},"end":{"line":552,"column":52}},"type":"binary-expr","locations":[{"start":{"line":552,"column":21},"end":{"line":552,"column":52}}]}},"s":{"0":0,"1":0,"2":0,"3":0,"4":0,"5":0,"6":0,"7":0,"8":0,"9":0,"10":0,"11":0,"12":0,"13":0,"14":0,"15":0,"16":0,"17":0,"18":0,"19":0,"20":0,"21":0,"22":0,"23":0,"24":0,"25":0,"26":0,"27":0,"28":0,"29":0,"30":0,"31":0,"32":0,"33":0,"34":0,"35":0,"36":0,"37":0,"38":0,"39":0,"40":0,"41":0,"42":0,"43":0,"44":0,"45":0,"46":0},"f":{"0":0,"1":0,"2":0,"3":0,"4":0,"5":0,"6":0,"7":0,"8":0,"9":0,"10":0,"11":0,"12":0,"13":0,"14":0,"15":0,"16":0,"17":0},"b":{"0":[0,0],"1":[0,0],"2":[0,0],"3":[0,0],"4":[0,0],"5":[0,0],"6":[0,0],"7":[0,0],"8":[0,0],"9":[0,0],"10":[0,0],"11":[0,0],"12":[0,0],"13":[0,0],"14":[0,0],"15":[0,0],"16":[0,0],"17":[0,0],"18":[0,0],"19":[0,0],"20":[0,0],"21":[0,0],"22":[0,0],"23":[0,0],"24":[0,0],"25":[0,0],"26":[0,0],"27":[0,0],"28":[0,0],"29":[0,0],"30":[0,0],"31":[0,0],"32":[0,0],"33":[0,0],"34":[0],"35":[0],"36":[0],"37":[0]}}
,"C:\\Users\\rahul\\Proj\\solisteo-rahul\\frontend\\app\\(admin)\\admin\\logs\\page.tsx": {"path":"C:\\Users\\rahul\\Proj\\solisteo-rahul\\frontend\\app\\(admin)\\admin\\logs\\page.tsx","statementMap":{"0":{"start":{"line":120,"column":24},"end":{"line":120,"column":null}},"1":{"start":{"line":3,"column":36},"end":{"line":3,"column":null}},"2":{"start":{"line":4,"column":74},"end":{"line":4,"column":null}},"3":{"start":{"line":5,"column":78},"end":{"line":5,"column":null}},"4":{"start":{"line":6,"column":22},"end":{"line":6,"column":null}},"5":{"start":{"line":7,"column":23},"end":{"line":7,"column":null}},"6":{"start":{"line":8,"column":22},"end":{"line":8,"column":null}},"7":{"start":{"line":9,"column":78},"end":{"line":9,"column":null}},"8":{"start":{"line":10,"column":25},"end":{"line":10,"column":null}},"9":{"start":{"line":17,"column":7},"end":{"line":17,"column":null}},"10":{"start":{"line":18,"column":23},"end":{"line":18,"column":null}},"11":{"start":{"line":19,"column":19},"end":{"line":19,"column":null}},"12":{"start":{"line":34,"column":26},"end":{"line":71,"column":null}},"13":{"start":{"line":35,"column":19},"end":{"line":35,"column":null}},"14":{"start":{"line":36,"column":17},"end":{"line":36,"column":null}},"15":{"start":{"line":37,"column":21},"end":{"line":37,"column":38}},"16":{"start":{"line":39,"column":4},"end":{"line":41,"column":null}},"17":{"start":{"line":40,"column":8},"end":{"line":40,"column":null}},"18":{"start":{"line":42,"column":4},"end":{"line":44,"column":null}},"19":{"start":{"line":43,"column":8},"end":{"line":43,"column":null}},"20":{"start":{"line":45,"column":4},"end":{"line":47,"column":null}},"21":{"start":{"line":46,"column":8},"end":{"line":46,"column":null}},"22":{"start":{"line":48,"column":4},"end":{"line":50,"column":null}},"23":{"start":{"line":49,"column":8},"end":{"line":49,"column":null}},"24":{"start":{"line":51,"column":4},"end":{"line":53,"column":null}},"25":{"start":{"line":52,"column":8},"end":{"line":52,"column":null}},"26":{"start":{"line":54,"column":4},"end":{"line":56,"column":null}},"27":{"start":{"line":55,"column":8},"end":{"line":55,"column":null}},"28":{"start":{"line":57,"column":4},"end":{"line":59,"column":null}},"29":{"start":{"line":58,"column":8},"end":{"line":58,"column":null}},"30":{"start":{"line":60,"column":4},"end":{"line":62,"column":null}},"31":{"start":{"line":61,"column":8},"end":{"line":61,"column":null}},"32":{"start":{"line":63,"column":4},"end":{"line":65,"column":null}},"33":{"start":{"line":64,"column":8},"end":{"line":64,"column":null}},"34":{"start":{"line":66,"column":4},"end":{"line":68,"column":null}},"35":{"start":{"line":67,"column":8},"end":{"line":67,"column":null}},"36":{"start":{"line":70,"column":4},"end":{"line":70,"column":null}},"37":{"start":{"line":74,"column":27},"end":{"line":111,"column":null}},"38":{"start":{"line":75,"column":24},"end":{"line":75,"column":null}},"39":{"start":{"line":77,"column":4},"end":{"line":83,"column":null}},"40":{"start":{"line":78,"column":8},"end":{"line":82,"column":null}},"41":{"start":{"line":84,"column":4},"end":{"line":90,"column":null}},"42":{"start":{"line":85,"column":8},"end":{"line":89,"column":null}},"43":{"start":{"line":91,"column":4},"end":{"line":97,"column":null}},"44":{"start":{"line":92,"column":8},"end":{"line":96,"column":null}},"45":{"start":{"line":98,"column":4},"end":{"line":104,"column":null}},"46":{"start":{"line":99,"column":8},"end":{"line":103,"column":null}},"47":{"start":{"line":106,"column":4},"end":{"line":110,"column":null}},"48":{"start":{"line":114,"column":24},"end":{"line":118,"column":null}},"49":{"start":{"line":115,"column":4},"end":{"line":115,"column":null}},"50":{"start":{"line":115,"column":13},"end":{"line":115,"column":null}},"51":{"start":{"line":117,"column":4},"end":{"line":117,"column":null}},"52":{"start":{"line":121,"column":28},"end":{"line":121,"column":null}},"53":{"start":{"line":122,"column":44},"end":{"line":122,"column":null}},"54":{"start":{"line":123,"column":38},"end":{"line":123,"column":null}},"55":{"start":{"line":124,"column":40},"end":{"line":124,"column":null}},"56":{"start":{"line":125,"column":44},"end":{"line":125,"column":null}},"57":{"start":{"line":126,"column":40},"end":{"line":126,"column":null}},"58":{"start":{"line":127,"column":42},"end":{"line":127,"column":null}},"59":{"start":{"line":129,"column":4},"end":{"line":131,"column":null}},"60":{"start":{"line":130,"column":8},"end":{"line":130,"column":null}},"61":{"start":{"line":133,"column":4},"end":{"line":135,"column":null}},"62":{"start":{"line":134,"column":8},"end":{"line":134,"column":null}},"63":{"start":{"line":137,"column":22},"end":{"line":146,"column":null}},"64":{"start":{"line":138,"column":8},"end":{"line":145,"column":null}},"65":{"start":{"line":139,"column":29},"end":{"line":139,"column":null}},"66":{"start":{"line":140,"column":12},"end":{"line":140,"column":null}},"67":{"start":{"line":142,"column":12},"end":{"line":142,"column":null}},"68":{"start":{"line":144,"column":12},"end":{"line":144,"column":null}},"69":{"start":{"line":148,"column":23},"end":{"line":182,"column":null}},"70":{"start":{"line":149,"column":23},"end":{"line":149,"column":null}},"71":{"start":{"line":151,"column":8},"end":{"line":162,"column":null}},"72":{"start":{"line":152,"column":24},"end":{"line":152,"column":null}},"73":{"start":{"line":153,"column":52},"end":{"line":158,"column":null}},"74":{"start":{"line":159,"column":26},"end":{"line":159,"column":45}},"75":{"start":{"line":160,"column":27},"end":{"line":160,"column":null}},"76":{"start":{"line":161,"column":12},"end":{"line":161,"column":null}},"77":{"start":{"line":161,"column":46},"end":{"line":161,"column":null}},"78":{"start":{"line":164,"column":8},"end":{"line":168,"column":null}},"79":{"start":{"line":165,"column":12},"end":{"line":166,"column":null}},"80":{"start":{"line":166,"column":16},"end":{"line":166,"column":null}},"81":{"start":{"line":170,"column":8},"end":{"line":179,"column":null}},"82":{"start":{"line":171,"column":25},"end":{"line":171,"column":null}},"83":{"start":{"line":172,"column":12},"end":{"line":177,"column":null}},"84":{"start":{"line":173,"column":16},"end":{"line":177,"column":null}},"85":{"start":{"line":181,"column":8},"end":{"line":181,"column":null}},"86":{"start":{"line":184,"column":26},"end":{"line":196,"column":null}},"87":{"start":{"line":185,"column":28},"end":{"line":185,"column":null}},"88":{"start":{"line":198,"column":27},"end":{"line":209,"column":null}},"89":{"start":{"line":199,"column":28},"end":{"line":199,"column":null}},"90":{"start":{"line":200,"column":8},"end":{"line":201,"column":null}},"91":{"start":{"line":201,"column":12},"end":{"line":201,"column":null}},"92":{"start":{"line":202,"column":8},"end":{"line":203,"column":null}},"93":{"start":{"line":203,"column":12},"end":{"line":203,"column":null}},"94":{"start":{"line":204,"column":8},"end":{"line":205,"column":null}},"95":{"start":{"line":205,"column":12},"end":{"line":205,"column":null}},"96":{"start":{"line":206,"column":8},"end":{"line":207,"column":null}},"97":{"start":{"line":207,"column":12},"end":{"line":207,"column":null}},"98":{"start":{"line":208,"column":8},"end":{"line":208,"column":null}},"99":{"start":{"line":212,"column":25},"end":{"line":214,"column":12}},"100":{"start":{"line":213,"column":8},"end":{"line":213,"column":null}},"101":{"start":{"line":216,"column":26},"end":{"line":221,"column":10}},"102":{"start":{"line":218,"column":27},"end":{"line":218,"column":null}},"103":{"start":{"line":219,"column":24},"end":{"line":219,"column":38}},"104":{"start":{"line":223,"column":24},"end":{"line":223,"column":93}},"105":{"start":{"line":223,"column":56},"end":{"line":223,"column":70}},"106":{"start":{"line":224,"column":28},"end":{"line":227,"column":12}},"107":{"start":{"line":225,"column":8},"end":{"line":226,"column":null}},"108":{"start":{"line":348,"column":49},"end":{"line":348,"column":null}},"109":{"start":{"line":414,"column":49},"end":{"line":414,"column":null}},"110":{"start":{"line":415,"column":36},"end":{"line":417,"column":null}},"111":{"start":{"line":422,"column":59},"end":{"line":422,"column":null}},"112":{"start":{"line":501,"column":35},"end":{"line":501,"column":null}},"113":{"start":{"line":507,"column":40},"end":{"line":507,"column":null}},"114":{"start":{"line":512,"column":81},"end":{"line":512,"column":null}},"115":{"start":{"line":630,"column":73},"end":{"line":630,"column":95}}},"fnMap":{"0":{"name":"(anonymous_1)","decl":{"start":{"line":34,"column":26},"end":{"line":34,"column":27}},"loc":{"start":{"line":34,"column":27},"end":{"line":71,"column":null}}},"1":{"name":"(anonymous_2)","decl":{"start":{"line":74,"column":27},"end":{"line":74,"column":28}},"loc":{"start":{"line":74,"column":28},"end":{"line":111,"column":null}}},"2":{"name":"(anonymous_3)","decl":{"start":{"line":114,"column":24},"end":{"line":114,"column":25}},"loc":{"start":{"line":114,"column":25},"end":{"line":118,"column":null}}},"3":{"name":"AdminLogsPage","decl":{"start":{"line":120,"column":24},"end":{"line":120,"column":null}},"loc":{"start":{"line":120,"column":24},"end":{"line":644,"column":null}}},"4":{"name":"(anonymous_5)","decl":{"start":{"line":129,"column":14},"end":{"line":129,"column":null}},"loc":{"start":{"line":129,"column":14},"end":{"line":131,"column":7}}},"5":{"name":"(anonymous_6)","decl":{"start":{"line":133,"column":14},"end":{"line":133,"column":null}},"loc":{"start":{"line":133,"column":14},"end":{"line":135,"column":7}}},"6":{"name":"(anonymous_7)","decl":{"start":{"line":137,"column":22},"end":{"line":137,"column":null}},"loc":{"start":{"line":137,"column":22},"end":{"line":146,"column":null}}},"7":{"name":"(anonymous_8)","decl":{"start":{"line":148,"column":23},"end":{"line":148,"column":null}},"loc":{"start":{"line":148,"column":23},"end":{"line":182,"column":null}}},"8":{"name":"(anonymous_9)","decl":{"start":{"line":161,"column":39},"end":{"line":161,"column":46}},"loc":{"start":{"line":161,"column":46},"end":{"line":161,"column":null}}},"9":{"name":"(anonymous_10)","decl":{"start":{"line":165,"column":39},"end":{"line":165,"column":null}},"loc":{"start":{"line":166,"column":16},"end":{"line":166,"column":null}}},"10":{"name":"(anonymous_11)","decl":{"start":{"line":172,"column":39},"end":{"line":172,"column":null}},"loc":{"start":{"line":173,"column":16},"end":{"line":177,"column":null}}},"11":{"name":"(anonymous_12)","decl":{"start":{"line":184,"column":26},"end":{"line":184,"column":27}},"loc":{"start":{"line":184,"column":27},"end":{"line":196,"column":null}}},"12":{"name":"(anonymous_13)","decl":{"start":{"line":198,"column":27},"end":{"line":198,"column":28}},"loc":{"start":{"line":198,"column":28},"end":{"line":209,"column":null}}},"13":{"name":"(anonymous_14)","decl":{"start":{"line":212,"column":45},"end":{"line":212,"column":null}},"loc":{"start":{"line":213,"column":8},"end":{"line":213,"column":null}}},"14":{"name":"(anonymous_15)","decl":{"start":{"line":218,"column":20},"end":{"line":218,"column":27}},"loc":{"start":{"line":218,"column":27},"end":{"line":218,"column":null}}},"15":{"name":"(anonymous_16)","decl":{"start":{"line":219,"column":17},"end":{"line":219,"column":24}},"loc":{"start":{"line":219,"column":24},"end":{"line":219,"column":38}}},"16":{"name":"(anonymous_17)","decl":{"start":{"line":223,"column":49},"end":{"line":223,"column":56}},"loc":{"start":{"line":223,"column":56},"end":{"line":223,"column":70}}},"17":{"name":"(anonymous_18)","decl":{"start":{"line":224,"column":48},"end":{"line":224,"column":null}},"loc":{"start":{"line":225,"column":8},"end":{"line":226,"column":null}}},"18":{"name":"(anonymous_19)","decl":{"start":{"line":348,"column":42},"end":{"line":348,"column":43}},"loc":{"start":{"line":348,"column":49},"end":{"line":348,"column":null}}},"19":{"name":"(anonymous_20)","decl":{"start":{"line":413,"column":50},"end":{"line":413,"column":51}},"loc":{"start":{"line":413,"column":56},"end":{"line":479,"column":null}}},"20":{"name":"(anonymous_21)","decl":{"start":{"line":422,"column":53},"end":{"line":422,"column":59}},"loc":{"start":{"line":422,"column":59},"end":{"line":422,"column":null}}},"21":{"name":"(anonymous_22)","decl":{"start":{"line":501,"column":29},"end":{"line":501,"column":35}},"loc":{"start":{"line":501,"column":35},"end":{"line":501,"column":null}}},"22":{"name":"(anonymous_23)","decl":{"start":{"line":507,"column":33},"end":{"line":507,"column":34}},"loc":{"start":{"line":507,"column":40},"end":{"line":507,"column":null}}},"23":{"name":"(anonymous_24)","decl":{"start":{"line":512,"column":75},"end":{"line":512,"column":81}},"loc":{"start":{"line":512,"column":81},"end":{"line":512,"column":null}}},"24":{"name":"(anonymous_25)","decl":{"start":{"line":630,"column":67},"end":{"line":630,"column":73}},"loc":{"start":{"line":630,"column":73},"end":{"line":630,"column":95}}}},"branchMap":{"0":{"loc":{"start":{"line":36,"column":17},"end":{"line":36,"column":null}},"type":"binary-expr","locations":[{"start":{"line":36,"column":17},"end":{"line":36,"column":31}},{"start":{"line":36,"column":35},"end":{"line":36,"column":null}}]},"1":{"loc":{"start":{"line":39,"column":4},"end":{"line":41,"column":null}},"type":"if","locations":[{"start":{"line":39,"column":4},"end":{"line":41,"column":null}},{"start":{},"end":{}}]},"2":{"loc":{"start":{"line":39,"column":8},"end":{"line":39,"column":64}},"type":"binary-expr","locations":[{"start":{"line":39,"column":8},"end":{"line":39,"column":36}},{"start":{"line":39,"column":36},"end":{"line":39,"column":64}}]},"3":{"loc":{"start":{"line":42,"column":4},"end":{"line":44,"column":null}},"type":"if","locations":[{"start":{"line":42,"column":4},"end":{"line":44,"column":null}},{"start":{},"end":{}}]},"4":{"loc":{"start":{"line":42,"column":8},"end":{"line":42,"column":63}},"type":"binary-expr","locations":[{"start":{"line":42,"column":8},"end":{"line":42,"column":36}},{"start":{"line":42,"column":36},"end":{"line":42,"column":63}}]},"5":{"loc":{"start":{"line":45,"column":4},"end":{"line":47,"column":null}},"type":"if","locations":[{"start":{"line":45,"column":4},"end":{"line":47,"column":null}},{"start":{},"end":{}}]},"6":{"loc":{"start":{"line":48,"column":4},"end":{"line":50,"column":null}},"type":"if","locations":[{"start":{"line":48,"column":4},"end":{"line":50,"column":null}},{"start":{},"end":{}}]},"7":{"loc":{"start":{"line":51,"column":4},"end":{"line":53,"column":null}},"type":"if","locations":[{"start":{"line":51,"column":4},"end":{"line":53,"column":null}},{"start":{},"end":{}}]},"8":{"loc":{"start":{"line":51,"column":8},"end":{"line":51,"column":62}},"type":"binary-expr","locations":[{"start":{"line":51,"column":8},"end":{"line":51,"column":37}},{"start":{"line":51,"column":37},"end":{"line":51,"column":62}}]},"9":{"loc":{"start":{"line":54,"column":4},"end":{"line":56,"column":null}},"type":"if","locations":[{"start":{"line":54,"column":4},"end":{"line":56,"column":null}},{"start":{},"end":{}}]},"10":{"loc":{"start":{"line":57,"column":4},"end":{"line":59,"column":null}},"type":"if","locations":[{"start":{"line":57,"column":4},"end":{"line":59,"column":null}},{"start":{},"end":{}}]},"11":{"loc":{"start":{"line":57,"column":8},"end":{"line":57,"column":60}},"type":"binary-expr","locations":[{"start":{"line":57,"column":8},"end":{"line":57,"column":35}},{"start":{"line":57,"column":35},"end":{"line":57,"column":60}}]},"12":{"loc":{"start":{"line":60,"column":4},"end":{"line":62,"column":null}},"type":"if","locations":[{"start":{"line":60,"column":4},"end":{"line":62,"column":null}},{"start":{},"end":{}}]},"13":{"loc":{"start":{"line":63,"column":4},"end":{"line":65,"column":null}},"type":"if","locations":[{"start":{"line":63,"column":4},"end":{"line":65,"column":null}},{"start":{},"end":{}}]},"14":{"loc":{"start":{"line":66,"column":4},"end":{"line":68,"column":null}},"type":"if","locations":[{"start":{"line":66,"column":4},"end":{"line":68,"column":null}},{"start":{},"end":{}}]},"15":{"loc":{"start":{"line":77,"column":4},"end":{"line":83,"column":null}},"type":"if","locations":[{"start":{"line":77,"column":4},"end":{"line":83,"column":null}},{"start":{},"end":{}}]},"16":{"loc":{"start":{"line":77,"column":8},"end":{"line":77,"column":73}},"type":"binary-expr","locations":[{"start":{"line":77,"column":8},"end":{"line":77,"column":42}},{"start":{"line":77,"column":42},"end":{"line":77,"column":73}}]},"17":{"loc":{"start":{"line":84,"column":4},"end":{"line":90,"column":null}},"type":"if","locations":[{"start":{"line":84,"column":4},"end":{"line":90,"column":null}},{"start":{},"end":{}}]},"18":{"loc":{"start":{"line":91,"column":4},"end":{"line":97,"column":null}},"type":"if","locations":[{"start":{"line":91,"column":4},"end":{"line":97,"column":null}},{"start":{},"end":{}}]},"19":{"loc":{"start":{"line":91,"column":8},"end":{"line":91,"column":75}},"type":"binary-expr","locations":[{"start":{"line":91,"column":8},"end":{"line":91,"column":41}},{"start":{"line":91,"column":41},"end":{"line":91,"column":75}}]},"20":{"loc":{"start":{"line":98,"column":4},"end":{"line":104,"column":null}},"type":"if","locations":[{"start":{"line":98,"column":4},"end":{"line":104,"column":null}},{"start":{},"end":{}}]},"21":{"loc":{"start":{"line":98,"column":8},"end":{"line":98,"column":74}},"type":"binary-expr","locations":[{"start":{"line":98,"column":8},"end":{"line":98,"column":41}},{"start":{"line":98,"column":41},"end":{"line":98,"column":74}}]},"22":{"loc":{"start":{"line":115,"column":4},"end":{"line":115,"column":null}},"type":"if","locations":[{"start":{"line":115,"column":4},"end":{"line":115,"column":null}},{"start":{},"end":{}}]},"23":{"loc":{"start":{"line":151,"column":8},"end":{"line":162,"column":null}},"type":"if","locations":[{"start":{"line":151,"column":8},"end":{"line":162,"column":null}},{"start":{},"end":{}}]},"24":{"loc":{"start":{"line":164,"column":8},"end":{"line":168,"column":null}},"type":"if","locations":[{"start":{"line":164,"column":8},"end":{"line":168,"column":null}},{"start":{},"end":{}}]},"25":{"loc":{"start":{"line":170,"column":8},"end":{"line":179,"column":null}},"type":"if","locations":[{"start":{"line":170,"column":8},"end":{"line":179,"column":null}},{"start":{},"end":{}}]},"26":{"loc":{"start":{"line":173,"column":16},"end":{"line":177,"column":null}},"type":"binary-expr","locations":[{"start":{"line":173,"column":16},"end":{"line":173,"column":null}},{"start":{"line":174,"column":16},"end":{"line":174,"column":null}},{"start":{"line":175,"column":16},"end":{"line":175,"column":null}},{"start":{"line":176,"column":16},"end":{"line":176,"column":null}},{"start":{"line":177,"column":16},"end":{"line":177,"column":null}}]},"27":{"loc":{"start":{"line":186,"column":12},"end":{"line":186,"column":78}},"type":"binary-expr","locations":[{"start":{"line":186,"column":12},"end":{"line":186,"column":45}},{"start":{"line":186,"column":45},"end":{"line":186,"column":78}}]},"28":{"loc":{"start":{"line":187,"column":12},"end":{"line":187,"column":77}},"type":"binary-expr","locations":[{"start":{"line":187,"column":12},"end":{"line":187,"column":45}},{"start":{"line":187,"column":45},"end":{"line":187,"column":77}}]},"29":{"loc":{"start":{"line":191,"column":12},"end":{"line":191,"column":76}},"type":"binary-expr","locations":[{"start":{"line":191,"column":12},"end":{"line":191,"column":46}},{"start":{"line":191,"column":46},"end":{"line":191,"column":76}}]},"30":{"loc":{"start":{"line":200,"column":8},"end":{"line":201,"column":null}},"type":"if","locations":[{"start":{"line":200,"column":8},"end":{"line":201,"column":null}},{"start":{},"end":{}}]},"31":{"loc":{"start":{"line":200,"column":12},"end":{"line":200,"column":null}},"type":"binary-expr","locations":[{"start":{"line":200,"column":12},"end":{"line":200,"column":46}},{"start":{"line":200,"column":46},"end":{"line":200,"column":null}}]},"32":{"loc":{"start":{"line":202,"column":8},"end":{"line":203,"column":null}},"type":"if","locations":[{"start":{"line":202,"column":8},"end":{"line":203,"column":null}},{"start":{},"end":{}}]},"33":{"loc":{"start":{"line":204,"column":8},"end":{"line":205,"column":null}},"type":"if","locations":[{"start":{"line":204,"column":8},"end":{"line":205,"column":null}},{"start":{},"end":{}}]},"34":{"loc":{"start":{"line":206,"column":8},"end":{"line":207,"column":null}},"type":"if","locations":[{"start":{"line":206,"column":8},"end":{"line":207,"column":null}},{"start":{},"end":{}}]},"35":{"loc":{"start":{"line":206,"column":12},"end":{"line":206,"column":null}},"type":"binary-expr","locations":[{"start":{"line":206,"column":12},"end":{"line":206,"column":45}},{"start":{"line":206,"column":45},"end":{"line":206,"column":null}}]},"36":{"loc":{"start":{"line":213,"column":8},"end":{"line":213,"column":null}},"type":"binary-expr","locations":[{"start":{"line":213,"column":8},"end":{"line":213,"column":55}},{"start":{"line":213,"column":55},"end":{"line":213,"column":null}}]},"37":{"loc":{"start":{"line":225,"column":8},"end":{"line":226,"column":null}},"type":"binary-expr","locations":[{"start":{"line":225,"column":8},"end":{"line":225,"column":null}},{"start":{"line":226,"column":8},"end":{"line":226,"column":null}}]},"38":{"loc":{"start":{"line":269,"column":33},"end":{"line":269,"column":null}},"type":"cond-expr","locations":[{"start":{"line":269,"column":52},"end":{"line":269,"column":90}},{"start":{"line":269,"column":90},"end":{"line":269,"column":null}}]},"39":{"loc":{"start":{"line":287,"column":33},"end":{"line":287,"column":null}},"type":"cond-expr","locations":[{"start":{"line":287,"column":53},"end":{"line":287,"column":84}},{"start":{"line":287,"column":84},"end":{"line":287,"column":null}}]},"40":{"loc":{"start":{"line":451,"column":68},"end":{"line":451,"column":null}},"type":"cond-expr","locations":[{"start":{"line":451,"column":97},"end":{"line":451,"column":113}},{"start":{"line":451,"column":113},"end":{"line":451,"column":null}}]},"41":{"loc":{"start":{"line":451,"column":113},"end":{"line":451,"column":null}},"type":"cond-expr","locations":[{"start":{"line":451,"column":144},"end":{"line":451,"column":158}},{"start":{"line":451,"column":158},"end":{"line":451,"column":null}}]},"42":{"loc":{"start":{"line":464,"column":61},"end":{"line":464,"column":75}},"type":"binary-expr","locations":[{"start":{"line":464,"column":61},"end":{"line":464,"column":75}}]},"43":{"loc":{"start":{"line":480,"column":33},"end":{"line":480,"column":null}},"type":"binary-expr","locations":[{"start":{"line":480,"column":33},"end":{"line":480,"column":null}}]},"44":{"loc":{"start":{"line":498,"column":13},"end":{"line":498,"column":null}},"type":"binary-expr","locations":[{"start":{"line":498,"column":13},"end":{"line":498,"column":null}}]},"45":{"loc":{"start":{"line":537,"column":32},"end":{"line":539,"column":null}},"type":"cond-expr","locations":[{"start":{"line":537,"column":95},"end":{"line":537,"column":null}},{"start":{"line":538,"column":36},"end":{"line":539,"column":null}}]},"46":{"loc":{"start":{"line":538,"column":36},"end":{"line":539,"column":null}},"type":"cond-expr","locations":[{"start":{"line":538,"column":101},"end":{"line":538,"column":null}},{"start":{"line":539,"column":40},"end":{"line":539,"column":null}}]},"47":{"loc":{"start":{"line":576,"column":41},"end":{"line":576,"column":null}},"type":"binary-expr","locations":[{"start":{"line":576,"column":41},"end":{"line":576,"column":63}},{"start":{"line":576,"column":67},"end":{"line":576,"column":null}}]},"48":{"loc":{"start":{"line":594,"column":41},"end":{"line":594,"column":null}},"type":"binary-expr","locations":[{"start":{"line":594,"column":41},"end":{"line":594,"column":63}},{"start":{"line":594,"column":67},"end":{"line":594,"column":null}}]},"49":{"loc":{"start":{"line":612,"column":41},"end":{"line":612,"column":null}},"type":"binary-expr","locations":[{"start":{"line":612,"column":41},"end":{"line":612,"column":64}},{"start":{"line":612,"column":68},"end":{"line":612,"column":null}}]},"50":{"loc":{"start":{"line":617,"column":29},"end":{"line":617,"column":48}},"type":"binary-expr","locations":[{"start":{"line":617,"column":29},"end":{"line":617,"column":48}}]}},"s":{"0":0,"1":0,"2":0,"3":0,"4":0,"5":0,"6":0,"7":0,"8":0,"9":0,"10":0,"11":0,"12":0,"13":0,"14":0,"15":0,"16":0,"17":0,"18":0,"19":0,"20":0,"21":0,"22":0,"23":0,"24":0,"25":0,"26":0,"27":0,"28":0,"29":0,"30":0,"31":0,"32":0,"33":0,"34":0,"35":0,"36":0,"37":0,"38":0,"39":0,"40":0,"41":0,"42":0,"43":0,"44":0,"45":0,"46":0,"47":0,"48":0,"49":0,"50":0,"51":0,"52":0,"53":0,"54":0,"55":0,"56":0,"57":0,"58":0,"59":0,"60":0,"61":0,"62":0,"63":0,"64":0,"65":0,"66":0,"67":0,"68":0,"69":0,"70":0,"71":0,"72":0,"73":0,"74":0,"75":0,"76":0,"77":0,"78":0,"79":0,"80":0,"81":0,"82":0,"83":0,"84":0,"85":0,"86":0,"87":0,"88":0,"89":0,"90":0,"91":0,"92":0,"93":0,"94":0,"95":0,"96":0,"97":0,"98":0,"99":0,"100":0,"101":0,"102":0,"103":0,"104":0,"105":0,"106":0,"107":0,"108":0,"109":0,"110":0,"111":0,"112":0,"113":0,"114":0,"115":0},"f":{"0":0,"1":0,"2":0,"3":0,"4":0,"5":0,"6":0,"7":0,"8":0,"9":0,"10":0,"11":0,"12":0,"13":0,"14":0,"15":0,"16":0,"17":0,"18":0,"19":0,"20":0,"21":0,"22":0,"23":0,"24":0},"b":{"0":[0,0],"1":[0,0],"2":[0,0],"3":[0,0],"4":[0,0],"5":[0,0],"6":[0,0],"7":[0,0],"8":[0,0],"9":[0,0],"10":[0,0],"11":[0,0],"12":[0,0],"13":[0,0],"14":[0,0],"15":[0,0],"16":[0,0],"17":[0,0],"18":[0,0],"19":[0,0],"20":[0,0],"21":[0,0],"22":[0,0],"23":[0,0],"24":[0,0],"25":[0,0],"26":[0,0,0,0,0],"27":[0,0],"28":[0,0],"29":[0,0],"30":[0,0],"31":[0,0],"32":[0,0],"33":[0,0],"34":[0,0],"35":[0,0],"36":[0,0],"37":[0,0],"38":[0,0],"39":[0,0],"40":[0,0],"41":[0,0],"42":[0],"43":[0],"44":[0],"45":[0,0],"46":[0,0],"47":[0,0],"48":[0,0],"49":[0,0],"50":[0]}}
[...]
,"C:\\Users\\rahul\\Proj\\solisteo-rahul\\frontend\\components\\ui\\input.tsx": {"path":"C:\\Users\\rahul\\Proj\\solisteo-rahul\\frontend\\components\\ui\\input.tsx","statementMap":{"0":{"start":{"line":22,"column":9},"end":{"line":22,"column":null}},"1":{"start":{"line":1,"column":23},"end":{"line":1,"column":null}},"2":{"start":{"line":3,"column":19},"end":{"line":3,"column":null}},"3":{"start":{"line":5,"column":14},"end":{"line":18,"column":null}},"4":{"start":{"line":20,"column":0},"end":{"line":20,"column":null}}},"fnMap":{"0":{"name":"(anonymous_4)","decl":{"start":{"line":6,"column":2},"end":{"line":6,"column":3}},"loc":{"start":{"line":6,"column":34},"end":{"line":18,"column":null}}}},"branchMap":{},"s":{"0":8,"1":1,"2":1,"3":1,"4":1},"f":{"0":6},"b":{}}
,"C:\\Users\\rahul\\Proj\\solisteo-rahul\\frontend\\components\\ui\\label.tsx": {"path":"C:\\Users\\rahul\\Proj\\solisteo-rahul\\frontend\\components\\ui\\label.tsx","statementMap":{"0":{"start":{"line":26,"column":9},"end":{"line":26,"column":null}},"1":{"start":{"line":3,"column":23},"end":{"line":3,"column":null}},"2":{"start":{"line":4,"column":32},"end":{"line":4,"column":null}},"3":{"start":{"line":5,"column":39},"end":{"line":5,"column":null}},"4":{"start":{"line":7,"column":19},"end":{"line":7,"column":null}},"5":{"start":{"line":9,"column":22},"end":{"line":10,"column":null}},"6":{"start":{"line":24,"column":0},"end":{"line":24,"column":null}}},"fnMap":{},"branchMap":{},"s":{"0":0,"1":0,"2":0,"3":0,"4":0,"5":0,"6":0},"f":{},"b":{}}
,"C:\\Users\\rahul\\Proj\\solisteo-rahul\\frontend\\components\\ui\\popover.tsx": {"path":"C:\\Users\\rahul\\Proj\\solisteo-rahul\\frontend\\components\\ui\\popover.tsx","statementMap":{"0":{"start":{"line":31,"column":9},"end":{"line":31,"column":16}},"1":{"start":{"line":31,"column":34},"end":{"line":31,"column":48}},"2":{"start":{"line":31,"column":18},"end":{"line":31,"column":32}},"3":{"start":{"line":3,"column":23},"end":{"line":3,"column":null}},"4":{"start":{"line":4,"column":34},"end":{"line":4,"column":null}},"5":{"start":{"line":6,"column":19},"end":{"line":6,"column":null}},"6":{"start":{"line":8,"column":16},"end":{"line":8,"column":37}},"7":{"start":{"line":10,"column":23},"end":{"line":10,"column":47}},"8":{"start":{"line":29,"column":0},"end":{"line":29,"column":null}}},"fnMap":{},"branchMap":{"0":{"loc":{"start":{"line":15,"column":16},"end":{"line":15,"column":32}},"type":"default-arg","locations":[{"start":{"line":15,"column":24},"end":{"line":15,"column":32}}]},"1":{"loc":{"start":{"line":15,"column":34},"end":{"line":15,"column":48}},"type":"default-arg","locations":[{"start":{"line":15,"column":47},"end":{"line":15,"column":48}}]}},"s":{"0":6,"1":6,"2":6,"3":1,"4":1,"5":1,"6":1,"7":1,"8":1},"f":{},"b":{"0":[0],"1":[6]}}
,"C:\\Users\\rahul\\Proj\\solisteo-rahul\\frontend\\components\\ui\\progress.tsx": {"path":"C:\\Users\\rahul\\Proj\\solisteo-rahul\\frontend\\components\\ui\\progress.tsx","statementMap":{"0":{"start":{"line":28,"column":9},"end":{"line":28,"column":null}},"1":{"start":{"line":3,"column":23},"end":{"line":3,"column":null}},"2":{"start":{"line":4,"column":35},"end":{"line":4,"column":null}},"3":{"start":{"line":6,"column":19},"end":{"line":6,"column":null}},"4":{"start":{"line":26,"column":0},"end":{"line":26,"column":null}}},"fnMap":{},"branchMap":{"0":{"loc":{"start":{"line":22,"column":48},"end":{"line":22,"column":60}},"type":"binary-expr","locations":[{"start":{"line":22,"column":48},"end":{"line":22,"column":57}},{"start":{"line":22,"column":57},"end":{"line":22,"column":60}}]}},"s":{"0":0,"1":0,"2":0,"3":0,"4":0},"f":{},"b":{"0":[0,0]}}
,"C:\\Users\\rahul\\Proj\\solisteo-rahul\\frontend\\components\\ui\\select.tsx": {"path":"C:\\Users\\rahul\\Proj\\solisteo-rahul\\frontend\\components\\ui\\select.tsx","statementMap":{"0":{"start":{"line":150,"column":2},"end":{"line":150,"column":8}},"1":{"start":{"line":154,"column":2},"end":{"line":154,"column":15}},"2":{"start":{"line":151,"column":2},"end":{"line":151,"column":13}},"3":{"start":{"line":156,"column":2},"end":{"line":156,"column":12}},"4":{"start":{"line":155,"column":2},"end":{"line":155,"column":13}},"5":{"start":{"line":159,"column":2},"end":{"line":159,"column":24}},"6":{"start":{"line":158,"column":2},"end":{"line":158,"column":22}},"7":{"start":{"line":157,"column":2},"end":{"line":157,"column":17}},"8":{"start":{"line":153,"column":2},"end":{"line":153,"column":15}},"9":{"start":{"line":152,"column":2},"end":{"line":152,"column":13}},"10":{"start":{"line":3,"column":23},"end":{"line":3,"column":null}},"11":{"start":{"line":4,"column":33},"end":{"line":4,"column":null}},"12":{"start":{"line":5,"column":46},"end":{"line":5,"column":null}},"13":{"start":{"line":7,"column":19},"end":{"line":7,"column":null}},"14":{"start":{"line":9,"column":15},"end":{"line":9,"column":35}},"15":{"start":{"line":11,"column":20},"end":{"line":11,"column":41}},"16":{"start":{"line":13,"column":20},"end":{"line":13,"column":41}},"17":{"start":{"line":33,"column":0},"end":{"line":33,"column":null}},"18":{"start":{"line":50,"column":0},"end":{"line":50,"column":null}},"19":{"start":{"line":67,"column":0},"end":{"line":68,"column":null}},"20":{"start":{"line":100,"column":0},"end":{"line":100,"column":null}},"21":{"start":{"line":112,"column":0},"end":{"line":112,"column":null}},"22":{"start":{"line":135,"column":0},"end":{"line":135,"column":null}},"23":{"start":{"line":147,"column":0},"end":{"line":147,"column":null}}},"fnMap":{},"branchMap":{"0":{"loc":{"start":{"line":73,"column":26},"end":{"line":73,"column":45}},"type":"default-arg","locations":[{"start":{"line":73,"column":37},"end":{"line":73,"column":45}}]},"1":{"loc":{"start":{"line":79,"column":8},"end":{"line":80,"column":null}},"type":"binary-expr","locations":[{"start":{"line":79,"column":8},"end":{"line":79,"column":null}},{"start":{"line":80,"column":10},"end":{"line":80,"column":null}}]},"2":{"loc":{"start":{"line":90,"column":10},"end":{"line":91,"column":null}},"type":"binary-expr","locations":[{"start":{"line":90,"column":10},"end":{"line":90,"column":null}},{"start":{"line":91,"column":12},"end":{"line":91,"column":null}}]}},"s":{"0":0,"1":0,"2":0,"3":0,"4":0,"5":0,"6":0,"7":0,"8":0,"9":0,"10":0,"11":0,"12":0,"13":0,"14":0,"15":0,"16":0,"17":0,"18":0,"19":0,"20":0,"21":0,"22":0,"23":0},"f":{},"b":{"0":[0],"1":[0,0],"2":[0,0]}}
,"C:\\Users\\rahul\\Proj\\solisteo-rahul\\frontend\\components\\ui\\separator.tsx": {"path":"C:\\Users\\rahul\\Proj\\solisteo-rahul\\frontend\\components\\ui\\separator.tsx","statementMap":{"0":{"start":{"line":31,"column":9},"end":{"line":31,"column":null}},"1":{"start":{"line":3,"column":23},"end":{"line":3,"column":null}},"2":{"start":{"line":4,"column":36},"end":{"line":4,"column":null}},"3":{"start":{"line":6,"column":19},"end":{"line":6,"column":null}},"4":{"start":{"line":29,"column":0},"end":{"line":29,"column":null}}},"fnMap":{},"branchMap":{"0":{"loc":{"start":{"line":13,"column":17},"end":{"line":13,"column":43}},"type":"default-arg","locations":[{"start":{"line":13,"column":31},"end":{"line":13,"column":43}}]},"1":{"loc":{"start":{"line":13,"column":45},"end":{"line":13,"column":62}},"type":"default-arg","locations":[{"start":{"line":13,"column":58},"end":{"line":13,"column":62}}]},"2":{"loc":{"start":{"line":22,"column":8},"end":{"line":22,"column":null}},"type":"cond-expr","locations":[{"start":{"line":22,"column":39},"end":{"line":22,"column":58}},{"start":{"line":22,"column":58},"end":{"line":22,"column":null}}]}},"s":{"0":0,"1":0,"2":0,"3":0,"4":0},"f":{},"b":{"0":[0],"1":[0],"2":[0,0]}}
,"C:\\Users\\rahul\\Proj\\solisteo-rahul\\frontend\\components\\ui\\sheet.tsx": {"path":"C:\\Users\\rahul\\Proj\\solisteo-rahul\\frontend\\components\\ui\\sheet.tsx","statementMap":{"0":{"start":{"line":130,"column":2},"end":{"line":130,"column":7}},"1":{"start":{"line":134,"column":2},"end":{"line":134,"column":12}},"2":{"start":{"line":135,"column":2},"end":{"line":135,"column":14}},"3":{"start":{"line":139,"column":2},"end":{"line":139,"column":18}},"4":{"start":{"line":137,"column":2},"end":{"line":137,"column":13}},"5":{"start":{"line":136,"column":2},"end":{"line":136,"column":13}},"6":{"start":{"line":132,"column":2},"end":{"line":132,"column":14}},"7":{"start":{"line":131,"column":2},"end":{"line":131,"column":13}},"8":{"start":{"line":138,"column":2},"end":{"line":138,"column":12}},"9":{"start":{"line":133,"column":2},"end":{"line":133,"column":14}},"10":{"start":{"line":3,"column":23},"end":{"line":3,"column":null}},"11":{"start":{"line":4,"column":32},"end":{"line":4,"column":null}},"12":{"start":{"line":5,"column":39},"end":{"line":5,"column":null}},"13":{"start":{"line":6,"column":18},"end":{"line":6,"column":null}},"14":{"start":{"line":8,"column":19},"end":{"line":8,"column":null}},"15":{"start":{"line":10,"column":14},"end":{"line":10,"column":33}},"16":{"start":{"line":12,"column":21},"end":{"line":12,"column":43}},"17":{"start":{"line":14,"column":19},"end":{"line":14,"column":39}},"18":{"start":{"line":16,"column":20},"end":{"line":16,"column":41}},"19":{"start":{"line":31,"column":0},"end":{"line":31,"column":null}},"20":{"start":{"line":33,"column":22},"end":{"line":49,"column":null}},"21":{"start":{"line":75,"column":0},"end":{"line":75,"column":null}},"22":{"start":{"line":89,"column":0},"end":{"line":89,"column":null}},"23":{"start":{"line":103,"column":0},"end":{"line":103,"column":null}},"24":{"start":{"line":115,"column":0},"end":{"line":115,"column":null}},"25":{"start":{"line":127,"column":0},"end":{"line":127,"column":null}}},"fnMap":{},"branchMap":{"0":{"loc":{"start":{"line":59,"column":5},"end":{"line":59,"column":19}},"type":"default-arg","locations":[{"start":{"line":59,"column":12},"end":{"line":59,"column":19}}]}},"s":{"0":0,"1":0,"2":0,"3":0,"4":0,"5":0,"6":0,"7":0,"8":0,"9":0,"10":0,"11":0,"12":0,"13":0,"14":0,"15":0,"16":0,"17":0,"18":0,"19":0,"20":0,"21":0,"22":0,"23":0,"24":0,"25":0},"f":{},"b":{"0":[0]}}
,"C:\\Users\\rahul\\Proj\\solisteo-rahul\\frontend\\components\\ui\\skeleton.tsx": {"path":"C:\\Users\\rahul\\Proj\\solisteo-rahul\\frontend\\components\\ui\\skeleton.tsx","statementMap":{"0":{"start":{"line":15,"column":9},"end":{"line":15,"column":null}},"1":{"start":{"line":1,"column":19},"end":{"line":1,"column":null}}},"fnMap":{"0":{"name":"Skeleton","decl":{"start":{"line":3,"column":9},"end":{"line":3,"column":18}},"loc":{"start":{"line":6,"column":39},"end":{"line":13,"column":null}}}},"branchMap":{},"s":{"0":0,"1":0},"f":{"0":0},"b":{}}
,"C:\\Users\\rahul\\Proj\\solisteo-rahul\\frontend\\components\\ui\\switch.tsx": {"path":"C:\\Users\\rahul\\Proj\\solisteo-rahul\\frontend\\components\\ui\\switch.tsx","statementMap":{"0":{"start":{"line":29,"column":9},"end":{"line":29,"column":null}},"1":{"start":{"line":3,"column":23},"end":{"line":3,"column":null}},"2":{"start":{"line":4,"column":34},"end":{"line":4,"column":null}},"3":{"start":{"line":6,"column":19},"end":{"line":6,"column":null}},"4":{"start":{"line":27,"column":0},"end":{"line":27,"column":null}}},"fnMap":{},"branchMap":{},"s":{"0":0,"1":0,"2":0,"3":0,"4":0},"f":{},"b":{}}
,"C:\\Users\\rahul\\Proj\\solisteo-rahul\\frontend\\components\\ui\\table.tsx": {"path":"C:\\Users\\rahul\\Proj\\solisteo-rahul\\frontend\\components\\ui\\table.tsx","statementMap":{"0":{"start":{"line":109,"column":2},"end":{"line":109,"column":7}},"1":{"start":{"line":111,"column":2},"end":{"line":111,"column":11}},"2":{"start":{"line":116,"column":2},"end":{"line":116,"column":14}},"3":{"start":{"line":115,"column":2},"end":{"line":115,"column":11}},"4":{"start":{"line":112,"column":2},"end":{"line":112,"column":13}},"5":{"start":{"line":113,"column":2},"end":{"line":113,"column":11}},"6":{"start":{"line":110,"column":2},"end":{"line":110,"column":13}},"7":{"start":{"line":114,"column":2},"end":{"line":114,"column":10}},"8":{"start":{"line":1,"column":23},"end":{"line":1,"column":null}},"9":{"start":{"line":3,"column":19},"end":{"line":3,"column":null}},"10":{"start":{"line":17,"column":0},"end":{"line":17,"column":null}},"11":{"start":{"line":25,"column":0},"end":{"line":25,"column":null}},"12":{"start":{"line":37,"column":0},"end":{"line":37,"column":null}},"13":{"start":{"line":52,"column":0},"end":{"line":52,"column":null}},"14":{"start":{"line":67,"column":0},"end":{"line":67,"column":null}},"15":{"start":{"line":82,"column":0},"end":{"line":82,"column":null}},"16":{"start":{"line":94,"column":0},"end":{"line":94,"column":null}},"17":{"start":{"line":106,"column":0},"end":{"line":106,"column":null}}},"fnMap":{},"branchMap":{},"s":{"0":22,"1":18,"2":0,"3":0,"4":0,"5":80,"6":22,"7":22,"8":1,"9":1,"10":1,"11":1,"12":1,"13":1,"14":1,"15":1,"16":1,"17":1},"f":{},"b":{}}
,"C:\\Users\\rahul\\Proj\\solisteo-rahul\\frontend\\components\\ui\\tabs.tsx": {"path":"C:\\Users\\rahul\\Proj\\solisteo-rahul\\frontend\\components\\ui\\tabs.tsx","statementMap":{"0":{"start":{"line":55,"column":9},"end":{"line":55,"column":13}},"1":{"start":{"line":55,"column":38},"end":{"line":55,"column":49}},"2":{"start":{"line":55,"column":15},"end":{"line":55,"column":23}},"3":{"start":{"line":55,"column":25},"end":{"line":55,"column":36}},"4":{"start":{"line":3,"column":23},"end":{"line":3,"column":null}},"5":{"start":{"line":4,"column":31},"end":{"line":4,"column":null}},"6":{"start":{"line":6,"column":19},"end":{"line":6,"column":null}},"7":{"start":{"line":8,"column":13},"end":{"line":8,"column":31}},"8":{"start":{"line":23,"column":0},"end":{"line":23,"column":null}},"9":{"start":{"line":38,"column":0},"end":{"line":38,"column":null}},"10":{"start":{"line":53,"column":0},"end":{"line":53,"column":null}}},"fnMap":{},"branchMap":{},"s":{"0":0,"1":0,"2":0,"3":0,"4":0,"5":0,"6":0,"7":0,"8":0,"9":0,"10":0},"f":{},"b":{}}
,"C:\\Users\\rahul\\Proj\\solisteo-rahul\\frontend\\components\\ui\\textarea.tsx": {"path":"C:\\Users\\rahul\\Proj\\solisteo-rahul\\frontend\\components\\ui\\textarea.tsx","statementMap":{"0":{"start":{"line":19,"column":9},"end":{"line":19,"column":null}},"1":{"start":{"line":1,"column":23},"end":{"line":1,"column":null}},"2":{"start":{"line":5,"column":17},"end":{"line":16,"column":null}},"3":{"start":{"line":17,"column":0},"end":{"line":17,"column":null}}},"fnMap":{"0":{"name":"(anonymous_4)","decl":{"start":{"line":5,"column":70},"end":{"line":5,"column":71}},"loc":{"start":{"line":5,"column":96},"end":{"line":16,"column":null}}}},"branchMap":{"0":{"loc":{"start":{"line":10,"column":9},"end":{"line":10,"column":40}},"type":"cond-expr","locations":[{"start":{"line":10,"column":21},"end":{"line":10,"column":36}},{"start":{"line":10,"column":39},"end":{"line":10,"column":40}}]}},"s":{"0":0,"1":0,"2":0,"3":0},"f":{"0":0},"b":{"0":[0,0]}}
,"C:\\Users\\rahul\\Proj\\solisteo-rahul\\frontend\\components\\ui\\toast.tsx": {"path":"C:\\Users\\rahul\\Proj\\solisteo-rahul\\frontend\\components\\ui\\toast.tsx","statementMap":{"0":{"start":{"line":124,"column":2},"end":{"line":124,"column":7}},"1":{"start":{"line":128,"column":2},"end":{"line":128,"column":13}},"2":{"start":{"line":127,"column":2},"end":{"line":127,"column":12}},"3":{"start":{"line":126,"column":2},"end":{"line":126,"column":18}},"4":{"start":{"line":122,"column":2},"end":{"line":122,"column":15}},"5":{"start":{"line":125,"column":2},"end":{"line":125,"column":12}},"6":{"start":{"line":123,"column":2},"end":{"line":123,"column":15}},"7":{"start":{"line":3,"column":23},"end":{"line":3,"column":null}},"8":{"start":{"line":4,"column":33},"end":{"line":4,"column":null}},"9":{"start":{"line":5,"column":39},"end":{"line":5,"column":null}},"10":{"start":{"line":6,"column":18},"end":{"line":6,"column":null}},"11":{"start":{"line":8,"column":19},"end":{"line":8,"column":null}},"12":{"start":{"line":10,"column":22},"end":{"line":10,"column":46}},"13":{"start":{"line":25,"column":0},"end":{"line":25,"column":null}},"14":{"start":{"line":27,"column":22},"end":{"line":40,"column":null}},"15":{"start":{"line":43,"column":14},"end":{"line":55,"column":null}},"16":{"start":{"line":56,"column":0},"end":{"line":56,"column":null}},"17":{"start":{"line":71,"column":0},"end":{"line":71,"column":null}},"18":{"start":{"line":89,"column":0},"end":{"line":89,"column":null}},"19":{"start":{"line":101,"column":0},"end":{"line":101,"column":null}},"20":{"start":{"line":113,"column":0},"end":{"line":113,"column":null}}},"fnMap":{"0":{"name":"(anonymous_12)","decl":{"start":{"line":47,"column":2},"end":{"line":47,"column":3}},"loc":{"start":{"line":47,"column":37},"end":{"line":55,"column":null}}}},"branchMap":{},"s":{"0":0,"1":0,"2":0,"3":0,"4":0,"5":0,"6":0,"7":0,"8":0,"9":0,"10":0,"11":0,"12":0,"13":0,"14":0,"15":0,"16":0,"17":0,"18":0,"19":0,"20":0},"f":{"0":0},"b":{}}
,"C:\\Users\\rahul\\Proj\\solisteo-rahul\\frontend\\components\\ui\\toaster.tsx": {"path":"C:\\Users\\rahul\\Proj\\solisteo-rahul\\frontend\\components\\ui\\toaster.tsx","statementMap":{"0":{"start":{"line":13,"column":16},"end":{"line":13,"column":null}},"1":{"start":{"line":3,"column":25},"end":{"line":3,"column":null}},"2":{"start":{"line":11,"column":7},"end":{"line":11,"column":null}},"3":{"start":{"line":14,"column":21},"end":{"line":14,"column":null}},"4":{"start":{"line":19,"column":8},"end":{"line":20,"column":27}}},"fnMap":{"0":{"name":"Toaster","decl":{"start":{"line":13,"column":16},"end":{"line":13,"column":null}},"loc":{"start":{"line":13,"column":16},"end":{"line":35,"column":null}}},"1":{"name":"(anonymous_2)","decl":{"start":{"line":18,"column":18},"end":{"line":18,"column":28}},"loc":{"start":{"line":18,"column":72},"end":{"line":31,"column":null}}}},"branchMap":{"0":{"loc":{"start":{"line":22,"column":15},"end":{"line":22,"column":24}},"type":"binary-expr","locations":[{"start":{"line":22,"column":15},"end":{"line":22,"column":24}}]},"1":{"loc":{"start":{"line":23,"column":15},"end":{"line":23,"column":null}},"type":"binary-expr","locations":[{"start":{"line":23,"column":15},"end":{"line":23,"column":null}}]}},"s":{"0":0,"1":0,"2":0,"3":0,"4":0},"f":{"0":0,"1":0},"b":{"0":[0],"1":[0]}}
,"C:\\Users\\rahul\\Proj\\solisteo-rahul\\frontend\\components\\ui\\tooltip.tsx": {"path":"C:\\Users\\rahul\\Proj\\solisteo-rahul\\frontend\\components\\ui\\tooltip.tsx","statementMap":{"0":{"start":{"line":30,"column":9},"end":{"line":30,"column":16}},"1":{"start":{"line":30,"column":34},"end":{"line":30,"column":48}},"2":{"start":{"line":30,"column":50},"end":{"line":30,"column":65}},"3":{"start":{"line":30,"column":18},"end":{"line":30,"column":32}},"4":{"start":{"line":3,"column":23},"end":{"line":3,"column":null}},"5":{"start":{"line":4,"column":34},"end":{"line":4,"column":null}},"6":{"start":{"line":6,"column":19},"end":{"line":6,"column":null}},"7":{"start":{"line":8,"column":24},"end":{"line":8,"column":49}},"8":{"start":{"line":10,"column":16},"end":{"line":10,"column":37}},"9":{"start":{"line":12,"column":23},"end":{"line":12,"column":47}},"10":{"start":{"line":28,"column":0},"end":{"line":28,"column":null}}},"fnMap":{},"branchMap":{"0":{"loc":{"start":{"line":17,"column":16},"end":{"line":17,"column":30}},"type":"default-arg","locations":[{"start":{"line":17,"column":29},"end":{"line":17,"column":30}}]}},"s":{"0":0,"1":0,"2":0,"3":0,"4":0,"5":0,"6":0,"7":0,"8":0,"9":0,"10":0},"f":{},"b":{"0":[0]}}
}
