TN:
SF:app\layout.tsx
FN:17,RootLayout
FNF:1
FNH:0
FNDA:0,RootLayout
DA:1,0
DA:2,0
DA:3,0
DA:4,0
DA:5,0
DA:6,0
DA:7,0
DA:8,0
DA:10,0
DA:12,0
DA:17,0
LF:11
LH:0
BRF:0
BRH:0
end_of_record
TN:
SF:app\not-found.tsx
FN:8,NotFound
FN:31,(anonymous_3)
FNF:2
FNH:0
FNDA:0,NotFound
FNDA:0,(anonymous_3)
DA:3,0
DA:4,0
DA:5,0
DA:6,0
DA:8,0
DA:31,0
LF:6
LH:0
BRF:0
BRH:0
end_of_record
TN:
SF:app\page.tsx
FN:12,HomePage
FN:148,MetricsCarousel
FN:198,(anonymous_4)
FN:223,PlatformShowcase
FN:280,FeatureGrid
FN:296,(anonymous_7)
FN:322,PricingSection
FN:329,(anonymous_9)
FN:330,(anonymous_10)
FN:337,(anonymous_11)
FN:383,(anonymous_12)
FN:407,(anonymous_13)
FN:415,(anonymous_14)
FN:432,(anonymous_15)
FN:438,(anonymous_16)
FN:458,(anonymous_17)
FN:472,FinalCTA
FN:527,(anonymous_19)
FN:539,(anonymous_20)
FN:545,(anonymous_21)
FN:565,(anonymous_22)
FN:579,Footer
FNF:22
FNH:0
FNDA:0,HomePage
FNDA:0,MetricsCarousel
FNDA:0,(anonymous_4)
FNDA:0,PlatformShowcase
FNDA:0,FeatureGrid
FNDA:0,(anonymous_7)
FNDA:0,PricingSection
FNDA:0,(anonymous_9)
FNDA:0,(anonymous_10)
FNDA:0,(anonymous_11)
FNDA:0,(anonymous_12)
FNDA:0,(anonymous_13)
FNDA:0,(anonymous_14)
FNDA:0,(anonymous_15)
FNDA:0,(anonymous_16)
FNDA:0,(anonymous_17)
FNDA:0,FinalCTA
FNDA:0,(anonymous_19)
FNDA:0,(anonymous_20)
FNDA:0,(anonymous_21)
FNDA:0,(anonymous_22)
FNDA:0,Footer
DA:3,0
DA:4,0
DA:5,0
DA:6,0
DA:7,0
DA:8,0
DA:9,0
DA:12,0
DA:13,0
DA:14,0
DA:15,0
DA:149,0
DA:154,0
DA:163,0
DA:164,0
DA:167,0
DA:199,0
DA:224,0
DA:225,0
DA:228,0
DA:281,0
DA:282,0
DA:284,0
DA:297,0
DA:323,0
DA:324,0
DA:325,0
DA:326,0
DA:327,0
DA:329,0
DA:330,0
DA:331,0
DA:333,0
DA:334,0
DA:337,0
DA:345,0
DA:347,0
DA:349,0
DA:357,0
DA:361,0
DA:384,0
DA:408,0
DA:415,0
DA:432,0
DA:438,0
DA:458,0
DA:473,0
DA:474,0
DA:475,0
DA:478,0
DA:527,0
DA:539,0
DA:545,0
DA:565,0
LF:54
LH:0
BRDA:179,0,0,0
BRDA:179,0,1,0
BRDA:188,1,0,0
BRDA:188,1,1,0
BRDA:202,2,0,0
BRDA:202,2,1,0
BRDA:240,3,0,0
BRDA:240,3,1,0
BRDA:256,4,0,0
BRDA:256,4,1,0
BRDA:300,5,0,0
BRDA:300,5,1,0
BRDA:338,6,0,0
BRDA:338,6,1,0
BRDA:339,7,0,0
BRDA:339,7,1,0
BRDA:340,8,0,0
BRDA:340,8,1,0
BRDA:341,9,0,0
BRDA:341,9,1,0
BRDA:370,10,0,0
BRDA:370,10,1,0
BRDA:387,11,0,0
BRDA:387,11,1,0
BRDA:389,12,0,0
BRDA:389,12,1,0
BRDA:392,13,0,0
BRDA:416,14,0,0
BRDA:416,14,1,0
BRDA:429,15,0,0
BRDA:505,16,0,0
BRDA:505,16,1,0
BRDA:515,17,0,0
BRDA:515,17,1,0
BRDA:523,18,0,0
BRDA:523,18,1,0
BRDA:536,19,0,0
BRF:37
BRH:0
end_of_record
TN:
SF:app\(admin)\admin\layout.tsx
FN:10,AdminLayout
FN:18,(anonymous_3)
FNF:2
FNH:0
FNDA:0,AdminLayout
FNDA:0,(anonymous_3)
DA:3,0
DA:4,0
DA:5,0
DA:6,0
DA:7,0
DA:8,0
DA:10,0
DA:15,0
DA:16,0
DA:18,0
DA:19,0
DA:20,0
DA:24,0
DA:32,0
DA:33,0
LF:15
LH:0
BRDA:19,0,0,0
BRDA:19,0,1,0
BRDA:19,1,0,0
BRDA:19,1,1,0
BRDA:19,1,2,0
BRDA:19,1,3,0
BRDA:24,2,0,0
BRDA:24,2,1,0
BRDA:32,3,0,0
BRDA:32,3,1,0
BRDA:32,4,0,0
BRDA:32,4,1,0
BRDA:32,4,2,0
BRF:13
BRH:0
end_of_record
TN:
SF:app\(admin)\admin\alerts\page.tsx
FN:27,AlertsPage
FN:32,(anonymous_2)
FN:33,(anonymous_3)
FN:52,(anonymous_4)
FN:61,(anonymous_5)
FN:79,(anonymous_6)
FN:97,(anonymous_7)
FN:115,(anonymous_8)
FN:116,(anonymous_9)
FN:118,(anonymous_10)
FN:131,(anonymous_11)
FN:143,(anonymous_12)
FN:190,(anonymous_13)
FN:212,(anonymous_14)
FN:240,(anonymous_15)
FN:248,(anonymous_16)
FN:278,(anonymous_17)
FNF:17
FNH:0
FNDA:0,AlertsPage
FNDA:0,(anonymous_2)
FNDA:0,(anonymous_3)
FNDA:0,(anonymous_4)
FNDA:0,(anonymous_5)
FNDA:0,(anonymous_6)
FNDA:0,(anonymous_7)
FNDA:0,(anonymous_8)
FNDA:0,(anonymous_9)
FNDA:0,(anonymous_10)
FNDA:0,(anonymous_11)
FNDA:0,(anonymous_12)
FNDA:0,(anonymous_13)
FNDA:0,(anonymous_14)
FNDA:0,(anonymous_15)
FNDA:0,(anonymous_16)
FNDA:0,(anonymous_17)
DA:3,0
DA:4,0
DA:5,0
DA:6,0
DA:7,0
DA:8,0
DA:9,0
DA:10,0
DA:11,0
DA:27,0
DA:28,0
DA:29,0
DA:30,0
DA:32,0
DA:33,0
DA:34,0
DA:35,0
DA:36,0
DA:38,0
DA:39,0
DA:45,0
DA:49,0
DA:52,0
DA:53,0
DA:54,0
DA:55,0
DA:57,0
DA:61,0
DA:62,0
DA:63,0
DA:64,0
DA:68,0
DA:70,0
DA:71,0
DA:79,0
DA:80,0
DA:81,0
DA:82,0
DA:86,0
DA:88,0
DA:89,0
DA:97,0
DA:98,0
DA:99,0
DA:100,0
DA:104,0
DA:106,0
DA:107,0
DA:115,0
DA:116,0
DA:118,0
DA:119,0
DA:131,0
DA:132,0
DA:135,0
DA:137,0
DA:139,0
DA:143,0
DA:144,0
DA:190,0
DA:213,0
DA:240,0
DA:248,0
DA:279,0
LF:64
LH:0
BRDA:132,0,0,0
BRDA:132,0,1,0
BRDA:132,0,2,0
BRDA:132,0,3,0
BRDA:144,1,0,0
BRDA:144,1,1,0
BRDA:209,2,0,0
BRDA:223,3,0,0
BRDA:236,4,0,0
BRDA:292,5,0,0
BRDA:292,5,1,0
BRDA:300,6,0,0
BRF:12
BRH:0
end_of_record
TN:
SF:app\(admin)\admin\billing\page.tsx
FN:54,AdminBillingPage
FN:62,(anonymous_2)
FN:66,(anonymous_3)
FN:85,(anonymous_4)
FN:100,(anonymous_5)
FN:118,(anonymous_6)
FN:235,(anonymous_7)
FN:240,(anonymous_8)
FN:269,(anonymous_9)
FN:308,(anonymous_10)
FN:327,(anonymous_11)
FN:355,(anonymous_12)
FN:364,(anonymous_13)
FNF:13
FNH:0
FNDA:0,AdminBillingPage
FNDA:0,(anonymous_2)
FNDA:0,(anonymous_3)
FNDA:0,(anonymous_4)
FNDA:0,(anonymous_5)
FNDA:0,(anonymous_6)
FNDA:0,(anonymous_7)
FNDA:0,(anonymous_8)
FNDA:0,(anonymous_9)
FNDA:0,(anonymous_10)
FNDA:0,(anonymous_11)
FNDA:0,(anonymous_12)
FNDA:0,(anonymous_13)
DA:3,0
DA:4,0
DA:5,0
DA:6,0
DA:7,0
DA:8,0
DA:9,0
DA:10,0
DA:11,0
DA:12,0
DA:13,0
DA:52,0
DA:54,0
DA:55,0
DA:56,0
DA:57,0
DA:58,0
DA:59,0
DA:60,0
DA:62,0
DA:63,0
DA:66,0
DA:67,0
DA:68,0
DA:74,0
DA:75,0
DA:76,0
DA:78,0
DA:79,0
DA:81,0
DA:85,0
DA:86,0
DA:100,0
DA:101,0
DA:102,0
DA:103,0
DA:104,0
DA:105,0
DA:107,0
DA:108,0
DA:112,0
DA:119,0
DA:235,0
DA:241,0
DA:269,0
DA:309,0
DA:328,0
DA:329,0
DA:356,0
DA:357,0
DA:365,0
LF:51
LH:0
BRDA:112,0,0,0
BRDA:112,0,1,0
BRDA:270,1,0,0
BRDA:270,1,1,0
BRDA:271,2,0,0
BRDA:271,2,1,0
BRDA:356,3,0,0
BRDA:356,3,1,0
BRF:8
BRH:0
end_of_record
TN:
SF:app\(admin)\admin\dashboard\page.tsx
FN:67,AdminDashboard
FN:75,(anonymous_2)
FN:79,(anonymous_3)
FN:81,(anonymous_4)
FN:84,(anonymous_5)
FN:88,(anonymous_6)
FN:104,(anonymous_7)
FN:146,(anonymous_8)
FN:175,(anonymous_9)
FN:179,(anonymous_10)
FN:183,(anonymous_11)
FN:187,(anonymous_12)
FN:501,(anonymous_13)
FN:506,(anonymous_14)
FN:514,(anonymous_15)
FN:540,(anonymous_16)
FN:578,(anonymous_17)
FN:583,(anonymous_18)
FNF:18
FNH:0
FNDA:0,AdminDashboard
FNDA:0,(anonymous_2)
FNDA:0,(anonymous_3)
FNDA:0,(anonymous_4)
FNDA:0,(anonymous_5)
FNDA:0,(anonymous_6)
FNDA:0,(anonymous_7)
FNDA:0,(anonymous_8)
FNDA:0,(anonymous_9)
FNDA:0,(anonymous_10)
FNDA:0,(anonymous_11)
FNDA:0,(anonymous_12)
FNDA:0,(anonymous_13)
FNDA:0,(anonymous_14)
FNDA:0,(anonymous_15)
FNDA:0,(anonymous_16)
FNDA:0,(anonymous_17)
FNDA:0,(anonymous_18)
DA:3,0
DA:4,0
DA:5,0
DA:6,0
DA:7,0
DA:8,0
DA:10,0
DA:16,0
DA:17,0
DA:18,0
DA:19,0
DA:67,0
DA:68,0
DA:69,0
DA:70,0
DA:71,0
DA:72,0
DA:73,0
DA:75,0
DA:76,0
DA:79,0
DA:80,0
DA:81,0
DA:82,0
DA:84,0
DA:88,0
DA:89,0
DA:90,0
DA:91,0
DA:92,0
DA:94,0
DA:96,0
DA:100,0
DA:105,0
DA:117,0
DA:146,0
DA:175,0
DA:179,0
DA:183,0
DA:187,0
DA:501,0
DA:507,0
DA:515,0
DA:541,0
DA:578,0
DA:584,0
LF:46
LH:0
BRDA:80,0,0,0
BRDA:80,0,1,0
BRDA:100,1,0,0
BRDA:100,1,1,0
BRDA:147,2,0,0
BRDA:147,2,1,0
BRDA:149,3,0,0
BRDA:149,3,1,0
BRDA:150,4,0,0
BRDA:150,4,1,0
BRDA:204,5,0,0
BRDA:204,5,1,0
BRDA:207,6,0,0
BRDA:207,6,1,0
BRDA:221,7,0,0
BRDA:221,7,1,0
BRDA:224,8,0,0
BRDA:224,8,1,0
BRDA:238,9,0,0
BRDA:238,9,1,0
BRDA:255,10,0,0
BRDA:255,10,1,0
BRDA:272,11,0,0
BRDA:272,11,1,0
BRDA:289,12,0,0
BRDA:289,12,1,0
BRDA:306,13,0,0
BRDA:306,13,1,0
BRDA:308,14,0,0
BRDA:308,14,1,0
BRDA:321,15,0,0
BRDA:321,15,1,0
BRDA:347,16,0,0
BRDA:347,16,1,0
BRDA:350,17,0,0
BRDA:350,17,1,0
BRDA:360,18,0,0
BRDA:360,18,1,0
BRDA:363,19,0,0
BRDA:363,19,1,0
BRDA:373,20,0,0
BRDA:373,20,1,0
BRDA:376,21,0,0
BRDA:376,21,1,0
BRDA:385,22,0,0
BRDA:385,22,1,0
BRDA:393,23,0,0
BRDA:393,23,1,0
BRDA:401,24,0,0
BRDA:401,24,1,0
BRDA:418,25,0,0
BRDA:418,25,1,0
BRDA:497,26,0,0
BRDA:497,26,1,0
BRDA:506,27,0,0
BRDA:506,27,1,0
BRDA:514,28,0,0
BRDA:514,28,1,0
BRDA:540,29,0,0
BRDA:540,29,1,0
BRDA:544,30,0,0
BRDA:544,30,1,0
BRDA:545,31,0,0
BRDA:545,31,1,0
BRDA:546,32,0,0
BRDA:546,32,1,0
BRDA:547,33,0,0
BRDA:547,33,1,0
BRDA:549,34,0,0
BRDA:550,35,0,0
BRDA:551,36,0,0
BRDA:552,37,0,0
BRF:72
BRH:0
end_of_record
TN:
SF:app\(admin)\admin\logs\page.tsx
FN:34,(anonymous_1)
FN:74,(anonymous_2)
FN:114,(anonymous_3)
FN:120,AdminLogsPage
FN:129,(anonymous_5)
FN:133,(anonymous_6)
FN:137,(anonymous_7)
FN:148,(anonymous_8)
FN:161,(anonymous_9)
FN:165,(anonymous_10)
FN:172,(anonymous_11)
FN:184,(anonymous_12)
FN:198,(anonymous_13)
FN:212,(anonymous_14)
FN:218,(anonymous_15)
FN:219,(anonymous_16)
FN:223,(anonymous_17)
FN:224,(anonymous_18)
FN:348,(anonymous_19)
FN:413,(anonymous_20)
FN:422,(anonymous_21)
FN:501,(anonymous_22)
FN:507,(anonymous_23)
FN:512,(anonymous_24)
FN:630,(anonymous_25)
FNF:25
FNH:0
FNDA:0,(anonymous_1)
FNDA:0,(anonymous_2)
FNDA:0,(anonymous_3)
FNDA:0,AdminLogsPage
FNDA:0,(anonymous_5)
FNDA:0,(anonymous_6)
FNDA:0,(anonymous_7)
FNDA:0,(anonymous_8)
FNDA:0,(anonymous_9)
FNDA:0,(anonymous_10)
FNDA:0,(anonymous_11)
FNDA:0,(anonymous_12)
FNDA:0,(anonymous_13)
FNDA:0,(anonymous_14)
FNDA:0,(anonymous_15)
FNDA:0,(anonymous_16)
FNDA:0,(anonymous_17)
FNDA:0,(anonymous_18)
FNDA:0,(anonymous_19)
FNDA:0,(anonymous_20)
FNDA:0,(anonymous_21)
FNDA:0,(anonymous_22)
FNDA:0,(anonymous_23)
FNDA:0,(anonymous_24)
FNDA:0,(anonymous_25)
DA:3,0
DA:4,0
DA:5,0
DA:6,0
DA:7,0
DA:8,0
DA:9,0
DA:10,0
DA:17,0
DA:18,0
DA:19,0
DA:34,0
DA:35,0
DA:36,0
DA:37,0
DA:39,0
DA:40,0
DA:42,0
DA:43,0
DA:45,0
DA:46,0
DA:48,0
DA:49,0
DA:51,0
DA:52,0
DA:54,0
DA:55,0
DA:57,0
DA:58,0
DA:60,0
DA:61,0
DA:63,0
DA:64,0
DA:66,0
DA:67,0
DA:70,0
DA:74,0
DA:75,0
DA:77,0
DA:78,0
DA:84,0
DA:85,0
DA:91,0
DA:92,0
DA:98,0
DA:99,0
DA:106,0
DA:114,0
DA:115,0
DA:117,0
DA:120,0
DA:121,0
DA:122,0
DA:123,0
DA:124,0
DA:125,0
DA:126,0
DA:127,0
DA:129,0
DA:130,0
DA:133,0
DA:134,0
DA:137,0
DA:138,0
DA:139,0
DA:140,0
DA:142,0
DA:144,0
DA:148,0
DA:149,0
DA:151,0
DA:152,0
DA:153,0
DA:159,0
DA:160,0
DA:161,0
DA:164,0
DA:165,0
DA:166,0
DA:170,0
DA:171,0
DA:172,0
DA:173,0
DA:181,0
DA:184,0
DA:185,0
DA:198,0
DA:199,0
DA:200,0
DA:201,0
DA:202,0
DA:203,0
DA:204,0
DA:205,0
DA:206,0
DA:207,0
DA:208,0
DA:212,0
DA:213,0
DA:216,0
DA:218,0
DA:219,0
DA:223,0
DA:224,0
DA:225,0
DA:348,0
DA:414,0
DA:415,0
DA:422,0
DA:501,0
DA:507,0
DA:512,0
DA:630,0
LF:113
LH:0
BRDA:36,0,0,0
BRDA:36,0,1,0
BRDA:39,1,0,0
BRDA:39,1,1,0
BRDA:39,2,0,0
BRDA:39,2,1,0
BRDA:42,3,0,0
BRDA:42,3,1,0
BRDA:42,4,0,0
BRDA:42,4,1,0
BRDA:45,5,0,0
BRDA:45,5,1,0
BRDA:48,6,0,0
BRDA:48,6,1,0
BRDA:51,7,0,0
BRDA:51,7,1,0
BRDA:51,8,0,0
BRDA:51,8,1,0
BRDA:54,9,0,0
BRDA:54,9,1,0
BRDA:57,10,0,0
BRDA:57,10,1,0
BRDA:57,11,0,0
BRDA:57,11,1,0
BRDA:60,12,0,0
BRDA:60,12,1,0
BRDA:63,13,0,0
BRDA:63,13,1,0
BRDA:66,14,0,0
BRDA:66,14,1,0
BRDA:77,15,0,0
BRDA:77,15,1,0
BRDA:77,16,0,0
BRDA:77,16,1,0
BRDA:84,17,0,0
BRDA:84,17,1,0
BRDA:91,18,0,0
BRDA:91,18,1,0
BRDA:91,19,0,0
BRDA:91,19,1,0
BRDA:98,20,0,0
BRDA:98,20,1,0
BRDA:98,21,0,0
BRDA:98,21,1,0
BRDA:115,22,0,0
BRDA:115,22,1,0
BRDA:151,23,0,0
BRDA:151,23,1,0
BRDA:164,24,0,0
BRDA:164,24,1,0
BRDA:170,25,0,0
BRDA:170,25,1,0
BRDA:173,26,0,0
BRDA:173,26,1,0
BRDA:173,26,2,0
BRDA:173,26,3,0
BRDA:173,26,4,0
BRDA:186,27,0,0
BRDA:186,27,1,0
BRDA:187,28,0,0
BRDA:187,28,1,0
BRDA:191,29,0,0
BRDA:191,29,1,0
BRDA:200,30,0,0
BRDA:200,30,1,0
BRDA:200,31,0,0
BRDA:200,31,1,0
BRDA:202,32,0,0
BRDA:202,32,1,0
BRDA:204,33,0,0
BRDA:204,33,1,0
BRDA:206,34,0,0
BRDA:206,34,1,0
BRDA:206,35,0,0
BRDA:206,35,1,0
BRDA:213,36,0,0
BRDA:213,36,1,0
BRDA:225,37,0,0
BRDA:225,37,1,0
BRDA:269,38,0,0
BRDA:269,38,1,0
BRDA:287,39,0,0
BRDA:287,39,1,0
BRDA:451,40,0,0
BRDA:451,40,1,0
BRDA:451,41,0,0
BRDA:451,41,1,0
BRDA:464,42,0,0
BRDA:480,43,0,0
BRDA:498,44,0,0
BRDA:537,45,0,0
BRDA:537,45,1,0
BRDA:538,46,0,0
BRDA:538,46,1,0
BRDA:576,47,0,0
BRDA:576,47,1,0
BRDA:594,48,0,0
BRDA:594,48,1,0
BRDA:612,49,0,0
BRDA:612,49,1,0
BRDA:617,50,0,0
BRF:101
BRH:0
end_of_record
TN:
SF:app\(admin)\admin\sellers\page.tsx
FN:39,AdminCompaniesPage
FN:66,(anonymous_3)
FN:71,(anonymous_4)
FN:82,(anonymous_5)
FN:91,(anonymous_6)
FN:96,(anonymous_7)
FN:107,(anonymous_8)
FN:112,(anonymous_9)
FN:124,(anonymous_10)
FN:129,(anonymous_11)
FN:135,(anonymous_12)
FN:154,(anonymous_13)
FN:157,(anonymous_14)
FN:172,(anonymous_15)
FN:178,(anonymous_16)
FN:191,(anonymous_17)
FN:235,(anonymous_18)
FN:245,(anonymous_19)
FN:251,(anonymous_20)
FN:256,(anonymous_21)
FN:269,(anonymous_22)
FN:282,(anonymous_23)
FN:292,(anonymous_24)
FN:302,(anonymous_25)
FN:309,(anonymous_26)
FN:334,(anonymous_27)
FN:352,(anonymous_28)
FN:381,(anonymous_29)
FN:388,(anonymous_30)
FN:423,(anonymous_31)
FN:431,(anonymous_32)
FN:437,(anonymous_33)
FN:442,(anonymous_34)
FN:455,(anonymous_35)
FN:460,(anonymous_36)
FN:492,(anonymous_37)
FN:502,(anonymous_38)
FN:507,(anonymous_39)
FNF:38
FNH:0
FNDA:0,AdminCompaniesPage
FNDA:0,(anonymous_3)
FNDA:0,(anonymous_4)
FNDA:0,(anonymous_5)
FNDA:0,(anonymous_6)
FNDA:0,(anonymous_7)
FNDA:0,(anonymous_8)
FNDA:0,(anonymous_9)
FNDA:0,(anonymous_10)
FNDA:0,(anonymous_11)
FNDA:0,(anonymous_12)
FNDA:0,(anonymous_13)
FNDA:0,(anonymous_14)
FNDA:0,(anonymous_15)
FNDA:0,(anonymous_16)
FNDA:0,(anonymous_17)
FNDA:0,(anonymous_18)
FNDA:0,(anonymous_19)
FNDA:0,(anonymous_20)
FNDA:0,(anonymous_21)
FNDA:0,(anonymous_22)
FNDA:0,(anonymous_23)
FNDA:0,(anonymous_24)
FNDA:0,(anonymous_25)
FNDA:0,(anonymous_26)
FNDA:0,(anonymous_27)
FNDA:0,(anonymous_28)
FNDA:0,(anonymous_29)
FNDA:0,(anonymous_30)
FNDA:0,(anonymous_31)
FNDA:0,(anonymous_32)
FNDA:0,(anonymous_33)
FNDA:0,(anonymous_34)
FNDA:0,(anonymous_35)
FNDA:0,(anonymous_36)
FNDA:0,(anonymous_37)
FNDA:0,(anonymous_38)
FNDA:0,(anonymous_39)
DA:3,0
DA:5,0
DA:6,0
DA:7,0
DA:8,0
DA:9,0
DA:10,0
DA:11,0
DA:12,0
DA:13,0
DA:14,0
DA:15,0
DA:39,0
DA:40,0
DA:41,0
DA:42,0
DA:43,0
DA:44,0
DA:45,0
DA:46,0
DA:47,0
DA:48,0
DA:50,0
DA:61,0
DA:66,0
DA:67,0
DA:68,0
DA:71,0
DA:72,0
DA:73,0
DA:74,0
DA:76,0
DA:78,0
DA:82,0
DA:83,0
DA:84,0
DA:85,0
DA:87,0
DA:91,0
DA:92,0
DA:96,0
DA:97,0
DA:98,0
DA:99,0
DA:100,0
DA:101,0
DA:103,0
DA:107,0
DA:108,0
DA:110,0
DA:111,0
DA:112,0
DA:113,0
DA:115,0
DA:116,0
DA:117,0
DA:118,0
DA:120,0
DA:124,0
DA:125,0
DA:127,0
DA:128,0
DA:129,0
DA:131,0
DA:135,0
DA:136,0
DA:138,0
DA:139,0
DA:140,0
DA:143,0
DA:147,0
DA:148,0
DA:150,0
DA:154,0
DA:155,0
DA:157,0
DA:159,0
DA:169,0
DA:172,0
DA:173,0
DA:174,0
DA:175,0
DA:178,0
DA:179,0
DA:191,0
DA:192,0
DA:195,0
DA:235,0
DA:245,0
DA:251,0
DA:257,0
DA:269,0
DA:282,0
DA:292,0
DA:302,0
DA:309,0
DA:334,0
DA:353,0
DA:381,0
DA:388,0
DA:423,0
DA:431,0
DA:437,0
DA:443,0
DA:455,0
DA:460,0
DA:492,0
DA:502,0
DA:507,0
LF:109
LH:0
BRDA:74,0,0,0
BRDA:74,0,1,0
BRDA:85,1,0,0
BRDA:85,1,1,0
BRDA:91,2,0,0
BRDA:91,2,1,0
BRDA:92,3,0,0
BRDA:92,3,1,0
BRDA:103,4,0,0
BRDA:103,4,1,0
BRDA:108,5,0,0
BRDA:108,5,1,0
BRDA:113,6,0,0
BRDA:113,6,1,0
BRDA:120,7,0,0
BRDA:120,7,1,0
BRDA:125,8,0,0
BRDA:125,8,1,0
BRDA:131,9,0,0
BRDA:131,9,1,0
BRDA:136,10,0,0
BRDA:136,10,1,0
BRDA:138,11,0,0
BRDA:138,11,1,0
BRDA:150,12,0,0
BRDA:150,12,1,0
BRDA:162,13,0,0
BRDA:162,13,1,0
BRDA:167,14,0,0
BRDA:167,14,1,0
BRDA:192,15,0,0
BRDA:192,15,1,0
BRDA:195,16,0,0
BRDA:195,16,1,0
BRDA:372,17,0,0
BRDA:372,17,1,0
BRDA:412,18,0,0
BRDA:481,19,0,0
BRF:38
BRH:0
end_of_record
TN:
SF:app\(admin)\admin\settings\page.tsx
FN:19,AdminSettingsPage
FN:25,(anonymous_2)
FN:31,(anonymous_3)
FN:77,(anonymous_4)
FN:81,(anonymous_5)
FN:85,(anonymous_6)
FN:96,(anonymous_7)
FN:116,(anonymous_8)
FN:117,(anonymous_9)
FN:157,(anonymous_10)
FN:162,(anonymous_11)
FN:181,(anonymous_12)
FN:189,(anonymous_13)
FN:224,(anonymous_14)
FN:233,(anonymous_15)
FN:245,(anonymous_16)
FN:299,(anonymous_17)
FN:304,(anonymous_18)
FN:322,(anonymous_19)
FN:355,(anonymous_20)
FN:364,(anonymous_21)
FN:375,(anonymous_22)
FN:386,(anonymous_23)
FN:398,(anonymous_24)
FN:432,(anonymous_25)
FN:441,(anonymous_26)
FN:453,(anonymous_27)
FN:462,(anonymous_28)
FNF:28
FNH:0
FNDA:0,AdminSettingsPage
FNDA:0,(anonymous_2)
FNDA:0,(anonymous_3)
FNDA:0,(anonymous_4)
FNDA:0,(anonymous_5)
FNDA:0,(anonymous_6)
FNDA:0,(anonymous_7)
FNDA:0,(anonymous_8)
FNDA:0,(anonymous_9)
FNDA:0,(anonymous_10)
FNDA:0,(anonymous_11)
FNDA:0,(anonymous_12)
FNDA:0,(anonymous_13)
FNDA:0,(anonymous_14)
FNDA:0,(anonymous_15)
FNDA:0,(anonymous_16)
FNDA:0,(anonymous_17)
FNDA:0,(anonymous_18)
FNDA:0,(anonymous_19)
FNDA:0,(anonymous_20)
FNDA:0,(anonymous_21)
FNDA:0,(anonymous_22)
FNDA:0,(anonymous_23)
FNDA:0,(anonymous_24)
FNDA:0,(anonymous_25)
FNDA:0,(anonymous_26)
FNDA:0,(anonymous_27)
FNDA:0,(anonymous_28)
DA:3,0
DA:4,0
DA:5,0
DA:6,0
DA:7,0
DA:8,0
DA:9,0
DA:10,0
DA:11,0
DA:12,0
DA:13,0
DA:14,0
DA:15,0
DA:16,0
DA:17,0
DA:19,0
DA:20,0
DA:21,0
DA:22,0
DA:23,0
DA:25,0
DA:26,0
DA:27,0
DA:31,0
DA:32,0
DA:33,0
DA:34,0
DA:35,0
DA:42,0
DA:45,0
DA:77,0
DA:78,0
DA:81,0
DA:82,0
DA:83,0
DA:85,0
DA:87,0
DA:88,0
DA:96,0
DA:97,0
DA:98,0
DA:99,0
DA:100,0
DA:105,0
DA:106,0
DA:112,0
DA:116,0
DA:117,0
DA:157,0
DA:162,0
DA:181,0
DA:189,0
DA:224,0
DA:233,0
DA:245,0
DA:299,0
DA:304,0
DA:322,0
DA:355,0
DA:364,0
DA:375,0
DA:386,0
DA:398,0
DA:432,0
DA:441,0
DA:453,0
DA:462,0
LF:67
LH:0
BRDA:26,0,0,0
BRDA:26,0,1,0
BRDA:37,1,0,0
BRDA:37,1,1,0
BRDA:125,2,0,0
BRDA:194,3,0,0
BRDA:264,4,0,0
BRDA:385,5,0,0
BRDA:385,5,1,0
BRF:9
BRH:0
end_of_record
TN:
SF:app\(admin)\admin\subscriptions\page.tsx
FN:32,(anonymous_2)
FN:33,(anonymous_3)
FN:37,(anonymous_4)
FN:45,(anonymous_5)
FN:51,(anonymous_6)
FN:67,AdminSubscriptionsPage
FN:86,(anonymous_8)
FN:90,(anonymous_9)
FN:102,(anonymous_10)
FN:114,(anonymous_11)
FN:119,(anonymous_12)
FN:132,(anonymous_13)
FN:137,(anonymous_14)
FN:144,(anonymous_15)
FN:159,(anonymous_16)
FN:219,(anonymous_17)
FN:229,(anonymous_18)
FN:243,(anonymous_19)
FN:254,(anonymous_20)
FN:266,(anonymous_21)
FN:278,(anonymous_22)
FN:288,(anonymous_23)
FN:296,(anonymous_24)
FN:300,(anonymous_25)
FN:314,(anonymous_26)
FN:352,(anonymous_27)
FN:353,(anonymous_28)
FN:371,(anonymous_29)
FN:380,(anonymous_30)
FN:414,(anonymous_31)
FN:423,(anonymous_32)
FN:436,(anonymous_33)
FN:446,(anonymous_34)
FN:457,(anonymous_35)
FN:468,(anonymous_36)
FN:477,(anonymous_37)
FN:484,(anonymous_38)
FN:488,(anonymous_39)
FNF:38
FNH:0
FNDA:0,(anonymous_2)
FNDA:0,(anonymous_3)
FNDA:0,(anonymous_4)
FNDA:0,(anonymous_5)
FNDA:0,(anonymous_6)
FNDA:0,AdminSubscriptionsPage
FNDA:0,(anonymous_8)
FNDA:0,(anonymous_9)
FNDA:0,(anonymous_10)
FNDA:0,(anonymous_11)
FNDA:0,(anonymous_12)
FNDA:0,(anonymous_13)
FNDA:0,(anonymous_14)
FNDA:0,(anonymous_15)
FNDA:0,(anonymous_16)
FNDA:0,(anonymous_17)
FNDA:0,(anonymous_18)
FNDA:0,(anonymous_19)
FNDA:0,(anonymous_20)
FNDA:0,(anonymous_21)
FNDA:0,(anonymous_22)
FNDA:0,(anonymous_23)
FNDA:0,(anonymous_24)
FNDA:0,(anonymous_25)
FNDA:0,(anonymous_26)
FNDA:0,(anonymous_27)
FNDA:0,(anonymous_28)
FNDA:0,(anonymous_29)
FNDA:0,(anonymous_30)
FNDA:0,(anonymous_31)
FNDA:0,(anonymous_32)
FNDA:0,(anonymous_33)
FNDA:0,(anonymous_34)
FNDA:0,(anonymous_35)
FNDA:0,(anonymous_36)
FNDA:0,(anonymous_37)
FNDA:0,(anonymous_38)
FNDA:0,(anonymous_39)
DA:3,0
DA:4,0
DA:5,0
DA:6,0
DA:7,0
DA:8,0
DA:10,0
DA:11,0
DA:12,0
DA:13,0
DA:14,0
DA:18,0
DA:32,0
DA:33,0
DA:34,0
DA:35,0
DA:37,0
DA:46,0
DA:51,0
DA:67,0
DA:68,0
DA:69,0
DA:70,0
DA:71,0
DA:72,0
DA:73,0
DA:75,0
DA:86,0
DA:87,0
DA:90,0
DA:91,0
DA:92,0
DA:93,0
DA:95,0
DA:96,0
DA:98,0
DA:102,0
DA:103,0
DA:104,0
DA:105,0
DA:106,0
DA:107,0
DA:109,0
DA:110,0
DA:114,0
DA:115,0
DA:117,0
DA:118,0
DA:119,0
DA:120,0
DA:122,0
DA:123,0
DA:124,0
DA:125,0
DA:127,0
DA:128,0
DA:132,0
DA:133,0
DA:135,0
DA:136,0
DA:137,0
DA:139,0
DA:140,0
DA:144,0
DA:145,0
DA:146,0
DA:156,0
DA:159,0
DA:160,0
DA:174,0
DA:219,0
DA:229,0
DA:243,0
DA:254,0
DA:266,0
DA:278,0
DA:288,0
DA:296,0
DA:300,0
DA:315,0
DA:353,0
DA:354,0
DA:371,0
DA:380,0
DA:414,0
DA:423,0
DA:436,0
DA:446,0
DA:457,0
DA:468,0
DA:477,0
DA:484,0
DA:488,0
LF:93
LH:0
BRDA:34,0,0,0
BRDA:34,0,1,0
BRDA:109,1,0,0
BRDA:109,1,1,0
BRDA:109,1,2,0
BRDA:110,2,0,0
BRDA:110,2,1,0
BRDA:115,3,0,0
BRDA:115,3,1,0
BRDA:120,4,0,0
BRDA:120,4,1,0
BRDA:127,5,0,0
BRDA:127,5,1,0
BRDA:127,5,2,0
BRDA:128,6,0,0
BRDA:128,6,1,0
BRDA:133,7,0,0
BRDA:133,7,1,0
BRDA:139,8,0,0
BRDA:139,8,1,0
BRDA:139,8,2,0
BRDA:140,9,0,0
BRDA:140,9,1,0
BRDA:151,10,0,0
BRDA:151,10,1,0
BRDA:152,11,0,0
BRDA:152,11,1,0
BRDA:154,12,0,0
BRDA:154,12,1,0
BRDA:174,13,0,0
BRDA:174,13,1,0
BRDA:207,14,0,0
BRDA:229,15,0,0
BRDA:229,15,1,0
BRDA:243,16,0,0
BRDA:243,16,1,0
BRDA:254,17,0,0
BRDA:254,17,1,0
BRDA:266,18,0,0
BRDA:266,18,1,0
BRDA:278,19,0,0
BRDA:278,19,1,0
BRDA:288,20,0,0
BRDA:288,20,1,0
BRDA:334,21,0,0
BRDA:334,21,1,0
BRDA:338,22,0,0
BRDA:338,22,1,0
BRDA:342,23,0,0
BRDA:342,23,1,0
BRDA:346,24,0,0
BRDA:346,24,1,0
BRDA:352,25,0,0
BRDA:351,26,0,0
BRDA:351,26,1,0
BRDA:356,27,0,0
BRDA:356,27,1,0
BRDA:402,28,0,0
BRDA:423,29,0,0
BRDA:423,29,1,0
BRDA:436,30,0,0
BRDA:436,30,1,0
BRDA:446,31,0,0
BRDA:446,31,1,0
BRDA:457,32,0,0
BRDA:457,32,1,0
BRDA:468,33,0,0
BRDA:468,33,1,0
BRDA:477,34,0,0
BRDA:477,34,1,0
BRF:70
BRH:0
end_of_record
TN:
SF:app\(admin)\admin\support\page.tsx
FN:81,AdminSupportPageEnhanced
FN:104,(anonymous_2)
FN:109,(anonymous_3)
FN:135,(anonymous_4)
FN:137,(anonymous_5)
FN:155,(anonymous_6)
FN:162,(anonymous_7)
FN:165,(anonymous_8)
FN:175,(anonymous_9)
FN:192,(anonymous_10)
FN:199,(anonymous_11)
FN:213,(anonymous_12)
FN:220,(anonymous_13)
FN:220,(anonymous_14)
FN:224,(anonymous_15)
FN:227,(anonymous_16)
FN:230,(anonymous_17)
FN:255,(anonymous_18)
FN:262,(anonymous_19)
FN:269,(anonymous_20)
FN:281,(anonymous_21)
FN:294,(anonymous_22)
FN:304,(anonymous_23)
FN:326,(anonymous_24)
FN:332,(anonymous_25)
FN:343,(anonymous_26)
FN:354,(anonymous_27)
FN:365,(anonymous_28)
FN:393,(anonymous_29)
FN:398,(anonymous_30)
FN:466,(anonymous_31)
FN:476,(anonymous_32)
FN:493,(anonymous_33)
FN:512,(anonymous_34)
FN:555,(anonymous_35)
FN:564,(anonymous_36)
FN:567,(anonymous_37)
FN:626,(anonymous_38)
FN:634,(anonymous_39)
FN:634,(anonymous_40)
FN:634,(anonymous_41)
FN:643,(anonymous_42)
FN:655,(anonymous_43)
FN:656,(anonymous_44)
FN:676,(anonymous_45)
FNF:45
FNH:0
FNDA:0,AdminSupportPageEnhanced
FNDA:0,(anonymous_2)
FNDA:0,(anonymous_3)
FNDA:0,(anonymous_4)
FNDA:0,(anonymous_5)
FNDA:0,(anonymous_6)
FNDA:0,(anonymous_7)
FNDA:0,(anonymous_8)
FNDA:0,(anonymous_9)
FNDA:0,(anonymous_10)
FNDA:0,(anonymous_11)
FNDA:0,(anonymous_12)
FNDA:0,(anonymous_13)
FNDA:0,(anonymous_14)
FNDA:0,(anonymous_15)
FNDA:0,(anonymous_16)
FNDA:0,(anonymous_17)
FNDA:0,(anonymous_18)
FNDA:0,(anonymous_19)
FNDA:0,(anonymous_20)
FNDA:0,(anonymous_21)
FNDA:0,(anonymous_22)
FNDA:0,(anonymous_23)
FNDA:0,(anonymous_24)
FNDA:0,(anonymous_25)
FNDA:0,(anonymous_26)
FNDA:0,(anonymous_27)
FNDA:0,(anonymous_28)
FNDA:0,(anonymous_29)
FNDA:0,(anonymous_30)
FNDA:0,(anonymous_31)
FNDA:0,(anonymous_32)
FNDA:0,(anonymous_33)
FNDA:0,(anonymous_34)
FNDA:0,(anonymous_35)
FNDA:0,(anonymous_36)
FNDA:0,(anonymous_37)
FNDA:0,(anonymous_38)
FNDA:0,(anonymous_39)
FNDA:0,(anonymous_40)
FNDA:0,(anonymous_41)
FNDA:0,(anonymous_42)
FNDA:0,(anonymous_43)
FNDA:0,(anonymous_44)
FNDA:0,(anonymous_45)
DA:3,0
DA:4,0
DA:5,0
DA:6,0
DA:7,0
DA:8,0
DA:9,0
DA:10,0
DA:11,0
DA:12,0
DA:13,0
DA:28,0
DA:29,0
DA:31,0
DA:64,0
DA:71,0
DA:81,0
DA:82,0
DA:83,0
DA:84,0
DA:85,0
DA:86,0
DA:87,0
DA:88,0
DA:89,0
DA:90,0
DA:91,0
DA:92,0
DA:94,0
DA:95,0
DA:96,0
DA:98,0
DA:99,0
DA:100,0
DA:102,0
DA:104,0
DA:105,0
DA:109,0
DA:110,0
DA:111,0
DA:112,0
DA:113,0
DA:115,0
DA:116,0
DA:117,0
DA:118,0
DA:119,0
DA:120,0
DA:121,0
DA:122,0
DA:123,0
DA:124,0
DA:126,0
DA:135,0
DA:136,0
DA:137,0
DA:138,0
DA:139,0
DA:145,0
DA:146,0
DA:148,0
DA:149,0
DA:153,0
DA:154,0
DA:155,0
DA:156,0
DA:157,0
DA:162,0
DA:163,0
DA:164,0
DA:165,0
DA:166,0
DA:167,0
DA:172,0
DA:174,0
DA:175,0
DA:177,0
DA:178,0
DA:181,0
DA:182,0
DA:187,0
DA:189,0
DA:190,0
DA:192,0
DA:195,0
DA:196,0
DA:198,0
DA:199,0
DA:200,0
DA:201,0
DA:206,0
DA:207,0
DA:211,0
DA:212,0
DA:213,0
DA:214,0
DA:215,0
DA:219,0
DA:220,0
DA:224,0
DA:225,0
DA:226,0
DA:227,0
DA:230,0
DA:231,0
DA:232,0
DA:234,0
DA:240,0
DA:241,0
DA:242,0
DA:243,0
DA:245,0
DA:246,0
DA:247,0
DA:249,0
DA:255,0
DA:256,0
DA:257,0
DA:258,0
DA:259,0
DA:262,0
DA:263,0
DA:264,0
DA:265,0
DA:266,0
DA:269,0
DA:270,0
DA:271,0
DA:273,0
DA:274,0
DA:275,0
DA:278,0
DA:279,0
DA:280,0
DA:281,0
DA:282,0
DA:284,0
DA:290,0
DA:294,0
DA:295,0
DA:296,0
DA:297,0
DA:298,0
DA:300,0
DA:304,0
DA:305,0
DA:306,0
DA:308,0
DA:309,0
DA:326,0
DA:332,0
DA:343,0
DA:354,0
DA:365,0
DA:394,0
DA:399,0
DA:400,0
DA:401,0
DA:466,0
DA:476,0
DA:493,0
DA:513,0
DA:514,0
DA:515,0
DA:517,0
DA:555,0
DA:565,0
DA:567,0
DA:627,0
DA:634,0
DA:643,0
DA:655,0
DA:657,0
DA:658,0
DA:659,0
DA:676,0
LF:176
LH:0
BRDA:31,0,0,0
BRDA:31,0,1,0
BRDA:98,1,0,0
BRDA:98,1,1,0
BRDA:99,2,0,0
BRDA:99,2,1,0
BRDA:111,3,0,0
BRDA:111,3,1,0
BRDA:113,4,0,0
BRDA:113,4,1,0
BRDA:128,5,0,0
BRDA:128,5,1,0
BRDA:140,6,0,0
BRDA:140,6,1,0
BRDA:141,7,0,0
BRDA:141,7,1,0
BRDA:142,8,0,0
BRDA:142,8,1,0
BRDA:143,9,0,0
BRDA:143,9,1,0
BRDA:145,10,0,0
BRDA:145,10,1,0
BRDA:146,11,0,0
BRDA:146,11,1,0
BRDA:148,12,0,0
BRDA:148,12,1,0
BRDA:148,13,0,0
BRDA:148,13,1,0
BRDA:163,14,0,0
BRDA:163,14,1,0
BRDA:172,15,0,0
BRDA:172,15,1,0
BRDA:174,16,0,0
BRDA:174,16,1,0
BRDA:175,17,0,0
BRDA:175,17,1,0
BRDA:177,18,0,0
BRDA:177,18,1,0
BRDA:189,19,0,0
BRDA:189,19,1,0
BRDA:195,20,0,0
BRDA:195,20,1,0
BRDA:196,21,0,0
BRDA:196,21,1,0
BRDA:198,22,0,0
BRDA:198,22,1,0
BRDA:198,23,0,0
BRDA:198,23,1,0
BRDA:200,24,0,0
BRDA:200,24,1,0
BRDA:206,25,0,0
BRDA:206,25,1,0
BRDA:206,26,0,0
BRDA:206,26,1,0
BRDA:220,27,0,0
BRDA:220,27,1,0
BRDA:225,28,0,0
BRDA:225,28,1,0
BRDA:231,29,0,0
BRDA:231,29,1,0
BRDA:231,30,0,0
BRDA:231,30,1,0
BRDA:246,31,0,0
BRDA:246,31,1,0
BRDA:250,32,0,0
BRDA:250,32,1,0
BRDA:251,33,0,0
BRDA:251,33,1,0
BRDA:256,34,0,0
BRDA:256,34,1,0
BRDA:263,35,0,0
BRDA:263,35,1,0
BRDA:271,36,0,0
BRDA:271,36,1,0
BRDA:271,37,0,0
BRDA:271,37,1,0
BRDA:273,38,0,0
BRDA:273,38,1,0
BRDA:286,39,0,0
BRDA:286,39,1,0
BRDA:297,40,0,0
BRDA:297,40,1,0
BRDA:297,41,0,0
BRDA:297,41,1,0
BRDA:305,42,0,0
BRDA:305,42,1,0
BRDA:308,43,0,0
BRDA:308,43,1,0
BRDA:308,44,0,0
BRDA:308,44,1,0
BRDA:338,45,0,0
BRDA:381,46,0,0
BRDA:381,46,1,0
BRDA:383,47,0,0
BRDA:396,48,0,0
BRDA:396,48,1,0
BRDA:407,49,0,0
BRDA:407,49,1,0
BRDA:410,50,0,0
BRDA:422,51,0,0
BRDA:422,51,1,0
BRDA:442,52,0,0
BRDA:449,53,0,0
BRDA:449,53,1,0
BRDA:449,54,0,0
BRDA:449,54,1,0
BRDA:455,55,0,0
BRDA:455,55,1,0
BRDA:455,56,0,0
BRDA:455,56,1,0
BRDA:458,57,0,0
BRDA:458,57,1,0
BRDA:504,58,0,0
BRDA:514,59,0,0
BRDA:514,59,1,0
BRDA:515,60,0,0
BRDA:515,60,1,0
BRDA:525,61,0,0
BRDA:525,61,1,0
BRDA:529,62,0,0
BRDA:529,62,1,0
BRDA:534,63,0,0
BRDA:542,64,0,0
BRDA:542,64,1,0
BRDA:544,65,0,0
BRDA:544,65,1,0
BRDA:550,66,0,0
BRDA:562,67,0,0
BRDA:562,67,1,0
BRDA:568,68,0,0
BRDA:568,68,1,0
BRDA:570,69,0,0
BRDA:570,69,1,0
BRDA:584,70,0,0
BRDA:584,70,1,0
BRDA:585,71,0,0
BRDA:585,71,1,0
BRDA:598,72,0,0
BRDA:624,73,0,0
BRDA:643,74,0,0
BRDA:643,74,1,0
BRDA:653,75,0,0
BRDA:653,75,1,0
BRDA:657,76,0,0
BRDA:657,76,1,0
BRDA:657,77,0,0
BRDA:657,77,1,0
BRDA:680,78,0,0
BRDA:689,79,0,0
BRDA:689,79,1,0
BRF:150
BRH:0
end_of_record
TN:
SF:app\(admin)\admin\usage\page.tsx
FN:64,(anonymous_2)
FN:65,(anonymous_3)
FN:94,AdminUsagePage
FN:104,(anonymous_5)
FN:108,(anonymous_6)
FN:129,(anonymous_7)
FN:146,(anonymous_8)
FN:270,(anonymous_9)
FN:280,(anonymous_10)
FN:280,(anonymous_11)
FN:322,(anonymous_12)
FNF:11
FNH:0
FNDA:0,(anonymous_2)
FNDA:0,(anonymous_3)
FNDA:0,AdminUsagePage
FNDA:0,(anonymous_5)
FNDA:0,(anonymous_6)
FNDA:0,(anonymous_7)
FNDA:0,(anonymous_8)
FNDA:0,(anonymous_9)
FNDA:0,(anonymous_10)
FNDA:0,(anonymous_11)
FNDA:0,(anonymous_12)
DA:3,0
DA:4,0
DA:5,0
DA:6,0
DA:7,0
DA:9,0
DA:10,0
DA:11,0
DA:12,0
DA:27,0
DA:28,0
DA:64,0
DA:65,0
DA:66,0
DA:67,0
DA:70,0
DA:73,0
DA:76,0
DA:78,0
DA:82,0
DA:94,0
DA:95,0
DA:96,0
DA:97,0
DA:98,0
DA:99,0
DA:100,0
DA:101,0
DA:102,0
DA:104,0
DA:105,0
DA:108,0
DA:109,0
DA:110,0
DA:113,0
DA:118,0
DA:119,0
DA:120,0
DA:122,0
DA:123,0
DA:125,0
DA:129,0
DA:131,0
DA:134,0
DA:135,0
DA:137,0
DA:140,0
DA:147,0
DA:270,0
DA:280,0
DA:281,0
DA:323,0
LF:52
LH:0
BRDA:66,0,0,0
BRDA:66,0,1,0
BRDA:70,1,0,0
BRDA:70,1,1,0
BRDA:70,1,2,0
BRDA:70,1,3,0
BRDA:70,1,4,0
BRDA:118,2,0,0
BRDA:118,2,1,0
BRDA:119,3,0,0
BRDA:119,3,1,0
BRDA:120,4,0,0
BRDA:120,4,1,0
BRDA:131,5,0,0
BRDA:131,5,1,0
BRDA:134,6,0,0
BRDA:134,6,1,0
BRDA:135,7,0,0
BRDA:135,7,1,0
BRDA:137,8,0,0
BRDA:137,8,1,0
BRDA:137,8,2,0
BRDA:140,9,0,0
BRDA:140,9,1,0
BRDA:169,10,0,0
BRDA:177,11,0,0
BRDA:315,12,0,0
BRDA:315,12,1,0
BRDA:335,13,0,0
BRDA:347,14,0,0
BRDA:347,14,1,0
BRDA:352,15,0,0
BRDA:352,15,1,0
BRDA:357,16,0,0
BRDA:357,16,1,0
BRF:35
BRH:0
end_of_record
TN:
SF:app\(admin)\admin\users\page.tsx
FN:18,AdminUsersPage
FN:41,(anonymous_2)
FN:50,(anonymous_3)
FN:51,(anonymous_4)
FN:54,(anonymous_5)
FN:58,(anonymous_6)
FN:82,(anonymous_7)
FN:89,(anonymous_8)
FN:94,(anonymous_9)
FN:107,(anonymous_10)
FN:122,(anonymous_11)
FN:139,(anonymous_12)
FN:165,(anonymous_13)
FN:173,(anonymous_14)
FN:177,(anonymous_15)
FN:206,(anonymous_16)
FN:229,(anonymous_17)
FN:234,(anonymous_18)
FN:246,(anonymous_19)
FN:252,(anonymous_20)
FN:282,(anonymous_21)
FN:303,(anonymous_22)
FNF:22
FNH:0
FNDA:0,AdminUsersPage
FNDA:0,(anonymous_2)
FNDA:0,(anonymous_3)
FNDA:0,(anonymous_4)
FNDA:0,(anonymous_5)
FNDA:0,(anonymous_6)
FNDA:0,(anonymous_7)
FNDA:0,(anonymous_8)
FNDA:0,(anonymous_9)
FNDA:0,(anonymous_10)
FNDA:0,(anonymous_11)
FNDA:0,(anonymous_12)
FNDA:0,(anonymous_13)
FNDA:0,(anonymous_14)
FNDA:0,(anonymous_15)
FNDA:0,(anonymous_16)
FNDA:0,(anonymous_17)
FNDA:0,(anonymous_18)
FNDA:0,(anonymous_19)
FNDA:0,(anonymous_20)
FNDA:0,(anonymous_21)
FNDA:0,(anonymous_22)
DA:3,0
DA:4,0
DA:5,0
DA:6,0
DA:7,0
DA:8,0
DA:9,0
DA:10,0
DA:11,0
DA:12,0
DA:13,0
DA:14,0
DA:15,0
DA:16,0
DA:18,0
DA:19,0
DA:20,0
DA:21,0
DA:24,0
DA:25,0
DA:26,0
DA:27,0
DA:28,0
DA:29,0
DA:30,0
DA:31,0
DA:32,0
DA:33,0
DA:36,0
DA:37,0
DA:38,0
DA:41,0
DA:42,0
DA:43,0
DA:44,0
DA:49,0
DA:50,0
DA:51,0
DA:52,0
DA:54,0
DA:58,0
DA:59,0
DA:60,0
DA:61,0
DA:63,0
DA:71,0
DA:72,0
DA:73,0
DA:74,0
DA:76,0
DA:78,0
DA:82,0
DA:83,0
DA:84,0
DA:89,0
DA:90,0
DA:94,0
DA:95,0
DA:96,0
DA:97,0
DA:101,0
DA:103,0
DA:107,0
DA:108,0
DA:110,0
DA:111,0
DA:112,0
DA:116,0
DA:118,0
DA:122,0
DA:123,0
DA:124,0
DA:125,0
DA:129,0
DA:131,0
DA:139,0
DA:140,0
DA:141,0
DA:142,0
DA:147,0
DA:150,0
DA:151,0
DA:152,0
DA:157,0
DA:165,0
DA:167,0
DA:173,0
DA:174,0
DA:177,0
DA:178,0
DA:181,0
DA:206,0
DA:229,0
DA:234,0
DA:246,0
DA:253,0
DA:283,0
DA:284,0
DA:304,0
DA:305,0
LF:100
LH:0
BRDA:42,0,0,0
BRDA:42,0,1,0
BRDA:42,1,0,0
BRDA:42,1,1,0
BRDA:64,2,0,0
BRDA:64,2,1,0
BRDA:65,3,0,0
BRDA:65,3,1,0
BRDA:66,4,0,0
BRDA:66,4,1,0
BRDA:76,5,0,0
BRDA:76,5,1,0
BRDA:83,6,0,0
BRDA:83,6,1,0
BRDA:83,7,0,0
BRDA:83,7,1,0
BRDA:103,8,0,0
BRDA:103,8,1,0
BRDA:108,9,0,0
BRDA:108,9,1,0
BRDA:118,10,0,0
BRDA:118,10,1,0
BRDA:133,11,0,0
BRDA:133,11,1,0
BRDA:141,12,0,0
BRDA:141,12,1,0
BRDA:141,13,0,0
BRDA:141,13,1,0
BRDA:159,14,0,0
BRDA:159,14,1,0
BRDA:181,15,0,0
BRDA:181,15,1,0
BRDA:181,16,0,0
BRDA:181,16,1,0
BRDA:203,17,0,0
BRDA:203,17,1,0
BRDA:234,18,0,0
BRDA:234,18,1,0
BRDA:234,19,0,0
BRDA:234,19,1,0
BRDA:245,20,0,0
BRDA:246,21,0,0
BRDA:246,21,1,0
BRDA:246,22,0,0
BRDA:246,22,1,0
BRDA:265,23,0,0
BRDA:307,24,0,0
BRDA:307,24,1,0
BRF:48
BRH:0
end_of_record
TN:
SF:app\(auth)\login\page.tsx
FN:17,LoginPage
FN:29,(anonymous_3)
FN:50,(anonymous_4)
FN:79,(anonymous_5)
FN:133,(anonymous_6)
FN:152,(anonymous_7)
FN:172,(anonymous_8)
FN:185,(anonymous_9)
FNF:8
FNH:0
FNDA:0,LoginPage
FNDA:0,(anonymous_3)
FNDA:0,(anonymous_4)
FNDA:0,(anonymous_5)
FNDA:0,(anonymous_6)
FNDA:0,(anonymous_7)
FNDA:0,(anonymous_8)
FNDA:0,(anonymous_9)
DA:3,0
DA:4,0
DA:5,0
DA:6,0
DA:7,0
DA:8,0
DA:9,0
DA:10,0
DA:11,0
DA:12,0
DA:13,0
DA:14,0
DA:15,0
DA:17,0
DA:18,0
DA:19,0
DA:20,0
DA:21,0
DA:22,0
DA:23,0
DA:25,0
DA:26,0
DA:27,0
DA:29,0
DA:30,0
DA:31,0
DA:32,0
DA:34,0
DA:35,0
DA:36,0
DA:38,0
DA:39,0
DA:40,0
DA:41,0
DA:43,0
DA:46,0
DA:50,0
DA:51,0
DA:52,0
DA:53,0
DA:55,0
DA:57,0
DA:61,0
DA:62,0
DA:65,0
DA:68,0
DA:69,0
DA:71,0
DA:74,0
DA:75,0
DA:79,0
DA:80,0
DA:81,0
DA:82,0
DA:84,0
DA:133,0
DA:152,0
DA:172,0
DA:185,0
LF:59
LH:0
BRDA:38,0,0,0
BRDA:38,0,1,0
BRDA:43,1,0,0
BRDA:43,1,1,0
BRDA:68,2,0,0
BRDA:68,2,1,0
BRDA:68,3,0,0
BRDA:68,3,1,0
BRDA:74,4,0,0
BRDA:74,4,1,0
BRDA:81,5,0,0
BRDA:81,5,1,0
BRDA:81,6,0,0
BRDA:81,6,1,0
BRDA:109,7,0,0
BRDA:120,8,0,0
BRDA:144,9,0,0
BRDA:144,9,1,0
BRDA:145,10,0,0
BRDA:145,10,1,0
BRDA:159,11,0,0
BRDA:196,12,0,0
BRDA:196,12,1,0
BRF:23
BRH:0
end_of_record
TN:
SF:app\(auth)\register\page.tsx
FN:14,RegisterPage
FN:27,(anonymous_3)
FN:28,(anonymous_4)
FN:31,(anonymous_5)
FN:114,(anonymous_6)
FN:125,(anonymous_7)
FN:139,(anonymous_8)
FN:150,(anonymous_9)
FN:166,(anonymous_10)
FN:179,(anonymous_11)
FNF:10
FNH:0
FNDA:0,RegisterPage
FNDA:0,(anonymous_3)
FNDA:0,(anonymous_4)
FNDA:0,(anonymous_5)
FNDA:0,(anonymous_6)
FNDA:0,(anonymous_7)
FNDA:0,(anonymous_8)
FNDA:0,(anonymous_9)
FNDA:0,(anonymous_10)
FNDA:0,(anonymous_11)
DA:3,0
DA:4,0
DA:5,0
DA:6,0
DA:7,0
DA:8,0
DA:9,0
DA:10,0
DA:11,0
DA:12,0
DA:14,0
DA:15,0
DA:23,0
DA:24,0
DA:25,0
DA:27,0
DA:28,0
DA:31,0
DA:32,0
DA:33,0
DA:35,0
DA:36,0
DA:37,0
DA:40,0
DA:41,0
DA:42,0
DA:45,0
DA:47,0
DA:48,0
DA:62,0
DA:63,0
DA:64,0
DA:68,0
DA:70,0
DA:72,0
DA:114,0
DA:125,0
DA:139,0
DA:150,0
DA:166,0
DA:179,0
LF:41
LH:0
BRDA:35,0,0,0
BRDA:35,0,1,0
BRDA:40,1,0,0
BRDA:40,1,1,0
BRDA:62,2,0,0
BRDA:62,2,1,0
BRDA:64,3,0,0
BRDA:64,3,1,0
BRDA:70,4,0,0
BRDA:70,4,1,0
BRDA:101,5,0,0
BRDA:190,6,0,0
BRDA:190,6,1,0
BRF:13
BRH:0
end_of_record
TN:
SF:app\(seller)\seller\layout.tsx
FN:11,SellerLayout
FN:19,(anonymous_3)
FNF:2
FNH:0
FNDA:0,SellerLayout
FNDA:0,(anonymous_3)
DA:3,0
DA:4,0
DA:5,0
DA:6,0
DA:7,0
DA:8,0
DA:9,0
DA:11,0
DA:16,0
DA:17,0
DA:19,0
DA:20,0
DA:21,0
DA:22,0
DA:26,0
DA:34,0
DA:35,0
DA:36,0
LF:18
LH:0
BRDA:21,0,0,0
BRDA:21,0,1,0
BRDA:21,1,0,0
BRDA:21,1,1,0
BRDA:21,1,2,0
BRDA:26,2,0,0
BRDA:26,2,1,0
BRDA:35,3,0,0
BRDA:35,3,1,0
BRDA:35,4,0,0
BRDA:35,4,1,0
BRF:11
BRH:0
end_of_record
TN:
SF:app\(seller)\seller\advertisement-analytics\page.tsx
FN:11,AdvertisementAnalyticsPage
FNF:1
FNH:0
FNDA:0,AdvertisementAnalyticsPage
DA:3,0
DA:4,0
DA:6,0
DA:7,0
DA:8,0
DA:9,0
DA:11,0
DA:12,0
DA:13,0
DA:16,0
LF:10
LH:0
BRF:0
BRH:0
end_of_record
TN:
SF:app\(seller)\seller\alerts\page.tsx
FN:3,SellerAlertsPage
FNF:1
FNH:0
FNDA:0,SellerAlertsPage
DA:1,0
DA:3,0
DA:5,0
LF:3
LH:0
BRF:0
BRH:0
end_of_record
TN:
SF:app\(seller)\seller\dashboard\page.tsx
FN:30,SellerDashboard
FN:36,(anonymous_3)
FN:40,(anonymous_4)
FN:57,(anonymous_5)
FN:174,DashboardAnomaliesSection
FN:179,(anonymous_7)
FN:189,(anonymous_8)
FN:236,(anonymous_9)
FN:239,(anonymous_10)
FN:276,(anonymous_11)
FN:282,(anonymous_12)
FN:295,(anonymous_13)
FN:330,(anonymous_14)
FN:385,DashboardInsightsSection
FN:393,(anonymous_16)
FN:401,(anonymous_17)
FN:415,(anonymous_18)
FN:429,(anonymous_19)
FN:452,(anonymous_20)
FN:458,(anonymous_21)
FN:477,(anonymous_22)
FNF:21
FNH:0
FNDA:0,SellerDashboard
FNDA:0,(anonymous_3)
FNDA:0,(anonymous_4)
FNDA:0,(anonymous_5)
FNDA:0,DashboardAnomaliesSection
FNDA:0,(anonymous_7)
FNDA:0,(anonymous_8)
FNDA:0,(anonymous_9)
FNDA:0,(anonymous_10)
FNDA:0,(anonymous_11)
FNDA:0,(anonymous_12)
FNDA:0,(anonymous_13)
FNDA:0,(anonymous_14)
FNDA:0,DashboardInsightsSection
FNDA:0,(anonymous_16)
FNDA:0,(anonymous_17)
FNDA:0,(anonymous_18)
FNDA:0,(anonymous_19)
FNDA:0,(anonymous_20)
FNDA:0,(anonymous_21)
FNDA:0,(anonymous_22)
DA:3,0
DA:4,0
DA:5,0
DA:6,0
DA:7,0
DA:8,0
DA:9,0
DA:10,0
DA:11,0
DA:12,0
DA:13,0
DA:14,0
DA:15,0
DA:20,0
DA:26,0
DA:30,0
DA:31,0
DA:32,0
DA:34,0
DA:36,0
DA:37,0
DA:40,0
DA:41,0
DA:42,0
DA:44,0
DA:45,0
DA:47,0
DA:51,0
DA:58,0
DA:175,0
DA:176,0
DA:177,0
DA:179,0
DA:180,0
DA:181,0
DA:182,0
DA:184,0
DA:185,0
DA:186,0
DA:189,0
DA:190,0
DA:191,0
DA:213,0
DA:236,0
DA:239,0
DA:240,0
DA:242,0
DA:250,0
DA:258,0
DA:266,0
DA:276,0
DA:277,0
DA:278,0
DA:282,0
DA:283,0
DA:290,0
DA:296,0
DA:304,0
DA:305,0
DA:308,0
DA:309,0
DA:331,0
DA:332,0
DA:386,0
DA:387,0
DA:388,0
DA:389,0
DA:390,0
DA:391,0
DA:393,0
DA:394,0
DA:395,0
DA:397,0
DA:401,0
DA:402,0
DA:403,0
DA:404,0
DA:405,0
DA:406,0
DA:408,0
DA:409,0
DA:411,0
DA:415,0
DA:416,0
DA:417,0
DA:418,0
DA:419,0
DA:420,0
DA:422,0
DA:423,0
DA:425,0
DA:429,0
DA:430,0
DA:431,0
DA:452,0
DA:458,0
DA:478,0
LF:97
LH:0
BRDA:51,0,0,0
BRDA:51,0,1,0
BRDA:106,1,0,0
BRDA:106,1,1,0
BRDA:106,1,2,0
BRDA:190,2,0,0
BRDA:190,2,1,0
BRDA:240,3,0,0
BRDA:240,3,1,0
BRDA:240,3,2,0
BRDA:240,3,3,0
BRDA:290,4,0,0
BRDA:290,4,1,0
BRDA:304,5,0,0
BRDA:304,5,1,0
BRDA:308,6,0,0
BRDA:308,6,1,0
BRDA:308,7,0,0
BRDA:308,7,1,0
BRDA:323,8,0,0
BRDA:323,8,1,0
BRDA:352,9,0,0
BRDA:352,9,1,0
BRDA:394,10,0,0
BRDA:394,10,1,0
BRDA:405,11,0,0
BRDA:405,11,1,0
BRDA:406,12,0,0
BRDA:406,12,1,0
BRDA:419,13,0,0
BRDA:419,13,1,0
BRDA:420,14,0,0
BRDA:420,14,1,0
BRDA:429,15,0,0
BRDA:429,15,1,0
BRDA:429,16,0,0
BRDA:429,16,1,0
BRDA:430,17,0,0
BRDA:430,17,1,0
BRDA:430,18,0,0
BRDA:430,18,1,0
BRDA:433,19,0,0
BRDA:433,19,1,0
BRDA:434,20,0,0
BRDA:434,20,1,0
BRDA:434,21,0,0
BRDA:434,21,1,0
BRDA:435,22,0,0
BRDA:435,22,1,0
BRDA:435,23,0,0
BRDA:435,23,1,0
BRDA:435,24,0,0
BRDA:435,24,1,0
BRDA:453,25,0,0
BRDA:453,25,1,0
BRDA:459,26,0,0
BRDA:459,26,1,0
BRDA:470,27,0,0
BRDA:470,27,1,0
BRDA:485,28,0,0
BRDA:485,28,1,0
BRDA:494,29,0,0
BRDA:519,30,0,0
BRF:63
BRH:0
end_of_record
TN:
SF:app\(seller)\seller\inventory\page.tsx
FN:42,SellerInventoryPage
FN:46,(anonymous_3)
FN:51,(anonymous_4)
FN:78,(anonymous_5)
FN:162,(anonymous_6)
FN:162,(anonymous_7)
FN:163,(anonymous_8)
FN:163,(anonymous_9)
FN:164,(anonymous_10)
FN:164,(anonymous_11)
FN:165,(anonymous_12)
FN:165,(anonymous_13)
FN:166,(anonymous_14)
FN:166,(anonymous_15)
FN:167,(anonymous_16)
FN:167,(anonymous_17)
FN:168,(anonymous_18)
FN:168,(anonymous_19)
FN:204,(anonymous_20)
FN:211,(anonymous_21)
FN:256,(anonymous_22)
FN:330,(anonymous_23)
FN:344,(anonymous_24)
FN:376,(anonymous_25)
FN:399,(anonymous_26)
FN:469,(anonymous_27)
FN:473,(anonymous_28)
FN:519,(anonymous_29)
FN:557,(anonymous_30)
FN:600,(anonymous_31)
FN:613,(anonymous_32)
FNF:31
FNH:0
FNDA:0,SellerInventoryPage
FNDA:0,(anonymous_3)
FNDA:0,(anonymous_4)
FNDA:0,(anonymous_5)
FNDA:0,(anonymous_6)
FNDA:0,(anonymous_7)
FNDA:0,(anonymous_8)
FNDA:0,(anonymous_9)
FNDA:0,(anonymous_10)
FNDA:0,(anonymous_11)
FNDA:0,(anonymous_12)
FNDA:0,(anonymous_13)
FNDA:0,(anonymous_14)
FNDA:0,(anonymous_15)
FNDA:0,(anonymous_16)
FNDA:0,(anonymous_17)
FNDA:0,(anonymous_18)
FNDA:0,(anonymous_19)
FNDA:0,(anonymous_20)
FNDA:0,(anonymous_21)
FNDA:0,(anonymous_22)
FNDA:0,(anonymous_23)
FNDA:0,(anonymous_24)
FNDA:0,(anonymous_25)
FNDA:0,(anonymous_26)
FNDA:0,(anonymous_27)
FNDA:0,(anonymous_28)
FNDA:0,(anonymous_29)
FNDA:0,(anonymous_30)
FNDA:0,(anonymous_31)
FNDA:0,(anonymous_32)
DA:3,0
DA:4,0
DA:17,0
DA:19,0
DA:20,0
DA:21,0
DA:22,0
DA:30,0
DA:31,0
DA:37,0
DA:38,0
DA:39,0
DA:40,0
DA:42,0
DA:43,0
DA:46,0
DA:47,0
DA:48,0
DA:49,0
DA:51,0
DA:54,0
DA:55,0
DA:58,0
DA:59,0
DA:60,0
DA:61,0
DA:62,0
DA:65,0
DA:68,0
DA:69,0
DA:72,0
DA:75,0
DA:76,0
DA:78,0
DA:79,0
DA:80,0
DA:82,0
DA:83,0
DA:88,0
DA:91,0
DA:107,0
DA:145,0
DA:162,0
DA:163,0
DA:164,0
DA:165,0
DA:166,0
DA:167,0
DA:168,0
DA:170,0
DA:204,0
DA:211,0
DA:257,0
DA:258,0
DA:259,0
DA:260,0
DA:330,0
DA:344,0
DA:376,0
DA:400,0
DA:469,0
DA:474,0
DA:475,0
DA:476,0
DA:477,0
DA:478,0
DA:479,0
DA:480,0
DA:481,0
DA:482,0
DA:519,0
DA:558,0
DA:600,0
DA:613,0
LF:74
LH:0
BRDA:79,0,0,0
BRDA:79,0,1,0
BRDA:80,1,0,0
BRDA:80,1,1,0
BRDA:92,2,0,0
BRDA:92,2,1,0
BRDA:93,3,0,0
BRDA:93,3,1,0
BRDA:94,4,0,0
BRDA:94,4,1,0
BRDA:95,5,0,0
BRDA:95,5,1,0
BRDA:96,6,0,0
BRDA:96,6,1,0
BRDA:98,7,0,0
BRDA:98,7,1,0
BRDA:99,8,0,0
BRDA:99,8,1,0
BRDA:101,9,0,0
BRDA:101,9,1,0
BRDA:108,10,0,0
BRDA:108,10,1,0
BRDA:109,11,0,0
BRDA:109,11,1,0
BRDA:110,12,0,0
BRDA:110,12,1,0
BRDA:111,13,0,0
BRDA:111,13,1,0
BRDA:112,14,0,0
BRDA:112,14,1,0
BRDA:114,15,0,0
BRDA:114,15,1,0
BRDA:115,16,0,0
BRDA:115,16,1,0
BRDA:117,17,0,0
BRDA:117,17,1,0
BRDA:126,18,0,0
BRDA:126,18,1,0
BRDA:127,19,0,0
BRDA:127,19,1,0
BRDA:128,20,0,0
BRDA:128,20,1,0
BRDA:129,21,0,0
BRDA:129,21,1,0
BRDA:130,22,0,0
BRDA:130,22,1,0
BRDA:132,23,0,0
BRDA:132,23,1,0
BRDA:133,24,0,0
BRDA:133,24,1,0
BRDA:137,25,0,0
BRDA:137,25,1,0
BRDA:148,26,0,0
BRDA:148,26,1,0
BRDA:149,27,0,0
BRDA:149,27,1,0
BRDA:150,28,0,0
BRDA:150,28,1,0
BRDA:151,29,0,0
BRDA:151,29,1,0
BRDA:152,30,0,0
BRDA:152,30,1,0
BRDA:153,31,0,0
BRDA:153,31,1,0
BRDA:154,32,0,0
BRDA:154,32,1,0
BRDA:156,33,0,0
BRDA:156,33,1,0
BRDA:162,34,0,0
BRDA:162,34,1,0
BRDA:163,35,0,0
BRDA:163,35,1,0
BRDA:164,36,0,0
BRDA:164,36,1,0
BRDA:165,37,0,0
BRDA:165,37,1,0
BRDA:166,38,0,0
BRDA:166,38,1,0
BRDA:167,39,0,0
BRDA:167,39,1,0
BRDA:168,40,0,0
BRDA:168,40,1,0
BRDA:249,41,0,0
BRDA:249,41,1,0
BRDA:249,41,2,0
BRDA:249,41,3,0
BRDA:279,42,0,0
BRDA:279,42,1,0
BRDA:282,43,0,0
BRDA:282,43,1,0
BRDA:294,44,0,0
BRDA:294,44,1,0
BRDA:306,45,0,0
BRDA:306,45,1,0
BRDA:318,46,0,0
BRDA:318,46,1,0
BRDA:335,47,0,0
BRDA:335,47,1,0
BRDA:339,48,0,0
BRDA:339,48,1,0
BRDA:339,49,0,0
BRDA:339,49,1,0
BRDA:340,50,0,0
BRDA:340,50,1,0
BRDA:341,51,0,0
BRDA:341,51,1,0
BRDA:363,52,0,0
BRDA:363,52,1,0
BRDA:394,53,0,0
BRDA:394,53,1,0
BRDA:396,54,0,0
BRDA:396,54,1,0
BRDA:407,55,0,0
BRDA:407,55,1,0
BRDA:411,56,0,0
BRDA:411,56,1,0
BRDA:412,57,0,0
BRDA:412,57,1,0
BRDA:415,58,0,0
BRDA:415,58,1,0
BRDA:416,59,0,0
BRDA:416,59,1,0
BRDA:421,60,0,0
BRDA:421,60,1,0
BRDA:438,61,0,0
BRDA:438,61,1,0
BRDA:439,62,0,0
BRDA:439,62,1,0
BRDA:552,63,0,0
BRDA:552,63,1,0
BRDA:554,64,0,0
BRDA:554,64,1,0
BRDA:563,65,0,0
BRDA:563,65,1,0
BRDA:570,66,0,0
BRDA:570,66,1,0
BRDA:574,67,0,0
BRDA:574,67,1,0
BRDA:575,68,0,0
BRDA:575,68,1,0
BRDA:578,69,0,0
BRDA:578,69,1,0
BRDA:594,70,0,0
BRDA:594,70,1,0
BRDA:594,71,0,0
BRDA:594,71,1,0
BRDA:614,72,0,0
BRDA:614,72,1,0
BRF:148
BRH:0
end_of_record
TN:
SF:app\(seller)\seller\listing-health\page.tsx
FN:6,ListingHealthPage
FN:9,(anonymous_2)
FNF:2
FNH:0
FNDA:0,ListingHealthPage
FNDA:0,(anonymous_2)
DA:3,0
DA:4,0
DA:6,0
DA:7,0
DA:9,0
DA:11,0
LF:6
LH:0
BRF:0
BRH:0
end_of_record
TN:
SF:app\(seller)\seller\listing-health\inventory\page.tsx
FN:110,InventoryListingsPage
FN:131,(anonymous_5)
FN:182,(anonymous_6)
FN:252,(anonymous_7)
FN:252,(anonymous_8)
FN:264,(anonymous_9)
FN:264,(anonymous_10)
FN:293,(anonymous_11)
FN:302,(anonymous_12)
FN:303,(anonymous_13)
FNF:10
FNH:0
FNDA:0,InventoryListingsPage
FNDA:0,(anonymous_5)
FNDA:0,(anonymous_6)
FNDA:0,(anonymous_7)
FNDA:0,(anonymous_8)
FNDA:0,(anonymous_9)
FNDA:0,(anonymous_10)
FNDA:0,(anonymous_11)
FNDA:0,(anonymous_12)
FNDA:0,(anonymous_13)
DA:3,0
DA:4,0
DA:5,0
DA:6,0
DA:7,0
DA:8,0
DA:9,0
DA:10,0
DA:11,0
DA:12,0
DA:13,0
DA:14,0
DA:15,0
DA:110,0
DA:111,0
DA:112,0
DA:115,0
DA:116,0
DA:117,0
DA:118,0
DA:131,0
DA:132,0
DA:133,0
DA:134,0
DA:135,0
DA:138,0
DA:182,0
DA:252,0
DA:264,0
DA:294,0
DA:303,0
DA:304,0
DA:305,0
DA:313,0
DA:315,0
LF:35
LH:0
BRDA:138,0,0,0
BRDA:138,0,1,0
BRDA:138,0,2,0
BRDA:138,0,3,0
BRDA:159,1,0,0
BRDA:243,2,0,0
BRDA:243,2,1,0
BRDA:263,3,0,0
BRDA:263,3,1,0
BRDA:292,4,0,0
BRDA:292,4,1,0
BRDA:302,5,0,0
BRDA:302,5,1,0
BRDA:305,6,0,0
BRDA:305,6,1,0
BRDA:305,7,0,0
BRDA:305,7,1,0
BRDA:308,8,0,0
BRDA:308,8,1,0
BRDA:313,9,0,0
BRDA:313,9,1,0
BRDA:353,10,0,0
BRDA:353,10,1,0
BRDA:357,11,0,0
BRDA:357,11,1,0
BRDA:360,12,0,0
BRDA:360,12,1,0
BRDA:371,13,0,0
BRDA:371,13,1,0
BRDA:397,14,0,0
BRDA:402,15,0,0
BRDA:411,16,0,0
BRDA:411,16,1,0
BRDA:413,17,0,0
BRDA:418,18,0,0
BRDA:423,19,0,0
BRF:36
BRH:0
end_of_record
TN:
SF:app\(seller)\seller\listing-health\search\page.tsx
FN:122,ListingHealthSearchPage
FN:153,(anonymous_5)
FN:160,(anonymous_6)
FN:221,(anonymous_7)
FN:222,(anonymous_8)
FNF:5
FNH:0
FNDA:0,ListingHealthSearchPage
FNDA:0,(anonymous_5)
FNDA:0,(anonymous_6)
FNDA:0,(anonymous_7)
FNDA:0,(anonymous_8)
DA:3,0
DA:4,0
DA:5,0
DA:6,0
DA:7,0
DA:8,0
DA:9,0
DA:10,0
DA:11,0
DA:122,0
DA:123,0
DA:124,0
DA:125,0
DA:126,0
DA:127,0
DA:153,0
DA:154,0
DA:156,0
DA:157,0
DA:160,0
DA:161,0
DA:180,0
DA:200,0
DA:221,0
DA:222,0
LF:25
LH:0
BRDA:154,0,0,0
BRDA:154,0,1,0
BRDA:222,1,0,0
BRDA:222,1,1,0
BRDA:228,2,0,0
BRDA:228,2,1,0
BRDA:231,3,0,0
BRDA:231,3,1,0
BRDA:246,4,0,0
BRDA:268,5,0,0
BRDA:268,5,1,0
BRDA:268,5,2,0
BRDA:287,6,0,0
BRDA:287,6,1,0
BRDA:316,7,0,0
BRDA:322,8,0,0
BRDA:322,8,1,0
BRDA:388,9,0,0
BRDA:388,9,1,0
BRDA:420,10,0,0
BRDA:452,11,0,0
BRDA:458,12,0,0
BRDA:458,12,1,0
BRDA:488,13,0,0
BRDA:488,13,1,0
BRF:25
BRH:0
end_of_record
TN:
SF:app\(seller)\seller\sales\page.tsx
FN:30,SellerSalesPage
FN:44,(anonymous_6)
FN:45,(anonymous_7)
FN:49,(anonymous_8)
FN:50,(anonymous_9)
FN:51,(anonymous_10)
FN:54,(anonymous_11)
FN:55,(anonymous_12)
FN:66,(anonymous_13)
FN:67,(anonymous_14)
FN:73,(anonymous_15)
FN:78,(anonymous_16)
FN:79,(anonymous_17)
FN:86,(anonymous_18)
FN:93,(anonymous_19)
FN:141,(anonymous_20)
FN:141,(anonymous_21)
FN:148,(anonymous_22)
FN:148,(anonymous_23)
FN:162,(anonymous_24)
FN:162,(anonymous_25)
FN:169,(anonymous_26)
FN:169,(anonymous_27)
FN:187,(anonymous_28)
FN:273,(anonymous_29)
FN:302,(anonymous_30)
FN:331,(anonymous_31)
FN:372,(anonymous_33)
FN:372,(anonymous_34)
FN:374,(anonymous_36)
FN:377,(anonymous_37)
FN:377,(anonymous_38)
FN:379,(anonymous_40)
FNF:33
FNH:16
FNDA:5,SellerSalesPage
FNDA:16,(anonymous_6)
FNDA:0,(anonymous_7)
FNDA:2,(anonymous_8)
FNDA:1,(anonymous_9)
FNDA:2,(anonymous_10)
FNDA:0,(anonymous_11)
FNDA:0,(anonymous_12)
FNDA:0,(anonymous_13)
FNDA:0,(anonymous_14)
FNDA:0,(anonymous_15)
FNDA:2,(anonymous_16)
FNDA:2,(anonymous_17)
FNDA:2,(anonymous_18)
FNDA:3,(anonymous_19)
FNDA:0,(anonymous_20)
FNDA:0,(anonymous_21)
FNDA:0,(anonymous_22)
FNDA:0,(anonymous_23)
FNDA:0,(anonymous_24)
FNDA:0,(anonymous_25)
FNDA:0,(anonymous_26)
FNDA:0,(anonymous_27)
FNDA:8,(anonymous_28)
FNDA:0,(anonymous_29)
FNDA:0,(anonymous_30)
FNDA:0,(anonymous_31)
FNDA:1,(anonymous_33)
FNDA:1,(anonymous_34)
FNDA:3,(anonymous_36)
FNDA:1,(anonymous_37)
FNDA:1,(anonymous_38)
FNDA:1,(anonymous_40)
DA:3,1
DA:4,1
DA:5,1
DA:7,1
DA:8,1
DA:9,1
DA:10,1
DA:23,1
DA:30,2
DA:31,5
DA:44,16
DA:45,4
DA:48,4
DA:49,4
DA:50,2
DA:51,2
DA:54,4
DA:55,0
DA:56,0
DA:57,0
DA:58,0
DA:59,0
DA:61,0
DA:66,4
DA:67,0
DA:73,4
DA:76,4
DA:77,4
DA:78,4
DA:79,2
DA:80,2
DA:81,2
DA:82,2
DA:84,2
DA:85,2
DA:86,2
DA:90,4
DA:91,4
DA:93,4
DA:94,3
DA:95,3
DA:99,4
DA:105,4
DA:141,0
DA:148,0
DA:162,0
DA:169,0
DA:188,8
DA:274,0
DA:275,0
DA:303,0
DA:304,0
DA:332,0
DA:333,0
DA:372,2
DA:374,3
DA:377,2
DA:379,1
LF:58
LH:41
BRDA:45,0,0,0
BRDA:45,0,1,4
BRDA:56,1,0,0
BRDA:56,1,1,0
BRDA:57,2,0,0
BRDA:57,2,1,0
BRDA:58,3,0,0
BRDA:58,3,1,0
BRDA:59,4,0,0
BRDA:59,4,1,0
BRDA:61,5,0,0
BRDA:61,5,1,0
BRDA:69,6,0,0
BRDA:69,6,1,0
BRDA:94,7,0,0
BRDA:94,7,1,3
BRDA:95,8,0,0
BRDA:95,8,1,3
BRDA:95,9,0,3
BRDA:95,9,1,1
BRDA:140,10,0,4
BRDA:140,10,1,0
BRDA:141,11,0,0
BRDA:141,11,1,0
BRDA:147,12,0,4
BRDA:147,12,1,0
BRDA:148,13,0,0
BRDA:148,13,1,0
BRDA:161,14,0,0
BRDA:161,14,1,4
BRDA:162,15,0,0
BRDA:162,15,1,0
BRDA:168,16,0,0
BRDA:168,16,1,4
BRDA:169,17,0,0
BRDA:169,17,1,0
BRDA:172,18,0,4
BRDA:172,18,1,4
BRDA:172,18,2,4
BRDA:172,18,3,0
BRDA:186,19,0,2
BRDA:197,20,0,0
BRDA:202,21,0,2
BRDA:207,22,0,2
BRDA:207,22,1,0
BRDA:216,23,0,2
BRDA:216,23,1,0
BRDA:225,24,0,2
BRDA:225,24,1,0
BRDA:233,25,0,2
BRDA:233,25,1,0
BRDA:234,26,0,2
BRDA:234,26,1,0
BRDA:234,27,0,2
BRDA:234,27,1,0
BRDA:285,28,0,4
BRDA:285,28,1,4
BRDA:314,29,0,4
BRDA:314,29,1,4
BRDA:343,30,0,4
BRDA:343,30,1,4
BRF:61
BRH:26
end_of_record
TN:
SF:app\(seller)\seller\settings\page.tsx
FN:53,TOTPSettings
FN:66,(anonymous_3)
FN:70,(anonymous_4)
FN:79,(anonymous_5)
FN:93,(anonymous_6)
FN:109,(anonymous_7)
FN:125,(anonymous_8)
FN:141,(anonymous_9)
FN:146,(anonymous_10)
FN:171,(anonymous_11)
FN:187,(anonymous_12)
FN:219,(anonymous_13)
FN:229,(anonymous_14)
FN:237,(anonymous_15)
FN:241,(anonymous_16)
FN:246,(anonymous_17)
FN:272,(anonymous_18)
FN:277,(anonymous_19)
FN:301,(anonymous_20)
FN:310,(anonymous_21)
FN:314,(anonymous_22)
FN:320,(anonymous_23)
FN:332,(anonymous_24)
FN:337,(anonymous_25)
FN:347,(anonymous_26)
FN:352,SellerSettingsPage
FN:363,(anonymous_28)
FN:367,(anonymous_29)
FN:384,(anonymous_30)
FN:417,(anonymous_31)
FN:423,(anonymous_32)
FN:424,(anonymous_33)
FN:438,(anonymous_34)
FN:447,(anonymous_35)
FN:455,(anonymous_36)
FN:506,(anonymous_37)
FN:536,(anonymous_38)
FN:537,(anonymous_39)
FN:560,(anonymous_40)
FN:564,(anonymous_41)
FN:586,(anonymous_42)
FN:587,(anonymous_43)
FN:610,(anonymous_44)
FN:624,(anonymous_45)
FN:625,(anonymous_46)
FN:651,(anonymous_47)
FN:670,(anonymous_48)
FN:671,(anonymous_49)
FN:694,(anonymous_50)
FN:713,(anonymous_51)
FN:728,(anonymous_52)
FN:739,(anonymous_53)
FNF:52
FNH:0
FNDA:0,TOTPSettings
FNDA:0,(anonymous_3)
FNDA:0,(anonymous_4)
FNDA:0,(anonymous_5)
FNDA:0,(anonymous_6)
FNDA:0,(anonymous_7)
FNDA:0,(anonymous_8)
FNDA:0,(anonymous_9)
FNDA:0,(anonymous_10)
FNDA:0,(anonymous_11)
FNDA:0,(anonymous_12)
FNDA:0,(anonymous_13)
FNDA:0,(anonymous_14)
FNDA:0,(anonymous_15)
FNDA:0,(anonymous_16)
FNDA:0,(anonymous_17)
FNDA:0,(anonymous_18)
FNDA:0,(anonymous_19)
FNDA:0,(anonymous_20)
FNDA:0,(anonymous_21)
FNDA:0,(anonymous_22)
FNDA:0,(anonymous_23)
FNDA:0,(anonymous_24)
FNDA:0,(anonymous_25)
FNDA:0,(anonymous_26)
FNDA:0,SellerSettingsPage
FNDA:0,(anonymous_28)
FNDA:0,(anonymous_29)
FNDA:0,(anonymous_30)
FNDA:0,(anonymous_31)
FNDA:0,(anonymous_32)
FNDA:0,(anonymous_33)
FNDA:0,(anonymous_34)
FNDA:0,(anonymous_35)
FNDA:0,(anonymous_36)
FNDA:0,(anonymous_37)
FNDA:0,(anonymous_38)
FNDA:0,(anonymous_39)
FNDA:0,(anonymous_40)
FNDA:0,(anonymous_41)
FNDA:0,(anonymous_42)
FNDA:0,(anonymous_43)
FNDA:0,(anonymous_44)
FNDA:0,(anonymous_45)
FNDA:0,(anonymous_46)
FNDA:0,(anonymous_47)
FNDA:0,(anonymous_48)
FNDA:0,(anonymous_49)
FNDA:0,(anonymous_50)
FNDA:0,(anonymous_51)
FNDA:0,(anonymous_52)
FNDA:0,(anonymous_53)
DA:3,0
DA:4,0
DA:5,0
DA:6,0
DA:7,0
DA:8,0
DA:9,0
DA:10,0
DA:11,0
DA:13,0
DA:14,0
DA:15,0
DA:16,0
DA:17,0
DA:18,0
DA:37,0
DA:54,0
DA:55,0
DA:56,0
DA:57,0
DA:58,0
DA:59,0
DA:60,0
DA:61,0
DA:62,0
DA:63,0
DA:64,0
DA:66,0
DA:67,0
DA:70,0
DA:71,0
DA:72,0
DA:73,0
DA:75,0
DA:79,0
DA:80,0
DA:81,0
DA:82,0
DA:83,0
DA:84,0
DA:85,0
DA:87,0
DA:89,0
DA:93,0
DA:94,0
DA:95,0
DA:96,0
DA:97,0
DA:98,0
DA:99,0
DA:100,0
DA:101,0
DA:103,0
DA:105,0
DA:109,0
DA:110,0
DA:111,0
DA:112,0
DA:113,0
DA:114,0
DA:115,0
DA:116,0
DA:117,0
DA:119,0
DA:121,0
DA:125,0
DA:126,0
DA:127,0
DA:128,0
DA:129,0
DA:130,0
DA:131,0
DA:132,0
DA:133,0
DA:135,0
DA:137,0
DA:141,0
DA:142,0
DA:143,0
DA:146,0
DA:147,0
DA:148,0
DA:149,0
DA:150,0
DA:151,0
DA:152,0
DA:153,0
DA:171,0
DA:187,0
DA:219,0
DA:229,0
DA:238,0
DA:241,0
DA:246,0
DA:272,0
DA:277,0
DA:301,0
DA:311,0
DA:314,0
DA:320,0
DA:332,0
DA:333,0
DA:334,0
DA:337,0
DA:338,0
DA:339,0
DA:340,0
DA:341,0
DA:343,0
DA:347,0
DA:348,0
DA:349,0
DA:352,0
DA:353,0
DA:354,0
DA:355,0
DA:356,0
DA:357,0
DA:358,0
DA:359,0
DA:360,0
DA:361,0
DA:363,0
DA:364,0
DA:367,0
DA:368,0
DA:369,0
DA:370,0
DA:371,0
DA:373,0
DA:374,0
DA:377,0
DA:378,0
DA:380,0
DA:384,0
DA:386,0
DA:388,0
DA:389,0
DA:392,0
DA:393,0
DA:396,0
DA:397,0
DA:400,0
DA:402,0
DA:403,0
DA:404,0
DA:407,0
DA:408,0
DA:409,0
DA:411,0
DA:415,0
DA:416,0
DA:417,0
DA:419,0
DA:423,0
DA:424,0
DA:425,0
DA:426,0
DA:427,0
DA:428,0
DA:429,0
DA:430,0
DA:431,0
DA:433,0
DA:434,0
DA:438,0
DA:439,0
DA:440,0
DA:441,0
DA:446,0
DA:447,0
DA:455,0
DA:463,0
DA:467,0
DA:507,0
DA:536,0
DA:537,0
DA:560,0
DA:564,0
DA:586,0
DA:587,0
DA:610,0
DA:624,0
DA:625,0
DA:651,0
DA:670,0
DA:671,0
DA:694,0
DA:713,0
DA:728,0
DA:739,0
LF:191
LH:0
BRDA:87,0,0,0
BRDA:87,0,1,0
BRDA:103,1,0,0
BRDA:103,1,1,0
BRDA:119,2,0,0
BRDA:119,2,1,0
BRDA:135,3,0,0
BRDA:135,3,1,0
BRDA:169,4,0,0
BRDA:177,5,0,0
BRDA:177,5,1,0
BRDA:183,6,0,0
BRDA:186,7,0,0
BRDA:186,7,1,0
BRDA:210,8,0,0
BRDA:232,9,0,0
BRDA:247,10,0,0
BRDA:247,10,1,0
BRDA:248,11,0,0
BRDA:248,11,1,0
BRDA:274,12,0,0
BRDA:278,13,0,0
BRDA:278,13,1,0
BRDA:279,14,0,0
BRDA:279,14,1,0
BRDA:304,15,0,0
BRDA:306,16,0,0
BRDA:321,17,0,0
BRDA:321,17,1,0
BRDA:322,18,0,0
BRDA:322,18,1,0
BRDA:338,19,0,0
BRDA:338,19,1,0
BRDA:341,20,0,0
BRDA:341,20,1,0
BRDA:373,21,0,0
BRDA:373,21,1,0
BRDA:388,22,0,0
BRDA:388,22,1,0
BRDA:392,23,0,0
BRDA:392,23,1,0
BRDA:396,24,0,0
BRDA:396,24,1,0
BRDA:396,25,0,0
BRDA:396,25,1,0
BRDA:396,25,2,0
BRDA:402,26,0,0
BRDA:402,26,1,0
BRDA:419,27,0,0
BRDA:419,27,1,0
BRDA:430,28,0,0
BRDA:430,28,1,0
BRDA:450,29,0,0
BRDA:450,29,1,0
BRDA:451,30,0,0
BRDA:451,30,1,0
BRDA:451,31,0,0
BRDA:451,31,1,0
BRDA:459,32,0,0
BRDA:459,32,1,0
BRDA:467,33,0,0
BRDA:467,33,1,0
BRDA:479,34,0,0
BRDA:487,35,0,0
BRDA:494,36,0,0
BRDA:501,37,0,0
BRDA:537,38,0,0
BRDA:537,38,1,0
BRDA:538,39,0,0
BRDA:538,39,1,0
BRDA:539,40,0,0
BRDA:539,40,1,0
BRDA:543,41,0,0
BRDA:546,42,0,0
BRDA:556,43,0,0
BRDA:587,44,0,0
BRDA:587,44,1,0
BRDA:588,45,0,0
BRDA:588,45,1,0
BRDA:589,46,0,0
BRDA:589,46,1,0
BRDA:593,47,0,0
BRDA:596,48,0,0
BRDA:606,49,0,0
BRDA:625,50,0,0
BRDA:625,50,1,0
BRDA:626,51,0,0
BRDA:626,51,1,0
BRDA:627,52,0,0
BRDA:627,52,1,0
BRDA:631,53,0,0
BRDA:634,54,0,0
BRDA:644,55,0,0
BRDA:652,56,0,0
BRDA:652,56,1,0
BRDA:654,57,0,0
BRDA:671,58,0,0
BRDA:671,58,1,0
BRDA:672,59,0,0
BRDA:672,59,1,0
BRDA:673,60,0,0
BRDA:673,60,1,0
BRDA:677,61,0,0
BRDA:680,62,0,0
BRDA:690,63,0,0
BRDA:729,64,0,0
BRDA:729,64,1,0
BRDA:731,65,0,0
BRDA:741,66,0,0
BRDA:741,66,1,0
BRDA:743,67,0,0
BRF:111
BRH:0
end_of_record
TN:
SF:app\(seller)\seller\support\page.tsx
FN:4,SellerSupportPage
FNF:1
FNH:0
FNDA:0,SellerSupportPage
DA:2,0
DA:4,0
DA:6,0
LF:3
LH:0
BRF:0
BRH:0
end_of_record
TN:
SF:app\(seller)\seller\team\page.tsx
FN:17,TeamManagementPage
FN:41,(anonymous_2)
FN:45,(anonymous_3)
FN:61,(anonymous_4)
FN:73,(anonymous_5)
FN:83,(anonymous_6)
FN:95,(anonymous_7)
FN:108,(anonymous_8)
FN:119,(anonymous_9)
FN:128,(anonymous_10)
FN:174,(anonymous_11)
FN:183,(anonymous_12)
FN:192,(anonymous_13)
FN:201,(anonymous_14)
FN:233,(anonymous_15)
FN:241,(anonymous_16)
FN:249,(anonymous_17)
FN:277,(anonymous_18)
FN:284,(anonymous_19)
FN:310,(anonymous_20)
FN:330,(anonymous_21)
FN:339,(anonymous_22)
FN:349,(anonymous_23)
FN:359,(anonymous_24)
FN:410,(anonymous_25)
FNF:25
FNH:0
FNDA:0,TeamManagementPage
FNDA:0,(anonymous_2)
FNDA:0,(anonymous_3)
FNDA:0,(anonymous_4)
FNDA:0,(anonymous_5)
FNDA:0,(anonymous_6)
FNDA:0,(anonymous_7)
FNDA:0,(anonymous_8)
FNDA:0,(anonymous_9)
FNDA:0,(anonymous_10)
FNDA:0,(anonymous_11)
FNDA:0,(anonymous_12)
FNDA:0,(anonymous_13)
FNDA:0,(anonymous_14)
FNDA:0,(anonymous_15)
FNDA:0,(anonymous_16)
FNDA:0,(anonymous_17)
FNDA:0,(anonymous_18)
FNDA:0,(anonymous_19)
FNDA:0,(anonymous_20)
FNDA:0,(anonymous_21)
FNDA:0,(anonymous_22)
FNDA:0,(anonymous_23)
FNDA:0,(anonymous_24)
FNDA:0,(anonymous_25)
DA:3,0
DA:5,0
DA:6,0
DA:7,0
DA:8,0
DA:9,0
DA:10,0
DA:11,0
DA:12,0
DA:13,0
DA:14,0
DA:15,0
DA:17,0
DA:18,0
DA:19,0
DA:20,0
DA:21,0
DA:22,0
DA:23,0
DA:24,0
DA:25,0
DA:26,0
DA:27,0
DA:33,0
DA:37,0
DA:41,0
DA:42,0
DA:45,0
DA:46,0
DA:47,0
DA:48,0
DA:52,0
DA:53,0
DA:55,0
DA:57,0
DA:61,0
DA:62,0
DA:63,0
DA:64,0
DA:65,0
DA:66,0
DA:67,0
DA:69,0
DA:73,0
DA:74,0
DA:75,0
DA:76,0
DA:77,0
DA:79,0
DA:83,0
DA:84,0
DA:85,0
DA:86,0
DA:87,0
DA:88,0
DA:89,0
DA:91,0
DA:95,0
DA:96,0
DA:97,0
DA:98,0
DA:99,0
DA:100,0
DA:101,0
DA:102,0
DA:104,0
DA:108,0
DA:109,0
DA:110,0
DA:111,0
DA:112,0
DA:113,0
DA:115,0
DA:119,0
DA:120,0
DA:121,0
DA:125,0
DA:128,0
DA:129,0
DA:130,0
DA:131,0
DA:134,0
DA:174,0
DA:183,0
DA:192,0
DA:201,0
DA:233,0
DA:241,0
DA:249,0
DA:277,0
DA:284,0
DA:311,0
DA:330,0
DA:339,0
DA:349,0
DA:359,0
DA:410,0
LF:97
LH:0
BRDA:69,0,0,0
BRDA:69,0,1,0
BRDA:74,1,0,0
BRDA:74,1,1,0
BRDA:79,2,0,0
BRDA:79,2,1,0
BRDA:91,3,0,0
BRDA:91,3,1,0
BRDA:104,4,0,0
BRDA:104,4,1,0
BRDA:109,5,0,0
BRDA:109,5,1,0
BRDA:115,6,0,0
BRDA:115,6,1,0
BRDA:134,7,0,0
BRDA:134,7,1,0
BRDA:164,8,0,0
BRDA:218,9,0,0
BRDA:225,10,0,0
BRDA:225,10,1,0
BRDA:266,11,0,0
BRDA:315,12,0,0
BRDA:315,12,1,0
BRDA:320,13,0,0
BRDA:320,13,1,0
BRDA:321,14,0,0
BRDA:321,14,1,0
BRDA:325,15,0,0
BRDA:345,16,0,0
BRDA:402,17,0,0
BRF:30
BRH:0
end_of_record
TN:
SF:app\(seller)\seller\upgrade\page.tsx
FN:29,PlanCard
FN:30,(anonymous_5)
FN:98,(anonymous_6)
FN:115,(anonymous_7)
FN:135,UpgradeModal
FN:144,(anonymous_9)
FN:150,(anonymous_10)
FN:159,(anonymous_11)
FN:189,(anonymous_12)
FN:209,(anonymous_13)
FN:216,(anonymous_14)
FN:229,SellerUpgradePage
FN:234,(anonymous_16)
FN:267,(anonymous_17)
FN:277,(anonymous_18)
FNF:15
FNH:0
FNDA:0,PlanCard
FNDA:0,(anonymous_5)
FNDA:0,(anonymous_6)
FNDA:0,(anonymous_7)
FNDA:0,UpgradeModal
FNDA:0,(anonymous_9)
FNDA:0,(anonymous_10)
FNDA:0,(anonymous_11)
FNDA:0,(anonymous_12)
FNDA:0,(anonymous_13)
FNDA:0,(anonymous_14)
FNDA:0,SellerUpgradePage
FNDA:0,(anonymous_16)
FNDA:0,(anonymous_17)
FNDA:0,(anonymous_18)
DA:3,0
DA:4,0
DA:5,0
DA:6,0
DA:7,0
DA:8,0
DA:9,0
DA:10,0
DA:11,0
DA:12,0
DA:13,0
DA:30,0
DA:31,0
DA:33,0
DA:40,0
DA:47,0
DA:56,0
DA:58,0
DA:99,0
DA:115,0
DA:140,0
DA:141,0
DA:142,0
DA:144,0
DA:145,0
DA:146,0
DA:150,0
DA:151,0
DA:152,0
DA:153,0
DA:155,0
DA:159,0
DA:160,0
DA:161,0
DA:162,0
DA:164,0
DA:190,0
DA:210,0
DA:211,0
DA:216,0
DA:229,0
DA:230,0
DA:231,0
DA:232,0
DA:234,0
DA:235,0
DA:236,0
DA:238,0
DA:245,0
DA:247,0
DA:248,0
DA:250,0
DA:267,0
DA:277,0
LF:54
LH:0
BRDA:31,0,0,0
BRDA:31,0,1,0
BRDA:31,0,2,0
BRDA:59,1,0,0
BRDA:59,1,1,0
BRDA:60,2,0,0
BRDA:60,2,1,0
BRDA:61,3,0,0
BRDA:61,3,1,0
BRDA:62,4,0,0
BRDA:62,4,1,0
BRDA:64,5,0,0
BRDA:64,5,1,0
BRDA:75,6,0,0
BRDA:75,6,1,0
BRDA:76,7,0,0
BRDA:102,8,0,0
BRDA:104,9,0,0
BRDA:114,10,0,0
BRDA:114,10,1,0
BRDA:115,11,0,0
BRDA:115,11,1,0
BRDA:116,12,0,0
BRDA:116,12,1,0
BRDA:119,13,0,0
BRDA:121,14,0,0
BRDA:145,15,0,0
BRDA:145,15,1,0
BRDA:271,16,0,0
BRDA:271,16,1,0
BRF:30
BRH:0
end_of_record
TN:
SF:app\(seller)\seller\upgrade\success\page.tsx
FN:12,UpgradeSuccessPage
FN:16,(anonymous_3)
FN:18,(anonymous_4)
FN:22,(anonymous_5)
FN:25,(anonymous_6)
FN:36,(anonymous_7)
FNF:6
FNH:0
FNDA:0,UpgradeSuccessPage
FNDA:0,(anonymous_3)
FNDA:0,(anonymous_4)
FNDA:0,(anonymous_5)
FNDA:0,(anonymous_6)
FNDA:0,(anonymous_7)
DA:3,0
DA:4,0
DA:5,0
DA:6,0
DA:7,0
DA:8,0
DA:9,0
DA:10,0
DA:12,0
DA:13,0
DA:14,0
DA:16,0
DA:18,0
DA:19,0
DA:22,0
DA:25,0
DA:26,0
DA:36,0
DA:37,0
DA:39,0
DA:41,0
DA:43,0
DA:47,0
LF:23
LH:0
BRDA:37,0,0,0
BRDA:37,0,1,0
BRDA:37,0,2,0
BRDA:47,1,0,0
BRDA:47,1,1,0
BRDA:108,2,0,0
BRDA:108,2,1,0
BRF:7
BRH:0
end_of_record
TN:
SF:app\(seller)\seller\usage\page.tsx
FN:25,UsageCard
FN:84,PlanBadge
FN:85,(anonymous_4)
FN:119,UpgradeModal
FN:122,(anonymous_6)
FN:174,(anonymous_7)
FN:187,SellerUsagePage
FN:194,(anonymous_9)
FN:198,(anonymous_10)
FN:216,(anonymous_11)
FNF:10
FNH:0
FNDA:0,UsageCard
FNDA:0,PlanBadge
FNDA:0,(anonymous_4)
FNDA:0,UpgradeModal
FNDA:0,(anonymous_6)
FNDA:0,(anonymous_7)
FNDA:0,SellerUsagePage
FNDA:0,(anonymous_9)
FNDA:0,(anonymous_10)
FNDA:0,(anonymous_11)
DA:3,0
DA:4,0
DA:5,0
DA:6,0
DA:7,0
DA:8,0
DA:9,0
DA:10,0
DA:11,0
DA:12,0
DA:14,0
DA:26,0
DA:27,0
DA:28,0
DA:85,0
DA:86,0
DA:88,0
DA:89,0
DA:94,0
DA:95,0
DA:101,0
DA:109,0
DA:120,0
DA:122,0
DA:123,0
DA:125,0
DA:126,0
DA:128,0
DA:129,0
DA:174,0
DA:187,0
DA:188,0
DA:189,0
DA:190,0
DA:192,0
DA:194,0
DA:195,0
DA:198,0
DA:199,0
DA:200,0
DA:201,0
DA:203,0
DA:204,0
DA:206,0
DA:210,0
DA:217,0
DA:225,0
DA:236,0
LF:48
LH:0
BRDA:26,0,0,0
BRDA:26,0,1,0
BRDA:28,1,0,0
BRDA:28,1,1,0
BRDA:36,2,0,0
BRDA:36,2,1,0
BRDA:37,3,0,0
BRDA:52,4,0,0
BRDA:52,4,1,0
BRDA:57,5,0,0
BRDA:69,6,0,0
BRDA:75,7,0,0
BRDA:88,8,0,0
BRDA:88,8,1,0
BRDA:88,9,0,0
BRDA:88,9,1,0
BRDA:94,10,0,0
BRDA:94,10,1,0
BRDA:94,11,0,0
BRDA:94,11,1,0
BRDA:94,11,2,0
BRDA:210,12,0,0
BRDA:210,12,1,0
BRDA:225,13,0,0
BRDA:225,13,1,0
BRDA:225,14,0,0
BRDA:225,14,1,0
BRDA:230,15,0,0
BRDA:230,15,1,0
BRDA:246,16,0,0
BRDA:259,17,0,0
BRDA:259,17,1,0
BRDA:262,18,0,0
BRDA:262,18,1,0
BRDA:265,19,0,0
BRDA:275,20,0,0
BRDA:275,20,1,0
BRDA:282,21,0,0
BRDA:282,21,1,0
BRDA:289,22,0,0
BRDA:289,22,1,0
BRDA:297,23,0,0
BRDA:297,23,1,0
BRDA:297,24,0,0
BRDA:297,24,1,0
BRDA:297,25,0,0
BRDA:297,25,1,0
BRDA:316,26,0,0
BRDA:316,26,1,0
BRDA:324,27,0,0
BRDA:324,27,1,0
BRDA:332,28,0,0
BRDA:332,28,1,0
BRDA:364,29,0,0
BRDA:394,30,0,0
BRDA:394,30,1,0
BRDA:394,31,0,0
BRDA:394,31,1,0
BRDA:405,32,0,0
BRDA:405,32,1,0
BRDA:414,33,0,0
BRDA:414,33,1,0
BRDA:423,34,0,0
BRDA:423,34,1,0
BRF:64
BRH:0
end_of_record
TN:
SF:app\about\page.tsx
FN:6,AboutPage
FNF:1
FNH:0
FNDA:0,AboutPage
DA:3,0
DA:4,0
DA:6,0
LF:3
LH:0
BRF:0
BRH:0
end_of_record
TN:
SF:app\blog\page.tsx
FN:6,BlogPage
FN:57,(anonymous_3)
FNF:2
FNH:0
FNDA:0,BlogPage
FNDA:0,(anonymous_3)
DA:3,0
DA:4,0
DA:6,0
DA:7,0
DA:58,0
LF:5
LH:0
BRF:0
BRH:0
end_of_record
TN:
SF:app\careers\page.tsx
FN:6,CareersPage
FN:92,(anonymous_3)
FNF:2
FNH:0
FNDA:0,CareersPage
FNDA:0,(anonymous_3)
DA:3,0
DA:4,0
DA:6,0
DA:7,0
DA:93,0
LF:5
LH:0
BRF:0
BRH:0
end_of_record
TN:
SF:app\contact\page.tsx
FN:6,ContactPage
FNF:1
FNH:0
FNDA:0,ContactPage
DA:3,0
DA:4,0
DA:6,0
LF:3
LH:0
BRF:0
BRH:0
end_of_record
TN:
SF:app\docs\page.tsx
FN:6,DocsPage
FN:69,(anonymous_3)
FN:76,(anonymous_4)
FNF:3
FNH:0
FNDA:0,DocsPage
FNDA:0,(anonymous_3)
FNDA:0,(anonymous_4)
DA:3,0
DA:4,0
DA:6,0
DA:7,0
DA:70,0
DA:77,0
LF:6
LH:0
BRF:0
BRH:0
end_of_record
TN:
SF:app\privacy\page.tsx
FN:6,PrivacyPage
FNF:1
FNH:0
FNDA:0,PrivacyPage
DA:3,0
DA:4,0
DA:6,0
LF:3
LH:0
BRF:0
BRH:0
end_of_record
TN:
SF:app\security\page.tsx
FN:6,SecurityPage
FN:72,(anonymous_3)
FNF:2
FNH:0
FNDA:0,SecurityPage
FNDA:0,(anonymous_3)
DA:3,0
DA:4,0
DA:6,0
DA:7,0
DA:73,0
LF:5
LH:0
BRF:0
BRH:0
end_of_record
TN:
SF:app\system\page.tsx
FN:6,SystemPage
FN:31,(anonymous_3)
FN:44,(anonymous_4)
FN:92,(anonymous_5)
FN:123,(anonymous_6)
FNF:5
FNH:0
FNDA:0,SystemPage
FNDA:0,(anonymous_3)
FNDA:0,(anonymous_4)
FNDA:0,(anonymous_5)
FNDA:0,(anonymous_6)
DA:3,0
DA:4,0
DA:6,0
DA:7,0
DA:16,0
DA:31,0
DA:32,0
DA:34,0
DA:36,0
DA:38,0
DA:40,0
DA:44,0
DA:45,0
DA:93,0
DA:124,0
LF:15
LH:0
BRDA:32,0,0,0
BRDA:32,0,1,0
BRDA:32,0,2,0
BRDA:32,0,3,0
BRDA:135,1,0,0
BRDA:135,1,1,0
BRDA:136,2,0,0
BRDA:136,2,1,0
BRF:8
BRH:0
end_of_record
TN:
SF:app\terms\page.tsx
FN:6,TermsPage
FNF:1
FNH:0
FNDA:0,TermsPage
DA:3,0
DA:4,0
DA:6,0
LF:3
LH:0
BRF:0
BRH:0
end_of_record
TN:
SF:components\FeatureTooltip.tsx
FN:16,FeatureTooltip
FN:33,(anonymous_2)
FN:34,(anonymous_3)
FNF:3
FNH:0
FNDA:0,FeatureTooltip
FNDA:0,(anonymous_2)
FNDA:0,(anonymous_3)
DA:3,0
DA:4,0
DA:5,0
DA:6,0
DA:16,0
DA:23,0
DA:25,0
DA:33,0
DA:34,0
LF:9
LH:0
BRDA:20,0,0,0
BRDA:25,1,0,0
BRDA:25,1,1,0
BRDA:40,2,0,0
BRF:4
BRH:0
end_of_record
TN:
SF:components\ForceCheckButton.tsx
FN:14,ForceCheckButton
FN:29,(anonymous_2)
FN:48,(anonymous_3)
FN:59,(anonymous_4)
FNF:4
FNH:0
FNDA:0,ForceCheckButton
FNDA:0,(anonymous_2)
FNDA:0,(anonymous_3)
FNDA:0,(anonymous_4)
DA:7,0
DA:8,0
DA:9,0
DA:10,0
DA:11,0
DA:12,0
DA:14,0
DA:15,0
DA:16,0
DA:17,0
DA:20,0
DA:23,0
DA:26,0
DA:29,0
DA:30,0
DA:31,0
DA:32,0
DA:34,0
DA:39,0
DA:48,0
DA:49,0
DA:50,0
DA:56,0
DA:59,0
DA:60,0
DA:61,0
DA:63,0
DA:64,0
DA:69,0
DA:74,0
DA:75,0
DA:76,0
LF:32
LH:0
BRDA:41,0,0,0
BRDA:41,0,1,0
BRDA:49,1,0,0
BRDA:49,1,1,0
BRDA:63,2,0,0
BRDA:63,2,1,0
BRDA:74,3,0,0
BRDA:74,3,1,0
BRDA:75,4,0,0
BRDA:75,4,1,0
BRDA:76,5,0,0
BRDA:76,5,1,0
BRDA:82,6,0,0
BRDA:82,6,1,0
BRDA:87,7,0,0
BRDA:92,8,0,0
BRDA:99,9,0,0
BRDA:99,9,1,0
BRDA:104,10,0,0
BRDA:104,10,1,0
BRF:20
BRH:0
end_of_record
TN:
SF:components\InlineChartBuilder.tsx
FN:106,InlineChartBuilder
FN:120,(anonymous_5)
FN:139,(anonymous_6)
FN:153,(anonymous_7)
FN:172,(anonymous_8)
FN:192,(anonymous_9)
FN:195,(anonymous_10)
FN:213,(anonymous_11)
FN:237,(anonymous_12)
FN:240,(anonymous_13)
FN:256,(anonymous_14)
FN:258,(anonymous_15)
FN:295,(anonymous_16)
FN:316,(anonymous_17)
FN:347,(anonymous_18)
FN:349,(anonymous_19)
FN:366,(anonymous_20)
FN:368,(anonymous_21)
FN:397,(anonymous_22)
FN:413,(anonymous_23)
FN:415,(anonymous_24)
FN:420,(anonymous_25)
FN:424,(anonymous_26)
FN:448,(anonymous_27)
FN:449,(anonymous_28)
FN:465,(anonymous_29)
FN:468,(anonymous_30)
FN:489,(anonymous_31)
FN:490,(anonymous_32)
FN:510,(anonymous_33)
FN:522,(anonymous_34)
FN:526,(anonymous_35)
FN:531,(anonymous_36)
FNF:33
FNH:0
FNDA:0,InlineChartBuilder
FNDA:0,(anonymous_5)
FNDA:0,(anonymous_6)
FNDA:0,(anonymous_7)
FNDA:0,(anonymous_8)
FNDA:0,(anonymous_9)
FNDA:0,(anonymous_10)
FNDA:0,(anonymous_11)
FNDA:0,(anonymous_12)
FNDA:0,(anonymous_13)
FNDA:0,(anonymous_14)
FNDA:0,(anonymous_15)
FNDA:0,(anonymous_16)
FNDA:0,(anonymous_17)
FNDA:0,(anonymous_18)
FNDA:0,(anonymous_19)
FNDA:0,(anonymous_20)
FNDA:0,(anonymous_21)
FNDA:0,(anonymous_22)
FNDA:0,(anonymous_23)
FNDA:0,(anonymous_24)
FNDA:0,(anonymous_25)
FNDA:0,(anonymous_26)
FNDA:0,(anonymous_27)
FNDA:0,(anonymous_28)
FNDA:0,(anonymous_29)
FNDA:0,(anonymous_30)
FNDA:0,(anonymous_31)
FNDA:0,(anonymous_32)
FNDA:0,(anonymous_33)
FNDA:0,(anonymous_34)
FNDA:0,(anonymous_35)
FNDA:0,(anonymous_36)
DA:3,0
DA:4,0
DA:5,0
DA:6,0
DA:13,0
DA:21,0
DA:42,0
DA:52,0
DA:60,0
DA:78,0
DA:106,0
DA:107,0
DA:108,0
DA:109,0
DA:110,0
DA:111,0
DA:112,0
DA:113,0
DA:114,0
DA:115,0
DA:116,0
DA:117,0
DA:120,0
DA:121,0
DA:122,0
DA:123,0
DA:124,0
DA:128,0
DA:133,0
DA:135,0
DA:139,0
DA:140,0
DA:153,0
DA:156,0
DA:159,0
DA:160,0
DA:161,0
DA:166,0
DA:173,0
DA:193,0
DA:195,0
DA:213,0
DA:238,0
DA:240,0
DA:256,0
DA:259,0
DA:260,0
DA:262,0
DA:296,0
DA:317,0
DA:318,0
DA:319,0
DA:348,0
DA:350,0
DA:367,0
DA:369,0
DA:398,0
DA:414,0
DA:416,0
DA:421,0
DA:422,0
DA:424,0
DA:448,0
DA:449,0
DA:466,0
DA:468,0
DA:489,0
DA:490,0
DA:510,0
DA:522,0
DA:526,0
DA:531,0
LF:72
LH:0
BRDA:121,0,0,0
BRDA:121,0,1,0
BRDA:121,1,0,0
BRDA:121,1,1,0
BRDA:123,2,0,0
BRDA:123,2,1,0
BRDA:128,3,0,0
BRDA:128,3,1,0
BRDA:133,4,0,0
BRDA:133,4,1,0
BRDA:135,5,0,0
BRDA:135,5,1,0
BRDA:135,6,0,0
BRDA:135,6,1,0
BRDA:141,7,0,0
BRDA:141,7,1,0
BRDA:141,8,0,0
BRDA:141,8,1,0
BRDA:141,9,0,0
BRDA:141,9,1,0
BRDA:145,10,0,0
BRDA:145,10,1,0
BRDA:145,11,0,0
BRDA:145,11,1,0
BRDA:145,12,0,0
BRDA:145,12,1,0
BRDA:146,13,0,0
BRDA:146,13,1,0
BRDA:147,14,0,0
BRDA:147,14,1,0
BRDA:148,15,0,0
BRDA:148,15,1,0
BRDA:150,16,0,0
BRDA:150,16,1,0
BRDA:152,17,0,0
BRDA:152,17,1,0
BRDA:153,18,0,0
BRDA:153,18,1,0
BRDA:153,19,0,0
BRDA:153,19,1,0
BRDA:154,20,0,0
BRDA:154,20,1,0
BRDA:154,21,0,0
BRDA:154,21,1,0
BRDA:161,22,0,0
BRDA:161,22,1,0
BRDA:162,23,0,0
BRDA:162,23,1,0
BRDA:163,24,0,0
BRDA:163,24,1,0
BRDA:164,25,0,0
BRDA:164,25,1,0
BRDA:166,26,0,0
BRDA:166,26,1,0
BRDA:166,26,2,0
BRDA:166,26,3,0
BRDA:172,27,0,0
BRDA:172,27,1,0
BRDA:175,28,0,0
BRDA:175,28,1,0
BRDA:179,29,0,0
BRDA:179,30,0,0
BRDA:179,30,1,0
BRDA:179,31,0,0
BRDA:179,31,1,0
BRDA:185,32,0,0
BRDA:197,33,0,0
BRDA:197,33,1,0
BRDA:202,34,0,0
BRDA:202,34,1,0
BRDA:213,35,0,0
BRDA:213,35,1,0
BRDA:223,36,0,0
BRDA:223,36,1,0
BRDA:231,37,0,0
BRDA:242,38,0,0
BRDA:242,38,1,0
BRDA:249,39,0,0
BRDA:249,39,1,0
BRDA:259,40,0,0
BRDA:259,40,1,0
BRDA:264,41,0,0
BRDA:264,41,1,0
BRDA:273,42,0,0
BRDA:277,43,0,0
BRDA:277,43,1,0
BRDA:280,44,0,0
BRDA:297,45,0,0
BRDA:297,45,1,0
BRDA:310,46,0,0
BRDA:318,47,0,0
BRDA:318,47,1,0
BRDA:332,48,0,0
BRDA:351,49,0,0
BRDA:351,49,1,0
BRDA:370,50,0,0
BRDA:370,50,1,0
BRDA:378,51,0,0
BRDA:378,51,1,0
BRDA:391,52,0,0
BRDA:399,53,0,0
BRDA:399,53,1,0
BRDA:421,54,0,0
BRDA:421,54,1,0
BRDA:429,55,0,0
BRDA:429,55,1,0
BRDA:433,56,0,0
BRDA:435,57,0,0
BRDA:435,57,1,0
BRDA:448,58,0,0
BRDA:448,58,1,0
BRDA:455,59,0,0
BRDA:459,60,0,0
BRDA:459,60,1,0
BRDA:470,61,0,0
BRDA:470,61,1,0
BRDA:476,62,0,0
BRDA:476,62,1,0
BRDA:478,63,0,0
BRDA:496,64,0,0
BRDA:500,65,0,0
BRDA:500,65,1,0
BRDA:511,66,0,0
BRDA:511,66,1,0
BRDA:511,67,0,0
BRDA:511,67,1,0
BRDA:524,68,0,0
BRDA:524,68,1,0
BRDA:525,69,0,0
BRDA:525,69,1,0
BRF:130
BRH:0
end_of_record
TN:
SF:components\Loader.tsx
FN:4,(anonymous_2)
FNF:1
FNH:0
FNDA:0,(anonymous_2)
DA:1,0
DA:2,0
DA:4,0
DA:16,0
LF:4
LH:0
BRF:0
BRH:0
end_of_record
TN:
SF:components\MaintenanceGuard.tsx
FN:10,MaintenanceGuard
FN:16,(anonymous_2)
FN:20,(anonymous_3)
FN:23,(anonymous_4)
FN:42,(anonymous_5)
FNF:5
FNH:0
FNDA:0,MaintenanceGuard
FNDA:0,(anonymous_2)
FNDA:0,(anonymous_3)
FNDA:0,(anonymous_4)
FNDA:0,(anonymous_5)
DA:3,0
DA:4,0
DA:5,0
DA:6,0
DA:7,0
DA:8,0
DA:10,0
DA:11,0
DA:12,0
DA:13,0
DA:14,0
DA:16,0
DA:17,0
DA:19,0
DA:20,0
DA:23,0
DA:24,0
DA:25,0
DA:26,0
DA:27,0
DA:30,0
DA:32,0
DA:37,0
DA:40,0
DA:42,0
DA:43,0
DA:46,0
DA:96,0
LF:28
LH:0
BRDA:37,0,0,0
BRDA:37,0,1,0
BRDA:42,1,0,0
BRDA:42,1,1,0
BRDA:42,2,0,0
BRDA:42,2,1,0
BRDA:42,2,2,0
BRDA:46,3,0,0
BRDA:46,3,1,0
BRDA:83,4,0,0
BRDA:83,4,1,0
BRDA:84,5,0,0
BRDA:84,5,1,0
BRF:13
BRH:0
end_of_record
TN:
SF:components\Navbar.tsx
FN:20,(anonymous_2)
FN:24,(anonymous_3)
FN:75,(anonymous_4)
FNF:3
FNH:0
FNDA:0,(anonymous_2)
FNDA:0,(anonymous_3)
FNDA:0,(anonymous_4)
DA:3,0
DA:4,0
DA:5,0
DA:6,0
DA:7,0
DA:8,0
DA:9,0
DA:17,0
DA:18,0
DA:20,0
DA:21,0
DA:22,0
DA:24,0
DA:25,0
DA:26,0
DA:29,0
DA:75,0
DA:96,0
LF:18
LH:0
BRDA:29,0,0,0
BRDA:29,0,1,0
BRDA:56,1,0,0
BRDA:60,2,0,0
BRDA:60,2,1,0
BRDA:61,3,0,0
BRDA:61,3,1,0
BRDA:68,4,0,0
BRDA:68,4,1,0
BRDA:70,5,0,0
BRDA:70,5,1,0
BRDA:75,6,0,0
BRDA:75,6,1,0
BRF:13
BRH:0
end_of_record
TN:
SF:components\Pagination.tsx
FN:13,Pagination
FN:21,(anonymous_2)
FN:65,(anonymous_3)
FN:74,(anonymous_4)
FN:84,(anonymous_5)
FN:98,(anonymous_6)
FNF:6
FNH:0
FNDA:0,Pagination
FNDA:0,(anonymous_2)
FNDA:0,(anonymous_3)
FNDA:0,(anonymous_4)
FNDA:0,(anonymous_5)
FNDA:0,(anonymous_6)
DA:3,0
DA:4,0
DA:13,0
DA:19,0
DA:21,0
DA:22,0
DA:23,0
DA:25,0
DA:26,0
DA:29,0
DA:30,0
DA:34,0
DA:35,0
DA:36,0
DA:37,0
DA:42,0
DA:43,0
DA:47,0
DA:48,0
DA:49,0
DA:51,0
DA:54,0
DA:57,0
DA:65,0
DA:75,0
DA:84,0
DA:98,0
LF:27
LH:0
BRDA:17,0,0,0
BRDA:19,1,0,0
BRDA:19,1,1,0
BRDA:29,2,0,0
BRDA:29,2,1,0
BRDA:34,3,0,0
BRDA:34,3,1,0
BRDA:36,4,0,0
BRDA:36,4,1,0
BRDA:47,5,0,0
BRDA:47,5,1,0
BRDA:48,6,0,0
BRDA:48,6,1,0
BRDA:77,7,0,0
BRDA:82,8,0,0
BRDA:82,8,1,0
BRF:16
BRH:0
end_of_record
TN:
SF:components\RoleBasedRedirect.tsx
FN:7,RoleBasedRedirect
FN:12,(anonymous_2)
FN:32,(anonymous_3)
FNF:3
FNH:0
FNDA:0,RoleBasedRedirect
FNDA:0,(anonymous_2)
FNDA:0,(anonymous_3)
DA:3,0
DA:4,0
DA:5,0
DA:7,0
DA:8,0
DA:9,0
DA:10,0
DA:12,0
DA:13,0
DA:16,0
DA:32,0
DA:35,0
DA:36,0
DA:40,0
DA:41,0
DA:42,0
DA:47,0
DA:48,0
DA:49,0
DA:50,0
DA:51,0
DA:53,0
DA:57,0
DA:58,0
DA:59,0
DA:60,0
DA:62,0
DA:63,0
DA:64,0
DA:70,0
LF:30
LH:0
BRDA:13,0,0,0
BRDA:13,0,1,0
BRDA:32,1,0,0
BRDA:32,1,1,0
BRDA:35,2,0,0
BRDA:35,2,1,0
BRDA:35,3,0,0
BRDA:35,3,1,0
BRDA:40,4,0,0
BRDA:40,4,1,0
BRDA:47,5,0,0
BRDA:47,5,1,0
BRDA:47,6,0,0
BRDA:47,6,1,0
BRDA:47,6,2,0
BRDA:48,7,0,0
BRDA:48,7,1,0
BRDA:48,8,0,0
BRDA:48,8,1,0
BRDA:50,9,0,0
BRDA:50,9,1,0
BRDA:57,10,0,0
BRDA:57,10,1,0
BRDA:58,11,0,0
BRDA:58,11,1,0
BRDA:58,12,0,0
BRDA:58,12,1,0
BRDA:59,13,0,0
BRDA:59,13,1,0
BRDA:62,14,0,0
BRDA:62,14,1,0
BRDA:63,15,0,0
BRDA:63,15,1,0
BRF:33
BRH:0
end_of_record
TN:
SF:components\Sidebar.tsx
FN:92,(anonymous_2)
FN:102,(anonymous_3)
FN:121,(anonymous_4)
FN:126,(anonymous_5)
FN:131,(anonymous_6)
FN:132,(anonymous_7)
FN:134,(anonymous_8)
FN:144,(anonymous_9)
FN:146,(anonymous_10)
FN:152,(anonymous_11)
FN:178,(anonymous_12)
FN:200,(anonymous_13)
FN:229,(anonymous_14)
FN:233,(anonymous_15)
FN:245,(anonymous_16)
FN:267,(anonymous_17)
FN:323,(anonymous_18)
FN:333,(anonymous_19)
FN:337,(anonymous_20)
FN:353,(anonymous_21)
FNF:20
FNH:0
FNDA:0,(anonymous_2)
FNDA:0,(anonymous_3)
FNDA:0,(anonymous_4)
FNDA:0,(anonymous_5)
FNDA:0,(anonymous_6)
FNDA:0,(anonymous_7)
FNDA:0,(anonymous_8)
FNDA:0,(anonymous_9)
FNDA:0,(anonymous_10)
FNDA:0,(anonymous_11)
FNDA:0,(anonymous_12)
FNDA:0,(anonymous_13)
FNDA:0,(anonymous_14)
FNDA:0,(anonymous_15)
FNDA:0,(anonymous_16)
FNDA:0,(anonymous_17)
FNDA:0,(anonymous_18)
FNDA:0,(anonymous_19)
FNDA:0,(anonymous_20)
FNDA:0,(anonymous_21)
DA:3,0
DA:4,0
DA:5,0
DA:6,0
DA:7,0
DA:8,0
DA:9,0
DA:10,0
DA:11,0
DA:12,0
DA:13,0
DA:34,0
DA:37,0
DA:75,0
DA:92,0
DA:93,0
DA:94,0
DA:95,0
DA:96,0
DA:97,0
DA:99,0
DA:102,0
DA:103,0
DA:106,0
DA:107,0
DA:110,0
DA:120,0
DA:121,0
DA:122,0
DA:126,0
DA:127,0
DA:128,0
DA:131,0
DA:132,0
DA:133,0
DA:134,0
DA:145,0
DA:146,0
DA:148,0
DA:153,0
DA:154,0
DA:178,0
DA:201,0
DA:202,0
DA:231,0
DA:232,0
DA:233,0
DA:235,0
DA:245,0
DA:268,0
DA:269,0
DA:296,0
DA:297,0
DA:323,0
DA:333,0
DA:337,0
DA:353,0
DA:354,0
DA:386,0
LF:59
LH:0
BRDA:92,0,0,0
BRDA:99,1,0,0
BRDA:99,1,1,0
BRDA:103,2,0,0
BRDA:103,2,1,0
BRDA:106,3,0,0
BRDA:106,3,1,0
BRDA:106,4,0,0
BRDA:106,4,1,0
BRDA:120,5,0,0
BRDA:120,5,1,0
BRDA:121,6,0,0
BRDA:121,6,1,0
BRDA:133,7,0,0
BRDA:133,7,1,0
BRDA:140,8,0,0
BRDA:140,8,1,0
BRDA:142,9,0,0
BRDA:142,9,1,0
BRDA:152,10,0,0
BRDA:157,11,0,0
BRDA:157,11,1,0
BRDA:160,12,0,0
BRDA:160,12,1,0
BRDA:176,13,0,0
BRDA:176,13,1,0
BRDA:181,14,0,0
BRDA:185,15,0,0
BRDA:191,16,0,0
BRDA:205,17,0,0
BRDA:205,17,1,0
BRDA:209,18,0,0
BRDA:209,18,1,0
BRDA:231,19,0,0
BRDA:231,19,1,0
BRDA:233,20,0,0
BRDA:233,20,1,0
BRDA:241,21,0,0
BRDA:241,21,1,0
BRDA:248,22,0,0
BRDA:248,22,1,0
BRDA:252,23,0,0
BRDA:258,24,0,0
BRDA:276,25,0,0
BRDA:276,25,1,0
BRDA:281,26,0,0
BRDA:281,26,1,0
BRDA:303,27,0,0
BRDA:303,27,1,0
BRDA:308,28,0,0
BRDA:308,28,1,0
BRDA:316,29,0,0
BRDA:323,30,0,0
BRDA:323,30,1,0
BRDA:327,31,0,0
BRDA:327,31,1,0
BRDA:327,32,0,0
BRDA:327,32,1,0
BRDA:328,33,0,0
BRDA:328,33,1,0
BRDA:333,34,0,0
BRDA:333,34,1,0
BRDA:337,35,0,0
BRDA:337,35,1,0
BRF:64
BRH:0
end_of_record
TN:
SF:components\SupportChatLauncherEnhanced.tsx
FN:40,SupportChatLauncher
FN:65,(anonymous_2)
FN:70,(anonymous_3)
FN:75,(anonymous_4)
FN:76,(anonymous_5)
FN:80,(anonymous_6)
FN:106,(anonymous_7)
FN:110,(anonymous_8)
FN:124,(anonymous_9)
FN:131,(anonymous_10)
FN:135,(anonymous_11)
FN:163,(anonymous_12)
FN:170,(anonymous_13)
FN:185,(anonymous_14)
FN:192,(anonymous_15)
FN:195,(anonymous_16)
FN:198,(anonymous_17)
FN:225,(anonymous_18)
FN:237,(anonymous_19)
FN:247,(anonymous_20)
FN:259,(anonymous_21)
FN:268,(anonymous_22)
FN:278,(anonymous_23)
FN:293,(anonymous_24)
FN:293,(anonymous_25)
FN:322,(anonymous_26)
FN:333,(anonymous_27)
FN:334,(anonymous_28)
FN:341,(anonymous_29)
FN:355,(anonymous_30)
FN:361,(anonymous_31)
FN:374,(anonymous_32)
FN:398,(anonymous_33)
FN:421,(anonymous_34)
FN:450,(anonymous_35)
FN:458,(anonymous_36)
FN:461,(anonymous_37)
FN:526,(anonymous_38)
FN:530,(anonymous_39)
FN:530,(anonymous_40)
FN:530,(anonymous_41)
FN:543,(anonymous_42)
FN:544,(anonymous_43)
FN:567,(anonymous_44)
FNF:44
FNH:0
FNDA:0,SupportChatLauncher
FNDA:0,(anonymous_2)
FNDA:0,(anonymous_3)
FNDA:0,(anonymous_4)
FNDA:0,(anonymous_5)
FNDA:0,(anonymous_6)
FNDA:0,(anonymous_7)
FNDA:0,(anonymous_8)
FNDA:0,(anonymous_9)
FNDA:0,(anonymous_10)
FNDA:0,(anonymous_11)
FNDA:0,(anonymous_12)
FNDA:0,(anonymous_13)
FNDA:0,(anonymous_14)
FNDA:0,(anonymous_15)
FNDA:0,(anonymous_16)
FNDA:0,(anonymous_17)
FNDA:0,(anonymous_18)
FNDA:0,(anonymous_19)
FNDA:0,(anonymous_20)
FNDA:0,(anonymous_21)
FNDA:0,(anonymous_22)
FNDA:0,(anonymous_23)
FNDA:0,(anonymous_24)
FNDA:0,(anonymous_25)
FNDA:0,(anonymous_26)
FNDA:0,(anonymous_27)
FNDA:0,(anonymous_28)
FNDA:0,(anonymous_29)
FNDA:0,(anonymous_30)
FNDA:0,(anonymous_31)
FNDA:0,(anonymous_32)
FNDA:0,(anonymous_33)
FNDA:0,(anonymous_34)
FNDA:0,(anonymous_35)
FNDA:0,(anonymous_36)
FNDA:0,(anonymous_37)
FNDA:0,(anonymous_38)
FNDA:0,(anonymous_39)
FNDA:0,(anonymous_40)
FNDA:0,(anonymous_41)
FNDA:0,(anonymous_42)
FNDA:0,(anonymous_43)
FNDA:0,(anonymous_44)
DA:3,0
DA:4,0
DA:5,0
DA:6,0
DA:7,0
DA:8,0
DA:9,0
DA:10,0
DA:11,0
DA:12,0
DA:13,0
DA:14,0
DA:16,0
DA:40,0
DA:41,0
DA:42,0
DA:43,0
DA:44,0
DA:45,0
DA:46,0
DA:47,0
DA:48,0
DA:49,0
DA:50,0
DA:51,0
DA:52,0
DA:53,0
DA:55,0
DA:56,0
DA:57,0
DA:58,0
DA:59,0
DA:60,0
DA:63,0
DA:65,0
DA:66,0
DA:70,0
DA:71,0
DA:75,0
DA:76,0
DA:80,0
DA:81,0
DA:82,0
DA:83,0
DA:84,0
DA:86,0
DA:87,0
DA:88,0
DA:89,0
DA:90,0
DA:91,0
DA:92,0
DA:93,0
DA:94,0
DA:95,0
DA:97,0
DA:106,0
DA:107,0
DA:108,0
DA:110,0
DA:111,0
DA:112,0
DA:113,0
DA:114,0
DA:116,0
DA:117,0
DA:122,0
DA:123,0
DA:124,0
DA:125,0
DA:126,0
DA:131,0
DA:132,0
DA:133,0
DA:135,0
DA:136,0
DA:137,0
DA:138,0
DA:139,0
DA:142,0
DA:143,0
DA:144,0
DA:145,0
DA:151,0
DA:152,0
DA:158,0
DA:160,0
DA:161,0
DA:163,0
DA:166,0
DA:169,0
DA:170,0
DA:171,0
DA:172,0
DA:177,0
DA:178,0
DA:183,0
DA:184,0
DA:185,0
DA:186,0
DA:187,0
DA:192,0
DA:193,0
DA:194,0
DA:195,0
DA:198,0
DA:199,0
DA:200,0
DA:201,0
DA:202,0
DA:209,0
DA:210,0
DA:211,0
DA:212,0
DA:213,0
DA:214,0
DA:215,0
DA:218,0
DA:219,0
DA:221,0
DA:225,0
DA:226,0
DA:227,0
DA:228,0
DA:229,0
DA:230,0
DA:234,0
DA:235,0
DA:236,0
DA:237,0
DA:239,0
DA:240,0
DA:243,0
DA:247,0
DA:248,0
DA:249,0
DA:251,0
DA:252,0
DA:253,0
DA:256,0
DA:257,0
DA:258,0
DA:259,0
DA:260,0
DA:262,0
DA:264,0
DA:268,0
DA:269,0
DA:270,0
DA:271,0
DA:272,0
DA:274,0
DA:278,0
DA:279,0
DA:280,0
DA:283,0
DA:284,0
DA:288,0
DA:293,0
DA:322,0
DA:334,0
DA:335,0
DA:336,0
DA:337,0
DA:342,0
DA:355,0
DA:361,0
DA:374,0
DA:398,0
DA:422,0
DA:423,0
DA:424,0
DA:450,0
DA:459,0
DA:461,0
DA:527,0
DA:530,0
DA:543,0
DA:545,0
DA:546,0
DA:547,0
DA:567,0
LF:182
LH:0
BRDA:16,0,0,0
BRDA:16,0,1,0
BRDA:58,1,0,0
BRDA:58,1,1,0
BRDA:59,2,0,0
BRDA:59,2,1,0
BRDA:71,3,0,0
BRDA:71,3,1,0
BRDA:76,4,0,0
BRDA:76,4,1,0
BRDA:82,5,0,0
BRDA:82,5,1,0
BRDA:84,6,0,0
BRDA:84,6,1,0
BRDA:99,7,0,0
BRDA:99,7,1,0
BRDA:107,8,0,0
BRDA:107,8,1,0
BRDA:113,9,0,0
BRDA:113,9,1,0
BRDA:114,10,0,0
BRDA:114,10,1,0
BRDA:116,11,0,0
BRDA:116,11,1,0
BRDA:116,12,0,0
BRDA:116,12,1,0
BRDA:132,13,0,0
BRDA:132,13,1,0
BRDA:132,14,0,0
BRDA:132,14,1,0
BRDA:138,15,0,0
BRDA:138,15,1,0
BRDA:139,16,0,0
BRDA:139,16,1,0
BRDA:142,17,0,0
BRDA:142,17,1,0
BRDA:144,18,0,0
BRDA:144,18,1,0
BRDA:144,19,0,0
BRDA:144,19,1,0
BRDA:160,20,0,0
BRDA:160,20,1,0
BRDA:166,21,0,0
BRDA:166,21,1,0
BRDA:169,22,0,0
BRDA:169,22,1,0
BRDA:169,23,0,0
BRDA:169,23,1,0
BRDA:171,24,0,0
BRDA:171,24,1,0
BRDA:177,25,0,0
BRDA:177,25,1,0
BRDA:177,26,0,0
BRDA:177,26,1,0
BRDA:193,27,0,0
BRDA:193,27,1,0
BRDA:199,28,0,0
BRDA:199,28,1,0
BRDA:199,29,0,0
BRDA:199,29,1,0
BRDA:219,30,0,0
BRDA:219,30,1,0
BRDA:226,31,0,0
BRDA:226,31,1,0
BRDA:226,32,0,0
BRDA:226,32,1,0
BRDA:239,33,0,0
BRDA:239,33,1,0
BRDA:249,34,0,0
BRDA:249,34,1,0
BRDA:249,35,0,0
BRDA:249,35,1,0
BRDA:251,36,0,0
BRDA:251,36,1,0
BRDA:262,37,0,0
BRDA:262,37,1,0
BRDA:271,38,0,0
BRDA:271,38,1,0
BRDA:279,39,0,0
BRDA:279,39,1,0
BRDA:283,40,0,0
BRDA:283,40,1,0
BRDA:283,41,0,0
BRDA:283,41,1,0
BRDA:283,41,2,0
BRDA:288,42,0,0
BRDA:288,42,1,0
BRDA:288,43,0,0
BRDA:288,43,1,0
BRDA:288,43,2,0
BRDA:288,43,3,0
BRDA:288,43,4,0
BRDA:295,44,0,0
BRDA:295,44,1,0
BRDA:296,45,0,0
BRDA:296,45,1,0
BRDA:300,46,0,0
BRDA:302,47,0,0
BRDA:302,47,1,0
BRDA:308,48,0,0
BRDA:332,49,0,0
BRDA:332,49,1,0
BRDA:334,50,0,0
BRDA:334,50,1,0
BRDA:343,51,0,0
BRDA:343,51,1,0
BRDA:350,52,0,0
BRDA:385,53,0,0
BRDA:387,54,0,0
BRDA:411,55,0,0
BRDA:411,55,1,0
BRDA:420,56,0,0
BRDA:420,57,0,0
BRDA:420,57,1,0
BRDA:423,58,0,0
BRDA:423,58,1,0
BRDA:432,59,0,0
BRDA:432,59,1,0
BRDA:436,60,0,0
BRDA:436,60,1,0
BRDA:442,61,0,0
BRDA:442,61,1,0
BRDA:447,62,0,0
BRDA:446,63,0,0
BRDA:446,63,1,0
BRDA:456,64,0,0
BRDA:456,64,1,0
BRDA:462,65,0,0
BRDA:462,65,1,0
BRDA:476,66,0,0
BRDA:476,66,1,0
BRDA:477,67,0,0
BRDA:477,67,1,0
BRDA:490,68,0,0
BRDA:490,68,1,0
BRDA:498,69,0,0
BRDA:524,70,0,0
BRDA:541,71,0,0
BRDA:541,71,1,0
BRDA:541,72,0,0
BRDA:541,72,1,0
BRDA:545,73,0,0
BRDA:545,73,1,0
BRDA:545,74,0,0
BRDA:545,74,1,0
BRDA:547,75,0,0
BRDA:547,75,1,0
BRDA:555,76,0,0
BRDA:568,77,0,0
BRDA:568,77,1,0
BRDA:571,78,0,0
BRDA:581,79,0,0
BRDA:583,80,0,0
BRDA:583,80,1,0
BRDA:583,80,2,0
BRDA:587,81,0,0
BRDA:587,81,1,0
BRDA:592,82,0,0
BRDA:592,82,1,0
BRDA:592,82,2,0
BRF:160
BRH:0
end_of_record
TN:
SF:components\ThemeToggle.tsx
FN:7,(anonymous_1)
FN:10,(anonymous_2)
FN:22,(anonymous_3)
FNF:3
FNH:0
FNDA:0,(anonymous_1)
FNDA:0,(anonymous_2)
FNDA:0,(anonymous_3)
DA:3,0
DA:4,0
DA:5,0
DA:7,0
DA:8,0
DA:10,0
DA:11,0
DA:12,0
DA:13,0
DA:14,0
DA:16,0
DA:17,0
DA:18,0
DA:22,0
DA:23,0
DA:24,0
DA:25,0
DA:26,0
DA:40,0
LF:19
LH:0
BRDA:12,0,0,0
BRDA:12,0,1,0
BRDA:23,1,0,0
BRDA:23,1,1,0
BRDA:35,2,0,0
BRF:5
BRH:0
end_of_record
TN:
SF:components\admin\UserForm.tsx
FN:22,UserForm
FN:43,(anonymous_2)
FN:68,(anonymous_3)
FN:95,(anonymous_4)
FN:131,(anonymous_5)
FN:132,(anonymous_6)
FN:135,(anonymous_7)
FN:171,(anonymous_8)
FN:191,(anonymous_9)
FN:210,(anonymous_10)
FN:227,(anonymous_11)
FN:253,(anonymous_12)
FN:261,(anonymous_13)
FN:280,(anonymous_14)
FNF:14
FNH:0
FNDA:0,UserForm
FNDA:0,(anonymous_2)
FNDA:0,(anonymous_3)
FNDA:0,(anonymous_4)
FNDA:0,(anonymous_5)
FNDA:0,(anonymous_6)
FNDA:0,(anonymous_7)
FNDA:0,(anonymous_8)
FNDA:0,(anonymous_9)
FNDA:0,(anonymous_10)
FNDA:0,(anonymous_11)
FNDA:0,(anonymous_12)
FNDA:0,(anonymous_13)
FNDA:0,(anonymous_14)
DA:3,0
DA:4,0
DA:5,0
DA:6,0
DA:7,0
DA:8,0
DA:9,0
DA:10,0
DA:22,0
DA:30,0
DA:32,0
DA:41,0
DA:43,0
DA:44,0
DA:46,0
DA:56,0
DA:65,0
DA:68,0
DA:69,0
DA:71,0
DA:72,0
DA:73,0
DA:74,0
DA:77,0
DA:78,0
DA:81,0
DA:82,0
DA:83,0
DA:84,0
DA:87,0
DA:88,0
DA:91,0
DA:92,0
DA:95,0
DA:96,0
DA:98,0
DA:99,0
DA:102,0
DA:103,0
DA:120,0
DA:121,0
DA:123,0
DA:124,0
DA:126,0
DA:131,0
DA:132,0
DA:134,0
DA:135,0
DA:171,0
DA:191,0
DA:210,0
DA:227,0
DA:253,0
DA:262,0
DA:280,0
LF:55
LH:0
BRDA:26,0,0,0
BRDA:27,1,0,0
BRDA:28,2,0,0
BRDA:44,3,0,0
BRDA:44,3,1,0
BRDA:51,4,0,0
BRDA:51,4,1,0
BRDA:71,5,0,0
BRDA:71,5,1,0
BRDA:73,6,0,0
BRDA:73,6,1,0
BRDA:77,7,0,0
BRDA:77,7,1,0
BRDA:81,8,0,0
BRDA:81,8,1,0
BRDA:81,9,0,0
BRDA:81,9,1,0
BRDA:83,10,0,0
BRDA:83,10,1,0
BRDA:83,11,0,0
BRDA:83,11,1,0
BRDA:87,12,0,0
BRDA:87,12,1,0
BRDA:98,13,0,0
BRDA:98,13,1,0
BRDA:103,14,0,0
BRDA:103,14,1,0
BRDA:108,15,0,0
BRDA:108,15,1,0
BRDA:116,16,0,0
BRDA:116,16,1,0
BRDA:123,17,0,0
BRDA:123,17,1,0
BRDA:134,18,0,0
BRDA:134,18,1,0
BRDA:144,19,0,0
BRDA:144,19,1,0
BRDA:147,20,0,0
[...]
FN:37,(anonymous_5)
FN:55,(anonymous_6)
FNF:5
FNH:0
FNDA:0,ExportButton
FNDA:0,(anonymous_3)
FNDA:0,(anonymous_4)
FNDA:0,(anonymous_5)
FNDA:0,(anonymous_6)
DA:3,0
DA:4,0
DA:5,0
DA:11,0
DA:12,0
DA:14,0
DA:15,0
DA:16,0
DA:17,0
DA:29,0
DA:30,0
DA:32,0
DA:33,0
DA:34,0
DA:35,0
DA:37,0
DA:38,0
DA:41,0
DA:42,0
DA:43,0
DA:44,0
DA:45,0
DA:46,0
DA:47,0
DA:49,0
DA:51,0
DA:55,0
DA:56,0
DA:57,0
DA:58,0
DA:60,0
LF:31
LH:0
BRDA:19,0,0,0
BRDA:19,0,1,0
BRDA:20,1,0,0
BRDA:20,1,1,0
BRDA:21,2,0,0
BRDA:21,2,1,0
BRDA:22,3,0,0
BRDA:22,3,1,0
BRDA:23,4,0,0
BRDA:23,4,1,0
BRDA:24,5,0,0
BRDA:24,5,1,0
BRDA:25,6,0,0
BRDA:25,6,1,0
BRDA:26,7,0,0
BRDA:26,7,1,0
BRDA:29,8,0,0
BRDA:29,8,1,0
BRDA:30,9,0,0
BRDA:30,9,1,0
BRDA:35,10,0,0
BRDA:35,10,1,0
BRDA:56,11,0,0
BRDA:56,11,1,0
BRDA:57,12,0,0
BRDA:57,12,1,0
BRDA:57,13,0,0
BRDA:57,13,1,0
BRDA:57,13,2,0
BRDA:65,14,0,0
BRDA:65,14,1,0
BRF:31
BRH:0
end_of_record
TN:
SF:components\seller\FacetedFilter.tsx
FN:30,FacetedFilter
FN:38,(anonymous_2)
FN:40,(anonymous_3)
FN:45,(anonymous_4)
FN:82,(anonymous_5)
FN:87,(anonymous_6)
FNF:6
FNH:2
FNDA:6,FacetedFilter
FNDA:0,(anonymous_2)
FNDA:0,(anonymous_3)
FNDA:0,(anonymous_4)
FNDA:12,(anonymous_5)
FNDA:0,(anonymous_6)
DA:3,1
DA:4,1
DA:5,1
DA:6,1
DA:15,1
DA:20,1
DA:21,1
DA:30,8
DA:36,6
DA:38,6
DA:39,0
DA:40,0
DA:42,0
DA:45,6
DA:46,0
DA:83,12
DA:84,12
DA:87,0
LF:18
LH:13
BRDA:39,0,0,0
BRDA:39,0,1,0
BRDA:60,1,0,6
BRDA:93,2,0,0
BRDA:93,2,1,12
BRDA:98,3,0,12
BRDA:101,4,0,12
BRDA:110,5,0,6
BRF:8
BRH:5
end_of_record
TN:
SF:components\seller\FiltersBar.tsx
FN:48,FiltersBar
FN:55,(anonymous_3)
FN:64,(anonymous_4)
FN:109,(anonymous_5)
FN:119,(anonymous_6)
FN:128,(anonymous_7)
FN:149,(anonymous_8)
FN:152,(anonymous_9)
FN:172,(anonymous_10)
FN:181,(anonymous_11)
FN:200,(anonymous_12)
FN:218,(anonymous_13)
FN:227,(anonymous_14)
FN:245,(anonymous_15)
FN:267,(anonymous_16)
FN:284,(anonymous_17)
FNF:16
FNH:0
FNDA:0,FiltersBar
FNDA:0,(anonymous_3)
FNDA:0,(anonymous_4)
FNDA:0,(anonymous_5)
FNDA:0,(anonymous_6)
FNDA:0,(anonymous_7)
FNDA:0,(anonymous_8)
FNDA:0,(anonymous_9)
FNDA:0,(anonymous_10)
FNDA:0,(anonymous_11)
FNDA:0,(anonymous_12)
FNDA:0,(anonymous_13)
FNDA:0,(anonymous_14)
FNDA:0,(anonymous_15)
FNDA:0,(anonymous_16)
FNDA:0,(anonymous_17)
DA:3,0
DA:4,0
DA:5,0
DA:6,0
DA:7,0
DA:26,0
DA:33,0
DA:42,0
DA:48,0
DA:49,0
DA:50,0
DA:51,0
DA:52,0
DA:55,0
DA:56,0
DA:57,0
DA:59,0
DA:64,0
DA:65,0
DA:67,0
DA:68,0
DA:69,0
DA:72,0
DA:73,0
DA:76,0
DA:78,0
DA:79,0
DA:81,0
DA:82,0
DA:83,0
DA:85,0
DA:86,0
DA:87,0
DA:89,0
DA:90,0
DA:91,0
DA:93,0
DA:94,0
DA:95,0
DA:97,0
DA:98,0
DA:101,0
DA:109,0
DA:110,0
DA:111,0
DA:119,0
DA:120,0
DA:121,0
DA:128,0
DA:129,0
DA:130,0
DA:131,0
DA:144,0
DA:145,0
DA:147,0
DA:148,0
DA:149,0
DA:150,0
DA:152,0
DA:153,0
DA:154,0
DA:157,0
DA:158,0
DA:159,0
DA:160,0
DA:161,0
DA:162,0
DA:163,0
DA:165,0
DA:166,0
DA:168,0
DA:172,0
DA:173,0
DA:174,0
DA:175,0
DA:177,0
DA:181,0
DA:182,0
DA:183,0
DA:184,0
DA:185,0
DA:201,0
DA:218,0
DA:227,0
DA:246,0
DA:268,0
DA:285,0
LF:87
LH:0
BRDA:56,0,0,0
BRDA:56,0,1,0
BRDA:57,1,0,0
BRDA:57,1,1,0
BRDA:67,2,0,0
BRDA:67,2,1,0
BRDA:76,3,0,0
BRDA:76,3,1,0
BRDA:76,3,2,0
BRDA:76,3,3,0
BRDA:76,3,4,0
BRDA:76,3,5,0
BRDA:110,4,0,0
BRDA:110,4,1,0
BRDA:120,5,0,0
BRDA:120,5,1,0
BRDA:133,6,0,0
BRDA:133,6,1,0
BRDA:134,7,0,0
BRDA:134,7,1,0
BRDA:135,8,0,0
BRDA:135,8,1,0
BRDA:136,9,0,0
BRDA:136,9,1,0
BRDA:137,10,0,0
BRDA:137,10,1,0
BRDA:138,11,0,0
BRDA:138,11,1,0
BRDA:139,12,0,0
BRDA:139,12,1,0
BRDA:140,13,0,0
BRDA:140,13,1,0
BRDA:144,14,0,0
BRDA:144,14,1,0
BRDA:145,15,0,0
BRDA:145,15,1,0
BRDA:150,16,0,0
BRDA:150,16,1,0
BRDA:153,17,0,0
BRDA:153,17,1,0
BRDA:153,18,0,0
BRDA:153,18,1,0
BRDA:173,19,0,0
BRDA:173,19,1,0
BRDA:174,20,0,0
BRDA:174,20,1,0
BRDA:174,21,0,0
BRDA:174,21,1,0
BRDA:174,21,2,0
BRDA:184,22,0,0
BRDA:184,22,1,0
BRDA:210,23,0,0
BRDA:217,24,0,0
BRDA:217,24,1,0
BRDA:218,25,0,0
BRDA:218,25,1,0
BRDA:226,26,0,0
BRDA:226,26,1,0
BRDA:227,27,0,0
BRDA:227,27,1,0
BRDA:237,28,0,0
BRDA:237,28,1,0
BRDA:258,29,0,0
BRDA:258,29,1,0
BRDA:302,30,0,0
BRDA:302,30,1,0
BRF:66
BRH:0
end_of_record
TN:
SF:components\seller\FreshnessChip.tsx
FN:28,FreshnessChip
FN:32,(anonymous_3)
FN:37,(anonymous_4)
FN:41,(anonymous_5)
FN:44,(anonymous_6)
FN:45,(anonymous_7)
FN:67,(anonymous_8)
FNF:7
FNH:0
FNDA:0,FreshnessChip
FNDA:0,(anonymous_3)
FNDA:0,(anonymous_4)
FNDA:0,(anonymous_5)
FNDA:0,(anonymous_6)
FNDA:0,(anonymous_7)
FNDA:0,(anonymous_8)
DA:3,0
DA:4,0
DA:5,0
DA:6,0
DA:16,0
DA:22,0
DA:28,0
DA:29,0
DA:30,0
DA:32,0
DA:33,0
DA:34,0
DA:35,0
DA:38,0
DA:39,0
DA:42,0
DA:44,0
DA:45,0
DA:46,0
DA:50,0
DA:51,0
DA:53,0
DA:54,0
DA:68,0
LF:24
LH:0
BRDA:38,0,0,0
BRDA:38,0,1,0
BRDA:44,1,0,0
BRDA:44,1,1,0
BRDA:50,2,0,0
BRDA:50,2,1,0
BRDA:50,3,0,0
BRDA:50,3,1,0
BRDA:51,4,0,0
BRDA:51,4,1,0
BRDA:53,5,0,0
BRDA:53,5,1,0
BRDA:54,6,0,0
BRDA:54,6,1,0
BRDA:58,7,0,0
BRDA:58,7,1,0
BRDA:59,8,0,0
BRDA:59,8,1,0
BRDA:60,9,0,0
BRDA:63,10,0,0
BRDA:68,11,0,0
BRDA:68,11,1,0
BRDA:68,12,0,0
BRDA:68,12,1,0
BRF:24
BRH:0
end_of_record
TN:
SF:components\seller\HorizontalBarChart.tsx
FN:23,HorizontalBarChart
FN:36,(anonymous_2)
FN:39,(anonymous_3)
FN:41,(anonymous_4)
FN:89,(anonymous_5)
FN:92,(anonymous_6)
FN:93,(anonymous_7)
FN:95,(anonymous_8)
FNF:8
FNH:2
FNDA:2,HorizontalBarChart
FNDA:0,(anonymous_2)
FNDA:0,(anonymous_3)
FNDA:0,(anonymous_4)
FNDA:0,(anonymous_5)
FNDA:0,(anonymous_6)
FNDA:0,(anonymous_7)
FNDA:2,(anonymous_8)
DA:3,1
DA:4,1
DA:5,1
DA:23,2
DA:32,2
DA:35,2
DA:36,0
DA:39,2
DA:40,0
DA:41,0
DA:42,0
DA:43,0
DA:57,0
DA:90,0
DA:92,0
DA:93,0
DA:96,2
LF:17
LH:8
BRDA:25,0,0,0
BRDA:26,1,0,0
BRDA:27,2,0,0
BRDA:40,3,0,0
BRDA:40,3,1,0
BRDA:40,4,0,0
BRDA:40,4,1,0
BRDA:40,4,2,0
BRDA:43,5,0,0
BRDA:43,5,1,0
BRDA:90,6,0,0
BRDA:90,6,1,0
BRDA:90,7,0,0
BRDA:90,7,1,0
BRDA:99,8,0,0
BRDA:99,8,1,2
BRDA:101,9,0,0
BRDA:101,9,1,2
BRDA:105,10,0,0
BRDA:105,10,1,2
BRDA:105,11,0,2
BRDA:105,11,1,0
BRF:22
BRH:4
end_of_record
TN:
SF:components\seller\InsightChips.tsx
FN:20,InsightChips
FN:23,(anonymous_2)
FN:40,(anonymous_3)
FN:62,(anonymous_4)
FNF:4
FNH:0
FNDA:0,InsightChips
FNDA:0,(anonymous_2)
FNDA:0,(anonymous_3)
FNDA:0,(anonymous_4)
DA:3,0
DA:4,0
DA:5,0
DA:20,0
DA:21,0
DA:23,0
DA:24,0
DA:36,0
DA:40,0
DA:41,0
DA:43,0
DA:45,0
DA:47,0
DA:49,0
DA:53,0
DA:63,0
LF:16
LH:0
BRDA:20,0,0,0
BRDA:24,1,0,0
BRDA:41,2,0,0
BRDA:41,2,1,0
BRDA:41,2,2,0
BRDA:41,2,3,0
BRDA:53,3,0,0
BRDA:53,3,1,0
BRDA:76,4,0,0
BRF:9
BRH:0
end_of_record
TN:
SF:components\seller\InsightFeed.tsx
FN:28,InsightFeed
FN:30,(anonymous_2)
FN:39,(anonymous_3)
FN:40,(anonymous_4)
FN:47,(anonymous_5)
FN:76,(anonymous_6)
FN:94,(anonymous_7)
FN:114,(anonymous_8)
FN:133,(anonymous_9)
FN:148,(anonymous_10)
FN:163,(anonymous_11)
FN:221,(anonymous_12)
FN:223,(anonymous_13)
FN:231,(anonymous_14)
FN:273,(anonymous_15)
FNF:15
FNH:0
FNDA:0,InsightFeed
FNDA:0,(anonymous_2)
FNDA:0,(anonymous_3)
FNDA:0,(anonymous_4)
FNDA:0,(anonymous_5)
FNDA:0,(anonymous_6)
FNDA:0,(anonymous_7)
FNDA:0,(anonymous_8)
FNDA:0,(anonymous_9)
FNDA:0,(anonymous_10)
FNDA:0,(anonymous_11)
FNDA:0,(anonymous_12)
FNDA:0,(anonymous_13)
FNDA:0,(anonymous_14)
FNDA:0,(anonymous_15)
DA:3,0
DA:4,0
DA:5,0
DA:6,0
DA:7,0
DA:28,0
DA:29,0
DA:30,0
DA:31,0
DA:32,0
DA:34,0
DA:39,0
DA:40,0
DA:41,0
DA:47,0
DA:48,0
DA:50,0
DA:56,0
DA:62,0
DA:68,0
DA:76,0
DA:77,0
DA:95,0
DA:115,0
DA:134,0
DA:149,0
DA:164,0
DA:222,0
DA:223,0
DA:224,0
DA:225,0
DA:227,0
DA:231,0
DA:274,0
LF:34
LH:0
BRDA:32,0,0,0
BRDA:32,0,1,0
BRDA:34,1,0,0
BRDA:34,1,1,0
BRDA:41,2,0,0
BRDA:41,2,1,0
BRDA:48,3,0,0
BRDA:48,3,1,0
BRDA:48,3,2,0
BRDA:48,3,3,0
BRDA:77,4,0,0
BRDA:77,4,1,0
BRDA:82,5,0,0
BRDA:90,6,0,0
BRDA:90,6,1,0
BRDA:110,7,0,0
BRDA:110,7,1,0
BRDA:129,8,0,0
BRDA:136,9,0,0
BRDA:136,9,1,0
BRDA:136,10,0,0
BRDA:136,10,1,0
BRDA:144,11,0,0
BRDA:151,12,0,0
BRDA:151,12,1,0
BRDA:151,13,0,0
BRDA:151,13,1,0
BRDA:159,14,0,0
BRDA:166,15,0,0
BRDA:166,15,1,0
BRDA:166,16,0,0
BRDA:166,16,1,0
BRDA:174,17,0,0
BRDA:174,17,1,0
BRDA:192,18,0,0
BRDA:192,18,1,0
BRDA:213,19,0,0
BRDA:218,20,0,0
BRDA:223,21,0,0
BRDA:223,21,1,0
BRDA:223,22,0,0
BRDA:223,22,1,0
BRDA:231,23,0,0
BRDA:231,23,1,0
BRDA:240,24,0,0
BRDA:247,25,0,0
BRDA:251,26,0,0
BRDA:259,27,0,0
BRDA:259,27,1,0
BRDA:262,28,0,0
BRDA:262,28,1,0
BRDA:269,29,0,0
BRDA:283,30,0,0
BRDA:283,30,1,0
BRDA:283,30,2,0
BRF:55
BRH:0
end_of_record
TN:
SF:components\seller\InsightsPanel.tsx
FN:24,InsightsPanel
FN:29,(anonymous_2)
FN:43,(anonymous_3)
FN:76,(anonymous_4)
FN:82,(anonymous_5)
FNF:5
FNH:0
FNDA:0,InsightsPanel
FNDA:0,(anonymous_2)
FNDA:0,(anonymous_3)
FNDA:0,(anonymous_4)
FNDA:0,(anonymous_5)
DA:3,0
DA:4,0
DA:5,0
DA:6,0
DA:7,0
DA:24,0
DA:26,0
DA:27,0
DA:29,0
DA:30,0
DA:31,0
DA:40,0
DA:43,0
DA:44,0
DA:45,0
DA:46,0
DA:47,0
DA:49,0
DA:52,0
DA:53,0
DA:55,0
DA:77,0
DA:83,0
DA:84,0
DA:85,0
DA:86,0
LF:26
LH:0
BRDA:27,0,0,0
BRDA:27,0,1,0
BRDA:30,1,0,0
BRDA:30,1,1,0
BRDA:45,2,0,0
BRDA:45,2,1,0
BRDA:47,3,0,0
BRDA:47,3,1,0
BRDA:49,4,0,0
BRDA:49,4,1,0
BRDA:52,5,0,0
BRDA:52,5,1,0
BRDA:53,6,0,0
BRDA:53,6,1,0
BRDA:55,7,0,0
BRDA:55,7,1,0
BRDA:66,8,0,0
BRDA:68,9,0,0
BRDA:68,9,1,0
BRDA:75,10,0,0
BRDA:75,10,1,0
BRDA:75,11,0,0
BRDA:75,11,1,0
BRDA:79,12,0,0
BRDA:79,12,1,0
BRDA:80,13,0,0
BRDA:80,13,1,0
BRDA:83,14,0,0
BRDA:83,14,1,0
BRDA:84,15,0,0
BRDA:84,15,1,0
BRDA:98,16,0,0
BRDA:114,17,0,0
BRDA:118,18,0,0
BRDA:118,18,1,0
BRDA:120,19,0,0
BRDA:120,19,1,0
BRF:37
BRH:0
end_of_record
TN:
SF:components\seller\InventoryAgeSummary.tsx
FN:23,InventoryAgeSummary
FN:42,(anonymous_2)
FN:47,(anonymous_3)
FN:56,(anonymous_4)
FN:72,(anonymous_5)
FN:78,(anonymous_6)
FN:84,(anonymous_7)
FN:90,(anonymous_8)
FN:96,(anonymous_9)
FN:111,(anonymous_10)
FN:122,(anonymous_11)
FN:133,(anonymous_12)
FN:144,(anonymous_13)
FN:155,(anonymous_14)
FNF:14
FNH:0
FNDA:0,InventoryAgeSummary
FNDA:0,(anonymous_2)
FNDA:0,(anonymous_3)
FNDA:0,(anonymous_4)
FNDA:0,(anonymous_5)
FNDA:0,(anonymous_6)
FNDA:0,(anonymous_7)
FNDA:0,(anonymous_8)
FNDA:0,(anonymous_9)
FNDA:0,(anonymous_10)
FNDA:0,(anonymous_11)
FNDA:0,(anonymous_12)
FNDA:0,(anonymous_13)
FNDA:0,(anonymous_14)
DA:3,0
DA:4,0
DA:5,0
DA:6,0
DA:23,0
DA:24,0
DA:38,0
DA:40,0
DA:42,0
DA:43,0
DA:44,0
DA:47,0
DA:49,0
DA:50,0
DA:52,0
DA:56,0
DA:57,0
DA:72,0
DA:78,0
DA:84,0
DA:90,0
DA:96,0
DA:111,0
DA:122,0
DA:133,0
DA:144,0
DA:155,0
LF:27
LH:0
BRDA:24,0,0,0
BRDA:24,0,1,0
BRDA:38,1,0,0
BRDA:38,1,1,0
BRDA:40,2,0,0
BRDA:40,2,1,0
BRDA:40,3,0,0
BRDA:40,3,1,0
BRDA:40,4,0,0
BRDA:40,4,1,0
BRDA:40,5,0,0
BRDA:40,5,1,0
BRDA:40,6,0,0
BRDA:40,6,1,0
BRDA:43,7,0,0
BRDA:43,7,1,0
BRDA:49,8,0,0
BRDA:49,8,1,0
BRDA:49,9,0,0
BRDA:49,9,1,0
BRDA:57,10,0,0
BRDA:57,10,1,0
BRDA:110,11,0,0
BRDA:110,11,1,0
BRDA:121,12,0,0
BRDA:121,12,1,0
BRDA:132,13,0,0
BRDA:132,13,1,0
BRDA:143,14,0,0
BRDA:143,14,1,0
BRDA:154,15,0,0
BRDA:154,15,1,0
BRF:32
BRH:0
end_of_record
TN:
SF:components\seller\InventoryGeoAnalysis.tsx
FN:32,InventoryGeoAnalysis
FN:51,(anonymous_2)
FN:53,(anonymous_3)
FN:54,(anonymous_4)
FN:107,(anonymous_5)
FN:110,(anonymous_6)
FN:113,(anonymous_7)
FN:116,(anonymous_8)
FN:119,(anonymous_9)
FN:122,(anonymous_10)
FN:125,(anonymous_11)
FN:132,(anonymous_12)
FN:132,(anonymous_13)
FN:154,(anonymous_14)
FN:189,(anonymous_15)
FN:210,(anonymous_16)
FN:245,(anonymous_17)
FN:266,(anonymous_18)
FN:301,(anonymous_19)
FNF:19
FNH:0
FNDA:0,InventoryGeoAnalysis
FNDA:0,(anonymous_2)
FNDA:0,(anonymous_3)
FNDA:0,(anonymous_4)
FNDA:0,(anonymous_5)
FNDA:0,(anonymous_6)
FNDA:0,(anonymous_7)
FNDA:0,(anonymous_8)
FNDA:0,(anonymous_9)
FNDA:0,(anonymous_10)
FNDA:0,(anonymous_11)
FNDA:0,(anonymous_12)
FNDA:0,(anonymous_13)
FNDA:0,(anonymous_14)
FNDA:0,(anonymous_15)
FNDA:0,(anonymous_16)
FNDA:0,(anonymous_17)
FNDA:0,(anonymous_18)
FNDA:0,(anonymous_19)
DA:3,0
DA:4,0
DA:5,0
DA:6,0
DA:7,0
DA:8,0
DA:9,0
DA:32,0
DA:49,0
DA:51,0
DA:53,0
DA:54,0
DA:58,0
DA:74,0
DA:90,0
DA:107,0
DA:108,0
DA:109,0
DA:110,0
DA:113,0
DA:114,0
DA:115,0
DA:116,0
DA:119,0
DA:120,0
DA:121,0
DA:122,0
DA:125,0
DA:126,0
DA:129,0
DA:130,0
DA:132,0
DA:135,0
DA:136,0
DA:137,0
DA:138,0
DA:139,0
DA:140,0
DA:141,0
DA:142,0
DA:154,0
DA:190,0
DA:210,0
DA:246,0
DA:266,0
DA:302,0
LF:46
LH:0
BRDA:59,0,0,0
BRDA:59,0,1,0
BRDA:60,1,0,0
BRDA:60,1,1,0
BRDA:63,2,0,0
BRDA:63,2,1,0
BRDA:63,3,0,0
BRDA:63,3,1,0
BRDA:69,4,0,0
BRDA:69,4,1,0
BRDA:69,5,0,0
BRDA:69,5,1,0
BRDA:75,6,0,0
BRDA:75,6,1,0
BRDA:76,7,0,0
BRDA:76,7,1,0
BRDA:79,8,0,0
BRDA:79,8,1,0
BRDA:79,9,0,0
BRDA:79,9,1,0
BRDA:85,10,0,0
BRDA:85,10,1,0
BRDA:85,11,0,0
BRDA:85,11,1,0
BRDA:91,12,0,0
BRDA:91,12,1,0
BRDA:92,13,0,0
BRDA:92,13,1,0
BRDA:96,14,0,0
BRDA:96,14,1,0
BRDA:96,15,0,0
BRDA:96,15,1,0
BRDA:101,16,0,0
BRDA:101,16,1,0
BRDA:101,17,0,0
BRDA:101,17,1,0
BRDA:108,18,0,0
BRDA:108,18,1,0
BRDA:108,19,0,0
BRDA:108,19,1,0
BRDA:110,20,0,0
BRDA:110,20,1,0
BRDA:114,21,0,0
BRDA:114,21,1,0
BRDA:114,22,0,0
BRDA:114,22,1,0
BRDA:116,23,0,0
BRDA:116,23,1,0
BRDA:120,24,0,0
BRDA:120,24,1,0
BRDA:120,25,0,0
BRDA:120,25,1,0
BRDA:122,26,0,0
BRDA:122,26,1,0
BRDA:126,27,0,0
BRDA:126,27,1,0
BRDA:126,28,0,0
BRDA:126,28,1,0
BRDA:154,29,0,0
BRDA:154,29,1,0
BRDA:160,30,0,0
BRDA:159,31,0,0
BRDA:159,31,1,0
BRDA:192,32,0,0
BRDA:192,32,1,0
BRDA:210,33,0,0
BRDA:210,33,1,0
BRDA:216,34,0,0
BRDA:215,35,0,0
BRDA:215,35,1,0
BRDA:248,36,0,0
BRDA:248,36,1,0
BRDA:266,37,0,0
BRDA:266,37,1,0
BRDA:272,38,0,0
BRDA:271,39,0,0
BRDA:271,39,1,0
BRDA:304,40,0,0
BRDA:304,40,1,0
BRF:79
BRH:0
end_of_record
TN:
SF:components\seller\MiniColumnChart.tsx
FN:23,MiniColumnChart
FN:36,(anonymous_2)
FN:39,(anonymous_3)
FN:86,(anonymous_4)
FN:89,(anonymous_5)
FN:90,(anonymous_6)
FN:92,(anonymous_7)
FNF:7
FNH:2
FNDA:2,MiniColumnChart
FNDA:0,(anonymous_2)
FNDA:0,(anonymous_3)
FNDA:0,(anonymous_4)
FNDA:0,(anonymous_5)
FNDA:0,(anonymous_6)
FNDA:2,(anonymous_7)
DA:3,1
DA:4,1
DA:5,1
DA:23,2
DA:32,2
DA:35,2
DA:36,0
DA:39,2
DA:40,0
DA:41,0
DA:54,0
DA:87,0
DA:89,0
DA:90,0
DA:93,2
LF:15
LH:8
BRDA:25,0,0,0
BRDA:26,1,0,0
BRDA:27,2,0,2
BRDA:40,3,0,0
BRDA:40,3,1,0
BRDA:40,4,0,0
BRDA:40,4,1,0
BRDA:40,4,2,0
BRDA:41,5,0,0
BRDA:41,5,1,0
BRDA:87,6,0,0
BRDA:87,6,1,0
BRDA:87,7,0,0
BRDA:87,7,1,0
BRDA:96,8,0,0
BRDA:96,8,1,2
BRDA:98,9,0,0
BRDA:98,9,1,2
BRDA:102,10,0,0
BRDA:102,10,1,2
BRDA:102,11,0,2
BRDA:102,11,1,0
BRF:22
BRH:5
end_of_record
TN:
SF:components\seller\SparklineChart.tsx
FN:20,SparklineChart
FN:30,(anonymous_2)
FN:35,(anonymous_3)
FN:56,(anonymous_4)
FN:62,(anonymous_5)
FN:63,(anonymous_6)
FNF:6
FNH:0
FNDA:0,SparklineChart
FNDA:0,(anonymous_2)
FNDA:0,(anonymous_3)
FNDA:0,(anonymous_4)
FNDA:0,(anonymous_5)
FNDA:0,(anonymous_6)
DA:3,1
DA:4,1
DA:5,1
DA:20,0
DA:27,0
DA:30,0
DA:35,0
DA:36,0
DA:37,0
DA:38,0
DA:39,0
DA:52,0
DA:56,0
DA:62,0
DA:63,0
LF:15
LH:3
BRDA:21,0,0,0
BRDA:22,1,0,0
BRDA:23,2,0,0
BRDA:24,3,0,0
BRDA:25,4,0,0
BRDA:30,5,0,0
BRDA:30,5,1,0
BRDA:36,6,0,0
BRDA:36,6,1,0
BRDA:36,7,0,0
BRDA:36,7,1,0
BRDA:36,7,2,0
BRDA:38,8,0,0
BRDA:38,8,1,0
BRDA:44,9,0,0
BRDA:45,10,0,0
BRDA:45,10,1,0
BRDA:46,11,0,0
BRDA:46,11,1,0
BRDA:64,12,0,0
BRDA:64,12,1,0
BRDA:65,13,0,0
BRDA:65,13,1,0
BRDA:70,14,0,0
BRDA:75,15,0,0
BRDA:75,15,1,0
BRDA:77,16,0,0
BRDA:77,16,1,0
BRF:28
BRH:0
end_of_record
TN:
SF:components\ui\alert-dialog.tsx
FNF:0
FNH:0
DA:3,0
DA:4,0
DA:6,0
DA:7,0
DA:9,0
DA:11,0
DA:13,0
DA:28,0
DA:46,0
DA:60,0
DA:74,0
DA:86,0
DA:98,0
DA:111,0
DA:127,0
DA:130,0
DA:131,0
DA:132,0
DA:133,0
DA:134,0
DA:135,0
DA:136,0
DA:137,0
DA:138,0
DA:139,0
DA:140,0
LF:26
LH:0
BRF:0
BRH:0
end_of_record
TN:
SF:components\ui\alert.tsx
FNF:0
FNH:0
DA:1,0
DA:2,0
DA:4,0
DA:6,0
DA:33,0
DA:45,0
DA:57,0
DA:59,0
LF:8
LH:0
BRF:0
BRH:0
end_of_record
TN:
SF:components\ui\avatar.tsx
FNF:0
FNH:0
DA:3,0
DA:4,0
DA:6,0
DA:21,0
DA:33,0
DA:48,0
DA:50,0
LF:7
LH:0
BRF:0
BRH:0
end_of_record
TN:
SF:components\ui\badge.tsx
FN:30,Badge
FNF:1
FNH:0
FNDA:0,Badge
DA:1,1
DA:2,1
DA:4,1
DA:6,1
DA:36,0
LF:5
LH:4
BRF:0
BRH:0
end_of_record
TN:
SF:components\ui\button.tsx
FN:43,(anonymous_6)
FNF:1
FNH:1
FNDA:25,(anonymous_6)
DA:1,1
DA:2,1
DA:3,1
DA:5,1
DA:7,1
DA:42,1
DA:44,25
DA:54,1
DA:56,26
LF:9
LH:9
BRDA:43,0,0,25
BRDA:44,1,0,0
BRDA:44,1,1,25
BRF:3
BRH:2
end_of_record
TN:
SF:components\ui\card.tsx
FNF:0
FNH:0
DA:1,1
DA:3,1
DA:18,1
DA:30,1
DA:45,1
DA:57,1
DA:65,1
DA:77,1
DA:79,25
LF:9
LH:9
BRF:0
BRH:0
end_of_record
TN:
SF:components\ui\command.tsx
FN:26,(anonymous_14)
FN:127,(anonymous_21)
FNF:2
FNH:0
FNDA:0,(anonymous_14)
FNDA:0,(anonymous_21)
DA:3,1
DA:5,1
DA:6,1
DA:8,1
DA:9,1
DA:24,1
DA:26,1
DA:55,1
DA:68,1
DA:81,1
DA:97,1
DA:109,1
DA:125,1
DA:127,1
DA:141,1
DA:144,6
DA:145,0
DA:146,6
DA:147,6
DA:148,6
DA:149,6
DA:150,12
DA:151,0
DA:152,0
LF:24
LH:21
BRF:0
BRH:0
end_of_record
TN:
SF:components\ui\dialog.tsx
FNF:0
FNH:0
DA:3,1
DA:4,1
DA:5,1
DA:7,1
DA:9,1
DA:11,1
DA:13,1
DA:15,1
DA:30,1
DA:54,1
DA:68,1
DA:82,1
DA:97,1
DA:109,1
DA:112,18
DA:113,0
DA:114,0
DA:115,0
DA:116,0
DA:117,18
DA:118,18
DA:119,0
DA:120,18
DA:121,18
LF:24
LH:19
BRF:0
BRH:0
end_of_record
TN:
SF:components\ui\dropdown-menu.tsx
FN:171,(anonymous_27)
FNF:1
FNH:0
FNDA:0,(anonymous_27)
DA:3,0
DA:4,0
DA:5,0
DA:7,0
DA:9,0
DA:11,0
DA:13,0
DA:15,0
DA:17,0
DA:19,0
DA:40,0
DA:56,0
DA:75,0
DA:93,0
DA:116,0
DA:139,0
DA:157,0
DA:169,0
DA:171,0
DA:182,0
DA:185,0
DA:186,0
DA:187,0
DA:188,0
DA:189,0
DA:190,0
DA:191,0
DA:192,0
DA:193,0
DA:194,0
DA:195,0
DA:196,0
DA:197,0
DA:198,0
DA:199,0
LF:35
LH:0
BRDA:31,0,0,0
BRDA:31,0,1,0
BRDA:62,1,0,0
BRDA:87,2,0,0
BRDA:87,2,1,0
BRDA:151,3,0,0
BRDA:151,3,1,0
BRF:7
BRH:0
end_of_record
TN:
SF:components\ui\input.tsx
FN:6,(anonymous_4)
FNF:1
FNH:1
FNDA:6,(anonymous_4)
DA:1,1
DA:3,1
DA:5,1
DA:20,1
DA:22,8
LF:5
LH:5
BRF:0
BRH:0
end_of_record
TN:
SF:components\ui\label.tsx
FNF:0
FNH:0
DA:3,0
DA:4,0
DA:5,0
DA:7,0
DA:9,0
DA:24,0
DA:26,0
LF:7
LH:0
BRF:0
BRH:0
end_of_record
TN:
SF:components\ui\popover.tsx
FNF:0
FNH:0
DA:3,1
DA:4,1
DA:6,1
DA:8,1
DA:10,1
DA:29,1
DA:31,6
LF:7
LH:7
BRDA:15,0,0,0
BRDA:15,1,0,6
BRF:2
BRH:1
end_of_record
TN:
SF:components\ui\progress.tsx
FNF:0
FNH:0
DA:3,0
DA:4,0
DA:6,0
DA:26,0
DA:28,0
LF:5
LH:0
BRDA:22,0,0,0
BRDA:22,0,1,0
BRF:2
BRH:0
end_of_record
TN:
SF:components\ui\select.tsx
FNF:0
FNH:0
DA:3,0
DA:4,0
DA:5,0
DA:7,0
DA:9,0
DA:11,0
DA:13,0
DA:33,0
DA:50,0
DA:67,0
DA:100,0
DA:112,0
DA:135,0
DA:147,0
DA:150,0
DA:151,0
DA:152,0
DA:153,0
DA:154,0
DA:155,0
DA:156,0
DA:157,0
DA:158,0
DA:159,0
LF:24
LH:0
BRDA:73,0,0,0
BRDA:79,1,0,0
BRDA:79,1,1,0
BRDA:90,2,0,0
BRDA:90,2,1,0
BRF:5
BRH:0
end_of_record
TN:
SF:components\ui\separator.tsx
FNF:0
FNH:0
DA:3,0
DA:4,0
DA:6,0
DA:29,0
DA:31,0
LF:5
LH:0
BRDA:13,0,0,0
BRDA:13,1,0,0
BRDA:22,2,0,0
BRDA:22,2,1,0
BRF:4
BRH:0
end_of_record
TN:
SF:components\ui\sheet.tsx
FNF:0
FNH:0
DA:3,0
DA:4,0
DA:5,0
DA:6,0
DA:8,0
DA:10,0
DA:12,0
DA:14,0
DA:16,0
DA:31,0
DA:33,0
DA:75,0
DA:89,0
DA:103,0
DA:115,0
DA:127,0
DA:130,0
DA:131,0
DA:132,0
DA:133,0
DA:134,0
DA:135,0
DA:136,0
DA:137,0
DA:138,0
DA:139,0
LF:26
LH:0
BRDA:59,0,0,0
BRF:1
BRH:0
end_of_record
TN:
SF:components\ui\skeleton.tsx
FN:3,Skeleton
FNF:1
FNH:0
FNDA:0,Skeleton
DA:1,0
DA:15,0
LF:2
LH:0
BRF:0
BRH:0
end_of_record
TN:
SF:components\ui\switch.tsx
FNF:0
FNH:0
DA:3,0
DA:4,0
DA:6,0
DA:27,0
DA:29,0
LF:5
LH:0
BRF:0
BRH:0
end_of_record
TN:
SF:components\ui\table.tsx
FNF:0
FNH:0
DA:1,1
DA:3,1
DA:17,1
DA:25,1
DA:37,1
DA:52,1
DA:67,1
DA:82,1
DA:94,1
DA:106,1
DA:109,22
DA:110,22
DA:111,18
DA:112,0
DA:113,80
DA:114,22
DA:115,0
DA:116,0
LF:18
LH:15
BRF:0
BRH:0
end_of_record
TN:
SF:components\ui\tabs.tsx
FNF:0
FNH:0
DA:3,0
DA:4,0
DA:6,0
DA:8,0
DA:23,0
DA:38,0
DA:53,0
DA:55,0
LF:8
LH:0
BRF:0
BRH:0
end_of_record
TN:
SF:components\ui\textarea.tsx
FN:5,(anonymous_4)
FNF:1
FNH:0
FNDA:0,(anonymous_4)
DA:1,0
DA:5,0
DA:17,0
DA:19,0
LF:4
LH:0
BRDA:10,0,0,0
BRDA:10,0,1,0
BRF:2
BRH:0
end_of_record
TN:
SF:components\ui\toast.tsx
FN:47,(anonymous_12)
FNF:1
FNH:0
FNDA:0,(anonymous_12)
DA:3,0
DA:4,0
DA:5,0
DA:6,0
DA:8,0
DA:10,0
DA:25,0
DA:27,0
DA:43,0
DA:56,0
DA:71,0
DA:89,0
DA:101,0
DA:113,0
DA:122,0
DA:123,0
DA:124,0
DA:125,0
DA:126,0
DA:127,0
DA:128,0
LF:21
LH:0
BRF:0
BRH:0
end_of_record
TN:
SF:components\ui\toaster.tsx
FN:13,Toaster
FN:18,(anonymous_2)
FNF:2
FNH:0
FNDA:0,Toaster
FNDA:0,(anonymous_2)
DA:3,0
DA:11,0
DA:13,0
DA:14,0
DA:19,0
LF:5
LH:0
BRDA:22,0,0,0
BRDA:23,1,0,0
BRF:2
BRH:0
end_of_record
TN:
SF:components\ui\tooltip.tsx
FNF:0
FNH:0
DA:3,0
DA:4,0
DA:6,0
DA:8,0
DA:10,0
DA:12,0
DA:28,0
DA:30,0
LF:8
LH:0
BRDA:17,0,0,0
BRF:1
BRH:0
end_of_record
